Extract SeeingThroughFog dataset...
Directory changed to /home/kpatel2s/kpatel2s/link_scratch_dir/kpatel2s/datasets/STF/SeeingThroughFogCompressed
Extraction started...
./cam_stereo_left/cam_stereo_left.z01
./cam_stereo_left/cam_stereo_left.z02
./cam_stereo_left/cam_stereo_left.z03
./cam_stereo_left/cam_stereo_left.z04
./cam_stereo_left/cam_stereo_left.z05
./cam_stereo_left/cam_stereo_left.z06
./cam_stereo_left/cam_stereo_left.z07
./cam_stereo_left/cam_stereo_left.z08
./cam_stereo_left/cam_stereo_left.z09
./cam_stereo_left/cam_stereo_left.z10
./cam_stereo_left/cam_stereo_left.z11
./cam_stereo_left/cam_stereo_left.z12
./cam_stereo_left/cam_stereo_left.z13
./cam_stereo_left/cam_stereo_left.z14
./cam_stereo_left/cam_stereo_left.z15
./cam_stereo_left/cam_stereo_left.z16
./cam_stereo_left/cam_stereo_left.z17
./cam_stereo_left/cam_stereo_left.z18
./cam_stereo_left/cam_stereo_left.z19
./cam_stereo_left/cam_stereo_left.z20
./cam_stereo_left/cam_stereo_left.z21
./cam_stereo_left/cam_stereo_left.z22
./cam_stereo_left/cam_stereo_left.z23
./cam_stereo_left/cam_stereo_left.z24
./cam_stereo_left/cam_stereo_left.z25
./cam_stereo_left/cam_stereo_left.zip
./cam_stereo_left_lut/cam_stereo_left_lut.z01
./cam_stereo_left_lut/cam_stereo_left_lut.z02
./cam_stereo_left_lut/cam_stereo_left_lut.z03
./cam_stereo_left_lut/cam_stereo_left_lut.z04
./cam_stereo_left_lut/cam_stereo_left_lut.z05
./cam_stereo_left_lut/cam_stereo_left_lut.z06
./cam_stereo_left_lut/cam_stereo_left_lut.z07
./cam_stereo_left_lut/cam_stereo_left_lut.z08
./cam_stereo_left_lut/cam_stereo_left_lut.z09
./cam_stereo_left_lut/cam_stereo_left_lut.z10
./cam_stereo_left_lut/cam_stereo_left_lut.z11
./cam_stereo_left_lut/cam_stereo_left_lut.z12
./cam_stereo_left_lut/cam_stereo_left_lut.z13
./cam_stereo_left_lut/cam_stereo_left_lut.z14
./cam_stereo_left_lut/cam_stereo_left_lut.z15
./cam_stereo_left_lut/cam_stereo_left_lut.z16
./cam_stereo_left_lut/cam_stereo_left_lut.z17
./cam_stereo_left_lut/cam_stereo_left_lut.z18
./cam_stereo_left_lut/cam_stereo_left_lut.z19
./cam_stereo_left_lut/cam_stereo_left_lut.z20
./cam_stereo_left_lut/cam_stereo_left_lut.z21
./cam_stereo_left_lut/cam_stereo_left_lut.z22
./cam_stereo_left_lut/cam_stereo_left_lut.z23
./cam_stereo_left_lut/cam_stereo_left_lut.zip
./cam_stereo_left_raw_history_-1/cam_stereo_left_raw_history_-1.z01
./cam_stereo_left_raw_history_-1/cam_stereo_left_raw_history_-1.z02
./cam_stereo_left_raw_history_-1/cam_stereo_left_raw_history_-1.z03
./cam_stereo_left_raw_history_-1/cam_stereo_left_raw_history_-1.z04
./cam_stereo_left_raw_history_-1/cam_stereo_left_raw_history_-1.z05
./cam_stereo_left_raw_history_-1/cam_stereo_left_raw_history_-1.z06
./cam_stereo_left_raw_history_-1/cam_stereo_left_raw_history_-1.z07
./cam_stereo_left_raw_history_-1/cam_stereo_left_raw_history_-1.z08
./cam_stereo_left_raw_history_-1/cam_stereo_left_raw_history_-1.z09
./cam_stereo_left_raw_history_-1/cam_stereo_left_raw_history_-1.z10
./cam_stereo_left_raw_history_-1/cam_stereo_left_raw_history_-1.z11
./cam_stereo_left_raw_history_-1/cam_stereo_left_raw_history_-1.z12
./cam_stereo_left_raw_history_-1/cam_stereo_left_raw_history_-1.z13
./cam_stereo_left_raw_history_-1/cam_stereo_left_raw_history_-1.z14
./cam_stereo_left_raw_history_-1/cam_stereo_left_raw_history_-1.z15
./cam_stereo_left_raw_history_-1/cam_stereo_left_raw_history_-1.z16
./cam_stereo_left_raw_history_-1/cam_stereo_left_raw_history_-1.z17
./cam_stereo_left_raw_history_-1/cam_stereo_left_raw_history_-1.z18
./cam_stereo_left_raw_history_-1/cam_stereo_left_raw_history_-1.z19
./cam_stereo_left_raw_history_-1/cam_stereo_left_raw_history_-1.z20
./cam_stereo_left_raw_history_-1/cam_stereo_left_raw_history_-1.z21
./cam_stereo_left_raw_history_-1/cam_stereo_left_raw_history_-1.z22
./cam_stereo_left_raw_history_-1/cam_stereo_left_raw_history_-1.z23
./cam_stereo_left_raw_history_-1/cam_stereo_left_raw_history_-1.z24
./cam_stereo_left_raw_history_-1/cam_stereo_left_raw_history_-1.zip
./cam_stereo_left_raw_history_-2/cam_stereo_left_raw_history_-2.z01
./cam_stereo_left_raw_history_-2/cam_stereo_left_raw_history_-2.z02
./cam_stereo_left_raw_history_-2/cam_stereo_left_raw_history_-2.z03
./cam_stereo_left_raw_history_-2/cam_stereo_left_raw_history_-2.z04
./cam_stereo_left_raw_history_-2/cam_stereo_left_raw_history_-2.z05
./cam_stereo_left_raw_history_-2/cam_stereo_left_raw_history_-2.z06
./cam_stereo_left_raw_history_-2/cam_stereo_left_raw_history_-2.z07
./cam_stereo_left_raw_history_-2/cam_stereo_left_raw_history_-2.z08
./cam_stereo_left_raw_history_-2/cam_stereo_left_raw_history_-2.z09
./cam_stereo_left_raw_history_-2/cam_stereo_left_raw_history_-2.z10
./cam_stereo_left_raw_history_-2/cam_stereo_left_raw_history_-2.z11
./cam_stereo_left_raw_history_-2/cam_stereo_left_raw_history_-2.z12
./cam_stereo_left_raw_history_-2/cam_stereo_left_raw_history_-2.z13
./cam_stereo_left_raw_history_-2/cam_stereo_left_raw_history_-2.z14
./cam_stereo_left_raw_history_-2/cam_stereo_left_raw_history_-2.z15
./cam_stereo_left_raw_history_-2/cam_stereo_left_raw_history_-2.z16
./cam_stereo_left_raw_history_-2/cam_stereo_left_raw_history_-2.z17
./cam_stereo_left_raw_history_-2/cam_stereo_left_raw_history_-2.z18
./cam_stereo_left_raw_history_-2/cam_stereo_left_raw_history_-2.z19
./cam_stereo_left_raw_history_-2/cam_stereo_left_raw_history_-2.z20
./cam_stereo_left_raw_history_-2/cam_stereo_left_raw_history_-2.z21
./cam_stereo_left_raw_history_-2/cam_stereo_left_raw_history_-2.z22
./cam_stereo_left_raw_history_-2/cam_stereo_left_raw_history_-2.z23
./cam_stereo_left_raw_history_-2/cam_stereo_left_raw_history_-2.z24
./cam_stereo_left_raw_history_-2/cam_stereo_left_raw_history_-2.zip
./cam_stereo_left_raw_history_-3/cam_stereo_left_raw_history_-3.z01
./cam_stereo_left_raw_history_-3/cam_stereo_left_raw_history_-3.z02
./cam_stereo_left_raw_history_-3/cam_stereo_left_raw_history_-3.z03
./cam_stereo_left_raw_history_-3/cam_stereo_left_raw_history_-3.z04
./cam_stereo_left_raw_history_-3/cam_stereo_left_raw_history_-3.z05
./cam_stereo_left_raw_history_-3/cam_stereo_left_raw_history_-3.z06
./cam_stereo_left_raw_history_-3/cam_stereo_left_raw_history_-3.z07
./cam_stereo_left_raw_history_-3/cam_stereo_left_raw_history_-3.z08
./cam_stereo_left_raw_history_-3/cam_stereo_left_raw_history_-3.z09
./cam_stereo_left_raw_history_-3/cam_stereo_left_raw_history_-3.z10
./cam_stereo_left_raw_history_-3/cam_stereo_left_raw_history_-3.z11
./cam_stereo_left_raw_history_-3/cam_stereo_left_raw_history_-3.z12
./cam_stereo_left_raw_history_-3/cam_stereo_left_raw_history_-3.z13
./cam_stereo_left_raw_history_-3/cam_stereo_left_raw_history_-3.z14
./cam_stereo_left_raw_history_-3/cam_stereo_left_raw_history_-3.z15
./cam_stereo_left_raw_history_-3/cam_stereo_left_raw_history_-3.z16
./cam_stereo_left_raw_history_-3/cam_stereo_left_raw_history_-3.z17
./cam_stereo_left_raw_history_-3/cam_stereo_left_raw_history_-3.z18
./cam_stereo_left_raw_history_-3/cam_stereo_left_raw_history_-3.z19
./cam_stereo_left_raw_history_-3/cam_stereo_left_raw_history_-3.z20
./cam_stereo_left_raw_history_-3/cam_stereo_left_raw_history_-3.z21
./cam_stereo_left_raw_history_-3/cam_stereo_left_raw_history_-3.z22
./cam_stereo_left_raw_history_-3/cam_stereo_left_raw_history_-3.z23
./cam_stereo_left_raw_history_-3/cam_stereo_left_raw_history_-3.z24
./cam_stereo_left_raw_history_-3/cam_stereo_left_raw_history_-3.zip
./cam_stereo_left_raw_history_-4/cam_stereo_left_raw_history_-4.z01
./cam_stereo_left_raw_history_-4/cam_stereo_left_raw_history_-4.z02
./cam_stereo_left_raw_history_-4/cam_stereo_left_raw_history_-4.z03
./cam_stereo_left_raw_history_-4/cam_stereo_left_raw_history_-4.z04
./cam_stereo_left_raw_history_-4/cam_stereo_left_raw_history_-4.z05
./cam_stereo_left_raw_history_-4/cam_stereo_left_raw_history_-4.z06
./cam_stereo_left_raw_history_-4/cam_stereo_left_raw_history_-4.z07
./cam_stereo_left_raw_history_-4/cam_stereo_left_raw_history_-4.z08
./cam_stereo_left_raw_history_-4/cam_stereo_left_raw_history_-4.z09
./cam_stereo_left_raw_history_-4/cam_stereo_left_raw_history_-4.z10
./cam_stereo_left_raw_history_-4/cam_stereo_left_raw_history_-4.z11
./cam_stereo_left_raw_history_-4/cam_stereo_left_raw_history_-4.z12
./cam_stereo_left_raw_history_-4/cam_stereo_left_raw_history_-4.z13
./cam_stereo_left_raw_history_-4/cam_stereo_left_raw_history_-4.z14
./cam_stereo_left_raw_history_-4/cam_stereo_left_raw_history_-4.z15
./cam_stereo_left_raw_history_-4/cam_stereo_left_raw_history_-4.z16
./cam_stereo_left_raw_history_-4/cam_stereo_left_raw_history_-4.z17
./cam_stereo_left_raw_history_-4/cam_stereo_left_raw_history_-4.z18
./cam_stereo_left_raw_history_-4/cam_stereo_left_raw_history_-4.z19
./cam_stereo_left_raw_history_-4/cam_stereo_left_raw_history_-4.z20
./cam_stereo_left_raw_history_-4/cam_stereo_left_raw_history_-4.z21
./cam_stereo_left_raw_history_-4/cam_stereo_left_raw_history_-4.z22
./cam_stereo_left_raw_history_-4/cam_stereo_left_raw_history_-4.z23
./cam_stereo_left_raw_history_-4/cam_stereo_left_raw_history_-4.z24
./cam_stereo_left_raw_history_-4/cam_stereo_left_raw_history_-4.zip
./cam_stereo_left_raw_history_-5/cam_stereo_left_raw_history_-5.z01
./cam_stereo_left_raw_history_-5/cam_stereo_left_raw_history_-5.z02
./cam_stereo_left_raw_history_-5/cam_stereo_left_raw_history_-5.z03
./cam_stereo_left_raw_history_-5/cam_stereo_left_raw_history_-5.z04
./cam_stereo_left_raw_history_-5/cam_stereo_left_raw_history_-5.z05
./cam_stereo_left_raw_history_-5/cam_stereo_left_raw_history_-5.z06
./cam_stereo_left_raw_history_-5/cam_stereo_left_raw_history_-5.z07
./cam_stereo_left_raw_history_-5/cam_stereo_left_raw_history_-5.z08
./cam_stereo_left_raw_history_-5/cam_stereo_left_raw_history_-5.z09
./cam_stereo_left_raw_history_-5/cam_stereo_left_raw_history_-5.z10
./cam_stereo_left_raw_history_-5/cam_stereo_left_raw_history_-5.z11
./cam_stereo_left_raw_history_-5/cam_stereo_left_raw_history_-5.z12
./cam_stereo_left_raw_history_-5/cam_stereo_left_raw_history_-5.z13
./cam_stereo_left_raw_history_-5/cam_stereo_left_raw_history_-5.z14
./cam_stereo_left_raw_history_-5/cam_stereo_left_raw_history_-5.z15
./cam_stereo_left_raw_history_-5/cam_stereo_left_raw_history_-5.z16
./cam_stereo_left_raw_history_-5/cam_stereo_left_raw_history_-5.z17
./cam_stereo_left_raw_history_-5/cam_stereo_left_raw_history_-5.z18
./cam_stereo_left_raw_history_-5/cam_stereo_left_raw_history_-5.z19
./cam_stereo_left_raw_history_-5/cam_stereo_left_raw_history_-5.z20
./cam_stereo_left_raw_history_-5/cam_stereo_left_raw_history_-5.z21
./cam_stereo_left_raw_history_-5/cam_stereo_left_raw_history_-5.z22
./cam_stereo_left_raw_history_-5/cam_stereo_left_raw_history_-5.z23
./cam_stereo_left_raw_history_-5/cam_stereo_left_raw_history_-5.z24
./cam_stereo_left_raw_history_-5/cam_stereo_left_raw_history_-5.zip
./cam_stereo_left_raw_history_-6/cam_stereo_left_raw_history_-6.z01
./cam_stereo_left_raw_history_-6/cam_stereo_left_raw_history_-6.z02
./cam_stereo_left_raw_history_-6/cam_stereo_left_raw_history_-6.z03
./cam_stereo_left_raw_history_-6/cam_stereo_left_raw_history_-6.z04
./cam_stereo_left_raw_history_-6/cam_stereo_left_raw_history_-6.z05
./cam_stereo_left_raw_history_-6/cam_stereo_left_raw_history_-6.z06
./cam_stereo_left_raw_history_-6/cam_stereo_left_raw_history_-6.z07
./cam_stereo_left_raw_history_-6/cam_stereo_left_raw_history_-6.z08
./cam_stereo_left_raw_history_-6/cam_stereo_left_raw_history_-6.z09
./cam_stereo_left_raw_history_-6/cam_stereo_left_raw_history_-6.z10
./cam_stereo_left_raw_history_-6/cam_stereo_left_raw_history_-6.z11
./cam_stereo_left_raw_history_-6/cam_stereo_left_raw_history_-6.z12
./cam_stereo_left_raw_history_-6/cam_stereo_left_raw_history_-6.z13
./cam_stereo_left_raw_history_-6/cam_stereo_left_raw_history_-6.z14
./cam_stereo_left_raw_history_-6/cam_stereo_left_raw_history_-6.z15
./cam_stereo_left_raw_history_-6/cam_stereo_left_raw_history_-6.z16
./cam_stereo_left_raw_history_-6/cam_stereo_left_raw_history_-6.z17
./cam_stereo_left_raw_history_-6/cam_stereo_left_raw_history_-6.z18
./cam_stereo_left_raw_history_-6/cam_stereo_left_raw_history_-6.z19
./cam_stereo_left_raw_history_-6/cam_stereo_left_raw_history_-6.z20
./cam_stereo_left_raw_history_-6/cam_stereo_left_raw_history_-6.zip
./cam_stereo_left_raw_history_1/cam_stereo_left_raw_history_1.z01
./cam_stereo_left_raw_history_1/cam_stereo_left_raw_history_1.z02
./cam_stereo_left_raw_history_1/cam_stereo_left_raw_history_1.z03
./cam_stereo_left_raw_history_1/cam_stereo_left_raw_history_1.z04
./cam_stereo_left_raw_history_1/cam_stereo_left_raw_history_1.z05
./cam_stereo_left_raw_history_1/cam_stereo_left_raw_history_1.z06
./cam_stereo_left_raw_history_1/cam_stereo_left_raw_history_1.z07
./cam_stereo_left_raw_history_1/cam_stereo_left_raw_history_1.z08
./cam_stereo_left_raw_history_1/cam_stereo_left_raw_history_1.z09
./cam_stereo_left_raw_history_1/cam_stereo_left_raw_history_1.z10
./cam_stereo_left_raw_history_1/cam_stereo_left_raw_history_1.z11
./cam_stereo_left_raw_history_1/cam_stereo_left_raw_history_1.z12
./cam_stereo_left_raw_history_1/cam_stereo_left_raw_history_1.z13
./cam_stereo_left_raw_history_1/cam_stereo_left_raw_history_1.z14
./cam_stereo_left_raw_history_1/cam_stereo_left_raw_history_1.z15
./cam_stereo_left_raw_history_1/cam_stereo_left_raw_history_1.z16
./cam_stereo_left_raw_history_1/cam_stereo_left_raw_history_1.z17
./cam_stereo_left_raw_history_1/cam_stereo_left_raw_history_1.z18
./cam_stereo_left_raw_history_1/cam_stereo_left_raw_history_1.z19
./cam_stereo_left_raw_history_1/cam_stereo_left_raw_history_1.z20
./cam_stereo_left_raw_history_1/cam_stereo_left_raw_history_1.z21
./cam_stereo_left_raw_history_1/cam_stereo_left_raw_history_1.z22
./cam_stereo_left_raw_history_1/cam_stereo_left_raw_history_1.z23
./cam_stereo_left_raw_history_1/cam_stereo_left_raw_history_1.z24
./cam_stereo_left_raw_history_1/cam_stereo_left_raw_history_1.zip
./cam_stereo_left_raw_history_2/cam_stereo_left_raw_history_2.z01
./cam_stereo_left_raw_history_2/cam_stereo_left_raw_history_2.z02
./cam_stereo_left_raw_history_2/cam_stereo_left_raw_history_2.z03
./cam_stereo_left_raw_history_2/cam_stereo_left_raw_history_2.z04
./cam_stereo_left_raw_history_2/cam_stereo_left_raw_history_2.z05
./cam_stereo_left_raw_history_2/cam_stereo_left_raw_history_2.z06
./cam_stereo_left_raw_history_2/cam_stereo_left_raw_history_2.z07
./cam_stereo_left_raw_history_2/cam_stereo_left_raw_history_2.z08
./cam_stereo_left_raw_history_2/cam_stereo_left_raw_history_2.z09
./cam_stereo_left_raw_history_2/cam_stereo_left_raw_history_2.z10
./cam_stereo_left_raw_history_2/cam_stereo_left_raw_history_2.z11
./cam_stereo_left_raw_history_2/cam_stereo_left_raw_history_2.z12
./cam_stereo_left_raw_history_2/cam_stereo_left_raw_history_2.z13
./cam_stereo_left_raw_history_2/cam_stereo_left_raw_history_2.z14
./cam_stereo_left_raw_history_2/cam_stereo_left_raw_history_2.z15
./cam_stereo_left_raw_history_2/cam_stereo_left_raw_history_2.z16
./cam_stereo_left_raw_history_2/cam_stereo_left_raw_history_2.z17
./cam_stereo_left_raw_history_2/cam_stereo_left_raw_history_2.z18
./cam_stereo_left_raw_history_2/cam_stereo_left_raw_history_2.z19
./cam_stereo_left_raw_history_2/cam_stereo_left_raw_history_2.z20
./cam_stereo_left_raw_history_2/cam_stereo_left_raw_history_2.z21
./cam_stereo_left_raw_history_2/cam_stereo_left_raw_history_2.z22
./cam_stereo_left_raw_history_2/cam_stereo_left_raw_history_2.z23
./cam_stereo_left_raw_history_2/cam_stereo_left_raw_history_2.z24
./cam_stereo_left_raw_history_2/cam_stereo_left_raw_history_2.zip
./cam_stereo_left_raw_history_3/cam_stereo_left_raw_history_3.z01
./cam_stereo_left_raw_history_3/cam_stereo_left_raw_history_3.z02
./cam_stereo_left_raw_history_3/cam_stereo_left_raw_history_3.z03
./cam_stereo_left_raw_history_3/cam_stereo_left_raw_history_3.z04
./cam_stereo_left_raw_history_3/cam_stereo_left_raw_history_3.z05
./cam_stereo_left_raw_history_3/cam_stereo_left_raw_history_3.z06
./cam_stereo_left_raw_history_3/cam_stereo_left_raw_history_3.z07
./cam_stereo_left_raw_history_3/cam_stereo_left_raw_history_3.z08
./cam_stereo_left_raw_history_3/cam_stereo_left_raw_history_3.z09
./cam_stereo_left_raw_history_3/cam_stereo_left_raw_history_3.z10
./cam_stereo_left_raw_history_3/cam_stereo_left_raw_history_3.z11
./cam_stereo_left_raw_history_3/cam_stereo_left_raw_history_3.z12
./cam_stereo_left_raw_history_3/cam_stereo_left_raw_history_3.z13
./cam_stereo_left_raw_history_3/cam_stereo_left_raw_history_3.z14
./cam_stereo_left_raw_history_3/cam_stereo_left_raw_history_3.z15
./cam_stereo_left_raw_history_3/cam_stereo_left_raw_history_3.z16
./cam_stereo_left_raw_history_3/cam_stereo_left_raw_history_3.z17
./cam_stereo_left_raw_history_3/cam_stereo_left_raw_history_3.z18
./cam_stereo_left_raw_history_3/cam_stereo_left_raw_history_3.z19
./cam_stereo_left_raw_history_3/cam_stereo_left_raw_history_3.z20
./cam_stereo_left_raw_history_3/cam_stereo_left_raw_history_3.z21
./cam_stereo_left_raw_history_3/cam_stereo_left_raw_history_3.z22
./cam_stereo_left_raw_history_3/cam_stereo_left_raw_history_3.z23
./cam_stereo_left_raw_history_3/cam_stereo_left_raw_history_3.z24
./cam_stereo_left_raw_history_3/cam_stereo_left_raw_history_3.zip
./cam_stereo_right/cam_stereo_right.z01
./cam_stereo_right/cam_stereo_right.z02
./cam_stereo_right/cam_stereo_right.z03
./cam_stereo_right/cam_stereo_right.z04
./cam_stereo_right/cam_stereo_right.z05
./cam_stereo_right/cam_stereo_right.z06
./cam_stereo_right/cam_stereo_right.z07
./cam_stereo_right/cam_stereo_right.z08
./cam_stereo_right/cam_stereo_right.z09
./cam_stereo_right/cam_stereo_right.z10
./cam_stereo_right/cam_stereo_right.z11
./cam_stereo_right/cam_stereo_right.z12
./cam_stereo_right/cam_stereo_right.z13
./cam_stereo_right/cam_stereo_right.z14
./cam_stereo_right/cam_stereo_right.z15
./cam_stereo_right/cam_stereo_right.z16
./cam_stereo_right/cam_stereo_right.z17
./cam_stereo_right/cam_stereo_right.z18
./cam_stereo_right/cam_stereo_right.z19
./cam_stereo_right/cam_stereo_right.z20
./cam_stereo_right/cam_stereo_right.z21
./cam_stereo_right/cam_stereo_right.z22
./cam_stereo_right/cam_stereo_right.z23
./cam_stereo_right/cam_stereo_right.z24
./cam_stereo_right/cam_stereo_right.z25
./cam_stereo_right/cam_stereo_right.zip
./cam_stereo_right_lut/cam_stereo_right_lut.z01
./cam_stereo_right_lut/cam_stereo_right_lut.z02
./cam_stereo_right_lut/cam_stereo_right_lut.z03
./cam_stereo_right_lut/cam_stereo_right_lut.z04
./cam_stereo_right_lut/cam_stereo_right_lut.z05
./cam_stereo_right_lut/cam_stereo_right_lut.z06
./cam_stereo_right_lut/cam_stereo_right_lut.z07
./cam_stereo_right_lut/cam_stereo_right_lut.z08
./cam_stereo_right_lut/cam_stereo_right_lut.z09
./cam_stereo_right_lut/cam_stereo_right_lut.z10
./cam_stereo_right_lut/cam_stereo_right_lut.z11
./cam_stereo_right_lut/cam_stereo_right_lut.z12
./cam_stereo_right_lut/cam_stereo_right_lut.z13
./cam_stereo_right_lut/cam_stereo_right_lut.z14
./cam_stereo_right_lut/cam_stereo_right_lut.z15
./cam_stereo_right_lut/cam_stereo_right_lut.z16
./cam_stereo_right_lut/cam_stereo_right_lut.z17
./cam_stereo_right_lut/cam_stereo_right_lut.z18
./cam_stereo_right_lut/cam_stereo_right_lut.z19
./cam_stereo_right_lut/cam_stereo_right_lut.z20
./cam_stereo_right_lut/cam_stereo_right_lut.z21
./cam_stereo_right_lut/cam_stereo_right_lut.z22
./cam_stereo_right_lut/cam_stereo_right_lut.z23
./cam_stereo_right_lut/cam_stereo_right_lut.zip
./cam_stereo_sgm/cam_stereo_sgm.z01
./cam_stereo_sgm/cam_stereo_sgm.z02
./cam_stereo_sgm/cam_stereo_sgm.zip
./filtered_relevant_can_data/filtered_relevant_can_data.zip
./fir_axis/fir_axis.z01
./fir_axis/fir_axis.zip
./gated0_raw/gated0_raw.z01
./gated0_raw/gated0_raw.z02
./gated0_raw/gated0_raw.z03
./gated0_raw/gated0_raw.z04
./gated0_raw/gated0_raw.z05
./gated0_raw/gated0_raw.z06
./gated0_raw/gated0_raw.z07
./gated0_raw/gated0_raw.zip
./gated0_rect/gated0_rect.z01
./gated0_rect/gated0_rect.z02
./gated0_rect/gated0_rect.z03
./gated0_rect/gated0_rect.z04
./gated0_rect/gated0_rect.z05
./gated0_rect/gated0_rect.zip
./gated0_rect8/gated0_rect8.z01
./gated0_rect8/gated0_rect8.z02
./gated0_rect8/gated0_rect8.zip
./gated1_raw/gated1_raw.z01
./gated1_raw/gated1_raw.z02
./gated1_raw/gated1_raw.z03
./gated1_raw/gated1_raw.z04
./gated1_raw/gated1_raw.z05
./gated1_raw/gated1_raw.z06
./gated1_raw/gated1_raw.z07
./gated1_raw/gated1_raw.zip
./gated1_rect/gated1_rect.z01
./gated1_rect/gated1_rect.z02
./gated1_rect/gated1_rect.z03
./gated1_rect/gated1_rect.z04
./gated1_rect/gated1_rect.z05
./gated1_rect/gated1_rect.zip
./gated1_rect8/gated1_rect8.z01
./gated1_rect8/gated1_rect8.z02
./gated1_rect8/gated1_rect8.zip
./gated2_raw/gated2_raw.z01
./gated2_raw/gated2_raw.z02
./gated2_raw/gated2_raw.z03
./gated2_raw/gated2_raw.z04
./gated2_raw/gated2_raw.z05
./gated2_raw/gated2_raw.z06
./gated2_raw/gated2_raw.zip
./gated2_rect/gated2_rect.z01
./gated2_rect/gated2_rect.z02
./gated2_rect/gated2_rect.z03
./gated2_rect/gated2_rect.z04
./gated2_rect/gated2_rect.z05
./gated2_rect/gated2_rect.zip
./gated2_rect8/gated2_rect8.z01
./gated2_rect8/gated2_rect8.z02
./gated2_rect8/gated2_rect8.zip
./gated_full_acc_rect/gated_full_acc_rect.z01
./gated_full_acc_rect/gated_full_acc_rect.z02
./gated_full_acc_rect/gated_full_acc_rect.z03
./gated_full_acc_rect/gated_full_acc_rect.z04
./gated_full_acc_rect/gated_full_acc_rect.z05
./gated_full_acc_rect/gated_full_acc_rect.z06
./gated_full_acc_rect/gated_full_acc_rect.zip
./gated_full_acc_rect8/gated_full_acc_rect8.z01
./gated_full_acc_rect8/gated_full_acc_rect8.z02
./gated_full_acc_rect8/gated_full_acc_rect8.z03
./gated_full_acc_rect8/gated_full_acc_rect8.zip
./gated_full_rect/gated_full_rect.z01
./gated_full_rect/gated_full_rect.z02
./gated_full_rect/gated_full_rect.zip
./gated_full_rect8/gated_full_rect8.z01
./gated_full_rect8/gated_full_rect8.zip
./gt_labels/cam_left_labels_TMP.zip
./gt_labels/gated_labels_TMP.zip
./lidar_hdl64_last/lidar_hdl64_last.z01
./lidar_hdl64_last/lidar_hdl64_last.z02
./lidar_hdl64_last/lidar_hdl64_last.z03
./lidar_hdl64_last/lidar_hdl64_last.z04
./lidar_hdl64_last/lidar_hdl64_last.z05
./lidar_hdl64_last/lidar_hdl64_last.z06
./lidar_hdl64_last/lidar_hdl64_last.zip
./lidar_hdl64_last_gated/lidar_hdl64_last_gated.zip
./lidar_hdl64_last_stereo_left/lidar_hdl64_last_stereo_left.zip
./lidar_hdl64_strongest/lidar_hdl64_strongest.z01
./lidar_hdl64_strongest/lidar_hdl64_strongest.z02
./lidar_hdl64_strongest/lidar_hdl64_strongest.z03
./lidar_hdl64_strongest/lidar_hdl64_strongest.z04
./lidar_hdl64_strongest/lidar_hdl64_strongest.z05
./lidar_hdl64_strongest/lidar_hdl64_strongest.z06
./lidar_hdl64_strongest/lidar_hdl64_strongest.zip
./lidar_hdl64_strongest_gated/lidar_hdl64_strongest_gated.zip
./lidar_hdl64_strongest_stereo_left/lidar_hdl64_strongest_stereo_left.zip
./lidar_vlp32_last/lidar_vlp32_last.z01
./lidar_vlp32_last/lidar_vlp32_last.z02
./lidar_vlp32_last/lidar_vlp32_last.zip
./lidar_vlp32_strongest/lidar_vlp32_strongest.z01
./lidar_vlp32_strongest/lidar_vlp32_strongest.z02
./lidar_vlp32_strongest/lidar_vlp32_strongest.zip
./radar_targets/radar_targets.zip
./road_friction/road_friction.zip
./velodyne_planes/velodyne_planes.zip
./weather_station/weather_station.zip
Extract completed...
Total time taken: 10302 seconds
Total time taken: 171 minutes
Total time taken: 2 hours
