2023-10-09 02:19:50,365 fcos_core INFO: Using 1 GPUs
2023-10-09 02:19:50,366 fcos_core INFO: Namespace(config_file='configs/fcos_nuscenes/fcos_imprv_R_101_FPN_1x_ATTMIX_135_Circle_07.yaml', distributed=False, local_rank=0, norm_info_folder='/scratch/kpatel2s/datasets/nuScenes/v1.0-trainval/norm_info', opts=['DATALOADER.NUM_WORKERS', '8', 'OUTPUT_DIR', 'tmp/fcos_imprv_R_50_FPN_1x'], skip_test=False)
2023-10-09 02:19:50,366 fcos_core INFO: Collecting env info (might take some time)
2023-10-09 02:19:58,150 fcos_core INFO: 
PyTorch version: 1.12.0+cu116
Is debug build: False
CUDA used to build PyTorch: 11.6
ROCM used to build PyTorch: N/A

OS: Scientific Linux release 7.9 (Nitrogen) (x86_64)
GCC version: (GCC) 10.1.0
Clang version: 3.4.2 (tags/RELEASE_34/dot2-final)
CMake version: version 2.8.12.2
Libc version: glibc-2.17

Python version: 3.8.17 (default, Jul  5 2023, 21:04:15)  [GCC 11.2.0] (64-bit runtime)
Python platform: Linux-3.10.0-1160.99.1.el7.x86_64-x86_64-with-glibc2.17
Is CUDA available: True
CUDA runtime version: 11.6.124
GPU models and configuration: GPU 0: Tesla V100-PCIE-16GB
Nvidia driver version: 535.104.12
cuDNN version: Probably one of the following:
/usr/lib64/libcudnn.so.8.9.5
/usr/lib64/libcudnn_adv_infer.so.8.9.5
/usr/lib64/libcudnn_adv_train.so.8.9.5
/usr/lib64/libcudnn_cnn_infer.so.8.9.5
/usr/lib64/libcudnn_cnn_train.so.8.9.5
/usr/lib64/libcudnn_ops_infer.so.8.9.5
/usr/lib64/libcudnn_ops_train.so.8.9.5
HIP runtime version: N/A
MIOpen runtime version: N/A
Is XNNPACK available: True

Versions of relevant libraries:
[pip3] numpy==1.24.4
[pip3] torch==1.12.0+cu116
[pip3] torchaudio==0.12.0+cu116
[pip3] torchinfo==1.8.0
[pip3] torchvision==0.13.0+cu116
[conda] numpy                     1.24.4                   pypi_0    pypi
[conda] torch                     1.12.0+cu116             pypi_0    pypi
[conda] torchaudio                0.12.0+cu116             pypi_0    pypi
[conda] torchinfo                 1.8.0                    pypi_0    pypi
[conda] torchvision               0.13.0+cu116             pypi_0    pypi
        Pillow (10.0.0)
2023-10-09 02:19:58,151 fcos_core INFO: Loaded configuration file configs/fcos_nuscenes/fcos_imprv_R_101_FPN_1x_ATTMIX_135_Circle_07.yaml
2023-10-09 02:19:58,151 fcos_core INFO: 
MODEL:
  META_ARCHITECTURE: "GeneralizedRCNN"
  WEIGHT: "catalog://ImageNetPretrained/MSRA/R-101"
  RPN_ONLY: True
  FCOS_ON: True
  BACKBONE:
    CONV_BODY: "R-101-FPN-RETINANET"
    FUSION: "ATTMIX"
    FUSION_MIX_KERNEL_SIZES: (1, 3, 5)
    FUSION_MIX_PADDINGS: (0, 1, 2)
  RESNETS:
    BACKBONE_OUT_CHANNELS: 256
  RETINANET:
    USE_C5: False # FCOS uses P5 instead of C5
  FCOS:
    # normalizing the regression targets with FPN strides
    NORM_REG_TARGETS: True
    # positioning centerness on the regress branch.
    # Please refer to https://github.com/tianzhi0549/FCOS/issues/89#issuecomment-516877042
    CENTERNESS_ON_REG: True
    # using center sampling and GIoU.
    # Please refer to https://github.com/yqyao/FCOS_PLUS
    CENTER_SAMPLING_RADIUS: 1.5
    IOU_LOSS_TYPE: "giou"
    NUM_CLASSES: 2
DATASETS:
  TRAIN: ("nuscenes_train_cocostyle",)
  TEST: ("nuscenes_test_cocostyle",)
  RADAR_IMAGE_RADIUS: 7
INPUT:
  MIN_SIZE_TRAIN: (800,)
  MAX_SIZE_TRAIN: 1333
  MIN_SIZE_TEST: 800
  MAX_SIZE_TEST: 1333
DATALOADER:
  SIZE_DIVISIBILITY: 32
SOLVER:
  BASE_LR: 0.001
  WEIGHT_DECAY: 0.0001
  STEPS: (60000, 80000)
  MAX_ITER: 40000
  IMS_PER_BATCH: 8
  WARMUP_METHOD: "constant"


2023-10-09 02:19:58,153 fcos_core INFO: Running with config:
DATALOADER:
  ASPECT_RATIO_GROUPING: True
  NUM_WORKERS: 8
  SIZE_DIVISIBILITY: 32
DATASETS:
  RADAR_IMAGE_RADIUS: 7
  TEST: ('nuscenes_test_cocostyle',)
  TRAIN: ('nuscenes_train_cocostyle',)
INPUT:
  MAX_SIZE_TEST: 1333
  MAX_SIZE_TRAIN: 1333
  MIN_SIZE_RANGE_TRAIN: (-1, -1)
  MIN_SIZE_TEST: 800
  MIN_SIZE_TRAIN: (800,)
  PC_MEAN: [0.6641004818558248, 0.7482677938939397, 0.8173353487684408]
  PC_NUM_CHANNEL: 3
  PC_STD: [1.0, 1.0, 1.0]
  PIXEL_MEAN: [102.9801, 115.9465, 122.7717]
  PIXEL_STD: [1.0, 1.0, 1.0]
  TO_BGR255: True
MODEL:
  BACKBONE:
    CONV_BODY: R-101-FPN-RETINANET
    FREEZE_CONV_BODY_AT: 2
    FUSION: ATTMIX
    FUSION_MIX_KERNEL_SIZES: (1, 3, 5)
    FUSION_MIX_PADDINGS: (0, 1, 2)
    USE_GN: False
  CLS_AGNOSTIC_BBOX_REG: False
  DEVICE: cuda
  FBNET:
    ARCH: default
    ARCH_DEF: 
    BN_TYPE: bn
    DET_HEAD_BLOCKS: []
    DET_HEAD_LAST_SCALE: 1.0
    DET_HEAD_STRIDE: 0
    DW_CONV_SKIP_BN: True
    DW_CONV_SKIP_RELU: True
    KPTS_HEAD_BLOCKS: []
    KPTS_HEAD_LAST_SCALE: 0.0
    KPTS_HEAD_STRIDE: 0
    MASK_HEAD_BLOCKS: []
    MASK_HEAD_LAST_SCALE: 0.0
    MASK_HEAD_STRIDE: 0
    RPN_BN_TYPE: 
    RPN_HEAD_BLOCKS: 0
    SCALE_FACTOR: 1.0
    WIDTH_DIVISOR: 1
  FCOS:
    CENTERNESS_ON_REG: True
    CENTER_SAMPLING_RADIUS: 1.5
    FPN_STRIDES: [8, 16, 32, 64, 128]
    INFERENCE_TH: 0.05
    IOU_LOSS_TYPE: giou
    LOSS_ALPHA: 0.25
    LOSS_GAMMA: 2.0
    NMS_TH: 0.6
    NORM_REG_TARGETS: True
    NUM_CLASSES: 2
    NUM_CONVS: 4
    PRE_NMS_TOP_N: 1000
    PRIOR_PROB: 0.01
    USE_DCN_IN_TOWER: False
  FCOS_ON: True
  FPN:
    USE_GN: False
    USE_RELU: False
  GROUP_NORM:
    DIM_PER_GP: -1
    EPSILON: 1e-05
    NUM_GROUPS: 32
  KEYPOINT_ON: False
  MASK_ON: False
  META_ARCHITECTURE: GeneralizedRCNN
  RESNETS:
    BACKBONE_OUT_CHANNELS: 256
    DEFORMABLE_GROUPS: 1
    NUM_GROUPS: 1
    RES2_OUT_CHANNELS: 256
    RES5_DILATION: 1
    STAGE_WITH_DCN: (False, False, False, False)
    STEM_FUNC: StemWithFixedBatchNorm
    STEM_OUT_CHANNELS: 64
    STRIDE_IN_1X1: True
    TRANS_FUNC: BottleneckWithFixedBatchNorm
    WIDTH_PER_GROUP: 64
    WITH_MODULATED_DCN: False
  RETINANET:
    ANCHOR_SIZES: (32, 64, 128, 256, 512)
    ANCHOR_STRIDES: (8, 16, 32, 64, 128)
    ASPECT_RATIOS: (0.5, 1.0, 2.0)
    BBOX_REG_BETA: 0.11
    BBOX_REG_WEIGHT: 4.0
    BG_IOU_THRESHOLD: 0.4
    FG_IOU_THRESHOLD: 0.5
    INFERENCE_TH: 0.05
    LOSS_ALPHA: 0.25
    LOSS_GAMMA: 2.0
    NMS_TH: 0.4
    NUM_CLASSES: 81
    NUM_CONVS: 4
    OCTAVE: 2.0
    PRE_NMS_TOP_N: 1000
    PRIOR_PROB: 0.01
    SCALES_PER_OCTAVE: 3
    STRADDLE_THRESH: 0
    USE_C5: False
  RETINANET_ON: False
  ROI_BOX_HEAD:
    CONV_HEAD_DIM: 256
    DILATION: 1
    FEATURE_EXTRACTOR: ResNet50Conv5ROIFeatureExtractor
    MLP_HEAD_DIM: 1024
    NUM_CLASSES: 81
    NUM_STACKED_CONVS: 4
    POOLER_RESOLUTION: 14
    POOLER_SAMPLING_RATIO: 0
    POOLER_SCALES: (0.0625,)
    PREDICTOR: FastRCNNPredictor
    USE_GN: False
  ROI_HEADS:
    BATCH_SIZE_PER_IMAGE: 512
    BBOX_REG_WEIGHTS: (10.0, 10.0, 5.0, 5.0)
    BG_IOU_THRESHOLD: 0.5
    DETECTIONS_PER_IMG: 100
    FG_IOU_THRESHOLD: 0.5
    NMS: 0.5
    POSITIVE_FRACTION: 0.25
    SCORE_THRESH: 0.05
    USE_FPN: False
  ROI_KEYPOINT_HEAD:
    CONV_LAYERS: (512, 512, 512, 512, 512, 512, 512, 512)
    FEATURE_EXTRACTOR: KeypointRCNNFeatureExtractor
    MLP_HEAD_DIM: 1024
    NUM_CLASSES: 17
    POOLER_RESOLUTION: 14
    POOLER_SAMPLING_RATIO: 0
    POOLER_SCALES: (0.0625,)
    PREDICTOR: KeypointRCNNPredictor
    RESOLUTION: 14
    SHARE_BOX_FEATURE_EXTRACTOR: True
  ROI_MASK_HEAD:
    CONV_LAYERS: (256, 256, 256, 256)
    DILATION: 1
    FEATURE_EXTRACTOR: ResNet50Conv5ROIFeatureExtractor
    MLP_HEAD_DIM: 1024
    POOLER_RESOLUTION: 14
    POOLER_SAMPLING_RATIO: 0
    POOLER_SCALES: (0.0625,)
    POSTPROCESS_MASKS: False
    POSTPROCESS_MASKS_THRESHOLD: 0.5
    PREDICTOR: MaskRCNNC4Predictor
    RESOLUTION: 14
    SHARE_BOX_FEATURE_EXTRACTOR: True
    USE_GN: False
  RPN:
    ANCHOR_SIZES: (32, 64, 128, 256, 512)
    ANCHOR_STRIDE: (16,)
    ASPECT_RATIOS: (0.5, 1.0, 2.0)
    BATCH_SIZE_PER_IMAGE: 256
    BG_IOU_THRESHOLD: 0.3
    FG_IOU_THRESHOLD: 0.7
    FPN_POST_NMS_TOP_N_TEST: 2000
    FPN_POST_NMS_TOP_N_TRAIN: 2000
    MIN_SIZE: 0
    NMS_THRESH: 0.7
    POSITIVE_FRACTION: 0.5
    POST_NMS_TOP_N_TEST: 1000
    POST_NMS_TOP_N_TRAIN: 2000
    PRE_NMS_TOP_N_TEST: 6000
    PRE_NMS_TOP_N_TRAIN: 12000
    RPN_HEAD: SingleConvRPNHead
    STRADDLE_THRESH: 0
    USE_FPN: False
  RPN_ONLY: True
  USE_SYNCBN: False
  WEIGHT: catalog://ImageNetPretrained/MSRA/R-101
OUTPUT_DIR: tmp/fcos_imprv_R_50_FPN_1x
PATHS_CATALOG: /home/kpatel2s/kpatel2s/test_zone/saf_fcos_method/SAF-FCOS/fcos_core/config/paths_catalog.py
SOLVER:
  BASE_LR: 0.001
  BIAS_LR_FACTOR: 2
  CHECKPOINT_PERIOD: 2500
  DCONV_OFFSETS_LR_FACTOR: 1.0
  GAMMA: 0.1
  IMS_PER_BATCH: 8
  MAX_ITER: 40000
  MOMENTUM: 0.9
  STEPS: (60000, 80000)
  WARMUP_FACTOR: 0.3333333333333333
  WARMUP_ITERS: 500
  WARMUP_METHOD: constant
  WEIGHT_DECAY: 0.0001
  WEIGHT_DECAY_BIAS: 0
TEST:
  BBOX_AUG:
    ENABLED: False
    H_FLIP: False
    MAX_SIZE: 4000
    SCALES: ()
    SCALE_H_FLIP: False
  DETECTIONS_PER_IMG: 100
  EXPECTED_RESULTS: []
  EXPECTED_RESULTS_SIGMA_TOL: 4
  IMS_PER_BATCH: 8
=======================================================================================================================================
Layer (type (var_name))                                 Input Shape          Output Shape         Param #              Trainable
=======================================================================================================================================
GeneralizedRCNN (GeneralizedRCNN)                       [8, 3, 768, 1344]    --                   --                   Partial
├─Sequential (backbone)                                 [8, 3, 768, 1344]    [8, 256, 96, 168]    --                   Partial
│    └─ResNet (body)                                    [8, 3, 768, 1344]    [8, 256, 192, 336]   --                   Partial
│    │    └─StemWithFixedBatchNorm (stem)               [8, 3, 768, 1344]    [8, 64, 192, 336]    (9,408)              False
│    │    └─RAStemWithFixedBatchNorm (ra_stem)          [8, 3, 768, 1344]    [8, 64, 192, 336]    9,408                True
│    │    └─Sequential (ra_block)                       [8, 64, 192, 336]    [8, 256, 192, 336]   73,728               True
│    │    └─Sequential (layer1)                         [8, 64, 192, 336]    [8, 256, 192, 336]   (212,992)            False
│    │    └─FusionAttMix (fusion)                       [8, 256, 192, 336]   [8, 256, 192, 336]   8,963                True
│    │    └─Sequential (layer2)                         [8, 256, 192, 336]   [8, 512, 96, 168]    1,212,416            True
│    │    └─Sequential (layer3)                         [8, 512, 96, 168]    [8, 1024, 48, 84]    26,017,792           True
│    │    └─Sequential (layer4)                         [8, 1024, 48, 84]    [8, 2048, 24, 42]    14,942,208           True
│    └─FPN (fpn)                                        [8, 256, 192, 336]   [8, 256, 96, 168]    --                   True
│    │    └─Conv2d (fpn_inner4)                         [8, 2048, 24, 42]    [8, 256, 24, 42]     524,544              True
│    │    └─Conv2d (fpn_layer4)                         [8, 256, 24, 42]     [8, 256, 24, 42]     590,080              True
│    │    └─Conv2d (fpn_inner3)                         [8, 1024, 48, 84]    [8, 256, 48, 84]     262,400              True
│    │    └─Conv2d (fpn_layer3)                         [8, 256, 48, 84]     [8, 256, 48, 84]     590,080              True
│    │    └─Conv2d (fpn_inner2)                         [8, 512, 96, 168]    [8, 256, 96, 168]    131,328              True
│    │    └─Conv2d (fpn_layer2)                         [8, 256, 96, 168]    [8, 256, 96, 168]    590,080              True
│    │    └─LastLevelP6P7 (top_blocks)                  [8, 2048, 24, 42]    [8, 256, 12, 21]     1,180,160            True
├─FCOSModule (rpn)                                      [8, 3, 768, 1344]    --                   --                   True
│    └─FCOSHead (head)                                  [8, 256, 96, 168]    [8, 1, 96, 168]      --                   True
│    │    └─Sequential (cls_tower)                      [8, 256, 96, 168]    [8, 256, 96, 168]    2,362,368            True
│    │    └─Sequential (bbox_tower)                     [8, 256, 96, 168]    [8, 256, 96, 168]    2,362,368            True
│    │    └─Conv2d (cls_logits)                         [8, 256, 96, 168]    [8, 1, 96, 168]      2,305                True
│    │    └─Conv2d (centerness)                         [8, 256, 96, 168]    [8, 1, 96, 168]      2,305                True
│    │    └─Conv2d (bbox_pred)                          [8, 256, 96, 168]    [8, 4, 96, 168]      9,220                True
│    │    └─ModuleList (scales)                         --                   --                   (recursive)          True
│    │    └─Sequential (cls_tower)                      [8, 256, 48, 84]     [8, 256, 48, 84]     (recursive)          True
│    │    └─Sequential (bbox_tower)                     [8, 256, 48, 84]     [8, 256, 48, 84]     (recursive)          True
│    │    └─Conv2d (cls_logits)                         [8, 256, 48, 84]     [8, 1, 48, 84]       (recursive)          True
│    │    └─Conv2d (centerness)                         [8, 256, 48, 84]     [8, 1, 48, 84]       (recursive)          True
│    │    └─Conv2d (bbox_pred)                          [8, 256, 48, 84]     [8, 4, 48, 84]       (recursive)          True
│    │    └─ModuleList (scales)                         --                   --                   (recursive)          True
│    │    └─Sequential (cls_tower)                      [8, 256, 24, 42]     [8, 256, 24, 42]     (recursive)          True
│    │    └─Sequential (bbox_tower)                     [8, 256, 24, 42]     [8, 256, 24, 42]     (recursive)          True
│    │    └─Conv2d (cls_logits)                         [8, 256, 24, 42]     [8, 1, 24, 42]       (recursive)          True
│    │    └─Conv2d (centerness)                         [8, 256, 24, 42]     [8, 1, 24, 42]       (recursive)          True
│    │    └─Conv2d (bbox_pred)                          [8, 256, 24, 42]     [8, 4, 24, 42]       (recursive)          True
│    │    └─ModuleList (scales)                         --                   --                   (recursive)          True
│    │    └─Sequential (cls_tower)                      [8, 256, 12, 21]     [8, 256, 12, 21]     (recursive)          True
│    │    └─Sequential (bbox_tower)                     [8, 256, 12, 21]     [8, 256, 12, 21]     (recursive)          True
│    │    └─Conv2d (cls_logits)                         [8, 256, 12, 21]     [8, 1, 12, 21]       (recursive)          True
│    │    └─Conv2d (centerness)                         [8, 256, 12, 21]     [8, 1, 12, 21]       (recursive)          True
│    │    └─Conv2d (bbox_pred)                          [8, 256, 12, 21]     [8, 4, 12, 21]       (recursive)          True
│    │    └─ModuleList (scales)                         --                   --                   (recursive)          True
│    │    └─Sequential (cls_tower)                      [8, 256, 6, 11]      [8, 256, 6, 11]      (recursive)          True
│    │    └─Sequential (bbox_tower)                     [8, 256, 6, 11]      [8, 256, 6, 11]      (recursive)          True
│    │    └─Conv2d (cls_logits)                         [8, 256, 6, 11]      [8, 1, 6, 11]        (recursive)          True
│    │    └─Conv2d (centerness)                         [8, 256, 6, 11]      [8, 1, 6, 11]        (recursive)          True
│    │    └─Conv2d (bbox_pred)                          [8, 256, 6, 11]      [8, 4, 6, 11]        (recursive)          True
│    │    └─ModuleList (scales)                         --                   --                   (recursive)          True
│    └─FCOSPostProcessor (box_selector_test)            [16128, 2]           --                   --                   --
=======================================================================================================================================
Total params: 51,094,158
Trainable params: 50,871,758
Non-trainable params: 222,400
Total mult-adds (T): 2.25
=======================================================================================================================================
Input size (MB): 198.18
Forward/backward pass size (MB): 30733.65
Params size (MB): 204.38
Estimated Total Size (MB): 31136.21
=======================================================================================================================================
