[bash] Loading GCC and CUDA modules...
[bash] Directory changed to /home/kpatel2s/kpatel2s/sensor_fusion_rnd/KevinPatelRnD/hrfuser
[bash] Start training HRFuser TINY model on nuScenes dataset...
[bash] --------------------------------------------

loading annotations into memory...
loading annotations into memory...
loading annotations into memory...
loading annotations into memory...
loading annotations into memory...
loading annotations into memory...
loading annotations into memory...
loading annotations into memory...
loading annotations into memory...
loading annotations into memory...
loading annotations into memory...
loading annotations into memory...
loading annotations into memory...
loading annotations into memory...
loading annotations into memory...
loading annotations into memory...
loading annotations into memory...
loading annotations into memory...
loading annotations into memory...
loading annotations into memory...
loading annotations into memory...
loading annotations into memory...
loading annotations into memory...
loading annotations into memory...
loading annotations into memory...
loading annotations into memory...
loading annotations into memory...
loading annotations into memory...
loading annotations into memory...
loading annotations into memory...
loading annotations into memory...
loading annotations into memory...
loading annotations into memory...
loading annotations into memory...
loading annotations into memory...
loading annotations into memory...
loading annotations into memory...
loading annotations into memory...
loading annotations into memory...
loading annotations into memory...
loading annotations into memory...
loading annotations into memory...
loading annotations into memory...
loading annotations into memory...
loading annotations into memory...
loading annotations into memory...
loading annotations into memory...
loading annotations into memory...
loading annotations into memory...
loading annotations into memory...
loading annotations into memory...
loading annotations into memory...
loading annotations into memory...
loading annotations into memory...
loading annotations into memory...
loading annotations into memory...
loading annotations into memory...
loading annotations into memory...
loading annotations into memory...
loading annotations into memory...
loading annotations into memory...
loading annotations into memory...
loading annotations into memory...
loading annotations into memory...
loading annotations into memory...
loading annotations into memory...
loading annotations into memory...
loading annotations into memory...
loading annotations into memory...
loading annotations into memory...
loading annotations into memory...
loading annotations into memory...
loading annotations into memory...
loading annotations into memory...
loading annotations into memory...
loading annotations into memory...
loading annotations into memory...
loading annotations into memory...
loading annotations into memory...
loading annotations into memory...
loading annotations into memory...
loading annotations into memory...
loading annotations into memory...
loading annotations into memory...
loading annotations into memory...
loading annotations into memory...
loading annotations into memory...
loading annotations into memory...
loading annotations into memory...
loading annotations into memory...
loading annotations into memory...
loading annotations into memory...
loading annotations into memory...
loading annotations into memory...
loading annotations into memory...
loading annotations into memory...
loading annotations into memory...
loading annotations into memory...
loading annotations into memory...
loading annotations into memory...
loading annotations into memory...
loading annotations into memory...
loading annotations into memory...
loading annotations into memory...
loading annotations into memory...
loading annotations into memory...
loading annotations into memory...
loading annotations into memory...
loading annotations into memory...
loading annotations into memory...
loading annotations into memory...
loading annotations into memory...
loading annotations into memory...
loading annotations into memory...
loading annotations into memory...
loading annotations into memory...
loading annotations into memory...
loading annotations into memory...
loading annotations into memory...
loading annotations into memory...
loading annotations into memory...
loading annotations into memory...
loading annotations into memory...
loading annotations into memory...
loading annotations into memory...
loading annotations into memory...
loading annotations into memory...
loading annotations into memory...
Done (t=43.05s)
creating index...
Done (t=41.21s)
creating index...
Done (t=40.91s)
creating index...
Done (t=43.24s)
creating index...
Done (t=39.39s)
creating index...
Done (t=41.71s)
creating index...
Done (t=41.89s)
creating index...
Done (t=41.81s)
creating index...
Done (t=42.63s)
creating index...
Done (t=41.85s)
creating index...
Done (t=42.73s)
creating index...
Done (t=42.25s)
creating index...
Done (t=42.30s)
creating index...
index created!
index created!
index created!
Done (t=42.34s)
creating index...
Done (t=39.60s)
creating index...
Done (t=42.29s)
creating index...
Done (t=42.25s)
creating index...
index created!
Done (t=42.45s)
creating index...
Done (t=42.23s)
creating index...
Done (t=42.34s)
creating index...
Done (t=41.59s)
creating index...
Done (t=40.88s)
creating index...
Done (t=41.60s)
creating index...
index created!
index created!
index created!
index created!
index created!
index created!
index created!
index created!
index created!
Done (t=41.14s)
creating index...
index created!
index created!
index created!
index created!
index created!
index created!
index created!
Done (t=42.43s)
creating index...
Done (t=42.38s)
creating index...
Done (t=42.58s)
creating index...
Done (t=42.26s)
creating index...
Done (t=42.29s)
creating index...
Done (t=42.82s)
creating index...
Done (t=42.18s)
creating index...
index created!
Done (t=42.40s)
creating index...
index created!
Done (t=42.90s)
creating index...
Done (t=42.94s)
creating index...
index created!
Done (t=42.44s)
creating index...
Done (t=42.43s)
creating index...
index created!
Done (t=42.66s)
creating index...
Done (t=42.86s)
creating index...
Done (t=42.98s)
creating index...
Done (t=42.68s)
creating index...
Done (t=43.02s)
creating index...
Done (t=42.98s)
creating index...
index created!
Done (t=42.87s)
creating index...
index created!
Done (t=43.25s)
creating index...
Done (t=43.00s)
creating index...
Done (t=42.99s)
creating index...
index created!
Done (t=43.22s)
creating index...
Done (t=43.20s)
creating index...
Done (t=43.25s)
creating index...
index created!
Done (t=43.30s)
creating index...
Done (t=43.18s)
creating index...
Done (t=43.22s)
creating index...
index created!
Done (t=43.30s)
creating index...
index created!
Done (t=43.34s)
creating index...
Done (t=43.42s)
creating index...
index created!
Done (t=43.29s)
creating index...
index created!
Done (t=43.51s)
creating index...
Done (t=43.38s)
creating index...
Done (t=43.45s)
creating index...
index created!
index created!
Done (t=43.40s)
creating index...
Done (t=43.49s)
creating index...
Done (t=43.35s)
creating index...
Done (t=43.50s)
creating index...
index created!
Done (t=43.58s)
creating index...
index created!
index created!
index created!
index created!
index created!
index created!
index created!
index created!
index created!
index created!
index created!
index created!
index created!
index created!
index created!
index created!
index created!
index created!
index created!
index created!
index created!
index created!
index created!
index created!
index created!
index created!
index created!
index created!
index created!
Done (t=42.35s)
creating index...
Done (t=48.12s)
creating index...
Done (t=48.23s)
creating index...
Done (t=43.19s)
creating index...
index created!
index created!
index created!
index created!
Done (t=47.11s)
creating index...
Done (t=48.23s)
creating index...
Done (t=49.11s)
creating index...
Done (t=47.94s)
creating index...
Done (t=49.47s)
creating index...
Done (t=48.15s)
creating index...
Done (t=52.27s)
creating index...
index created!
Done (t=48.51s)
creating index...
Done (t=48.52s)
creating index...
Done (t=48.55s)
creating index...
Done (t=48.75s)
creating index...
Done (t=48.55s)
creating index...
Done (t=48.69s)
creating index...
Done (t=48.68s)
creating index...
Done (t=49.57s)
creating index...
Done (t=49.08s)
creating index...
Done (t=48.84s)
creating index...
Done (t=49.19s)
creating index...
Done (t=48.85s)
creating index...
Done (t=48.82s)
creating index...
Done (t=48.89s)
creating index...
Done (t=48.81s)
creating index...
Done (t=49.41s)
creating index...
Done (t=48.91s)
creating index...
Done (t=48.91s)
creating index...
Done (t=49.20s)
creating index...
Done (t=49.37s)
creating index...
Done (t=49.30s)
creating index...
Done (t=49.82s)
creating index...
index created!
index created!
Done (t=53.66s)
creating index...
index created!
index created!
index created!
index created!
index created!
index created!
index created!
index created!
index created!
index created!
index created!
index created!
index created!
index created!
index created!
index created!
index created!
index created!
index created!
index created!
index created!
index created!
index created!
index created!
index created!
index created!
index created!
Done (t=57.52s)
creating index...
Done (t=58.24s)
creating index...
Done (t=58.54s)
creating index...
Done (t=58.99s)
creating index...
Done (t=59.79s)
creating index...
index created!
Done (t=59.36s)
creating index...
Done (t=60.24s)
creating index...
Done (t=59.59s)
creating index...
Done (t=60.11s)
creating index...
Done (t=59.54s)
creating index...
Done (t=59.69s)
creating index...
Done (t=59.67s)
creating index...
Done (t=59.63s)
creating index...
Done (t=59.61s)
creating index...
Done (t=59.73s)
creating index...
index created!
Done (t=59.81s)
creating index...
Done (t=59.79s)
creating index...
Done (t=59.98s)
creating index...
Done (t=60.25s)
creating index...
Done (t=59.92s)
creating index...
Done (t=59.96s)
creating index...
Done (t=59.91s)
creating index...
Done (t=60.49s)
creating index...
Done (t=59.95s)
creating index...
Done (t=60.36s)
creating index...
Done (t=60.04s)
creating index...
Done (t=59.97s)
creating index...
Done (t=60.12s)
creating index...
Done (t=60.75s)
creating index...
Done (t=60.77s)
creating index...
index created!
index created!
index created!
index created!
index created!
index created!
index created!
index created!
index created!
index created!
index created!
index created!
index created!
index created!
index created!
index created!
index created!
index created!
index created!
index created!
index created!
index created!
index created!
index created!
index created!
index created!
index created!
index created!
[bash] Training completed...
[bash] --------------------------------------------

[bash] Total time taken (HH:MM): 00:33
