Extract SeeingThroughFog dataset...
Extraction started...

7-Zip (z) 23.01 (x64) : Copyright (c) 1999-2023 Igor Pavlov : 2023-06-20
 64-bit locale=en_US.UTF-8 Threads:56 OPEN_MAX:4096, ASM

Scanning the drive for archives:
1 file, 1357969095 bytes (1296 MiB)

Extracting archive: /home/kpatel2s/kpatel2s/link_scratch_dir/kpatel2s/datasets/STF/SeeingThroughFogCompressed_extracted/gated2_raw.zip

7-Zip (z) 23.01 (x64) : Copyright (c) 1999-2023 Igor Pavlov : 2023-06-20
 64-bit locale=en_US.UTF-8 Threads:56 OPEN_MAX:4096, ASM

Scanning the drive for archives:
1 file, 935330677 bytes (893 MiB)

Extracting archive: /home/kpatel2s/kpatel2s/link_scratch_dir/kpatel2s/datasets/STF/SeeingThroughFogCompressed_extracted/gated2_rect.zip

7-Zip (z) 23.01 (x64) : Copyright (c) 1999-2023 Igor Pavlov : 2023-06-20
 64-bit locale=en_US.UTF-8 Threads:56 OPEN_MAX:4096, ASM

Scanning the drive for archives:
1 file, 1079921213 bytes (1030 MiB)

Extracting archive: /home/kpatel2s/kpatel2s/link_scratch_dir/kpatel2s/datasets/STF/SeeingThroughFogCompressed_extracted/gated0_rect8.zip

7-Zip (z) 23.01 (x64) : Copyright (c) 1999-2023 Igor Pavlov : 2023-06-20
 64-bit locale=en_US.UTF-8 Threads:56 OPEN_MAX:4096, ASM

Scanning the drive for archives:
1 file, 1177115855 bytes (1123 MiB)

Extracting archive: /home/kpatel2s/kpatel2s/link_scratch_dir/kpatel2s/datasets/STF/SeeingThroughFogCompressed_extracted/gated0_rect.zip

7-Zip (z) 23.01 (x64) : Copyright (c) 1999-2023 Igor Pavlov : 2023-06-20
 64-bit locale=en_US.UTF-8 Threads:56 OPEN_MAX:4096, ASM

Scanning the drive for archives:
1 file, 509943519 bytes (487 MiB)

Extracting archive: /home/kpatel2s/kpatel2s/link_scratch_dir/kpatel2s/datasets/STF/SeeingThroughFogCompressed_extracted/fir_axis.zip

7-Zip (z) 23.01 (x64) : Copyright (c) 1999-2023 Igor Pavlov : 2023-06-20
 64-bit locale=en_US.UTF-8 Threads:56 OPEN_MAX:4096, ASM

Scanning the drive for archives:
1 file, 1128122521 bytes (1076 MiB)

Extracting archive: /home/kpatel2s/kpatel2s/link_scratch_dir/kpatel2s/datasets/STF/SeeingThroughFogCompressed_extracted/cam_stereo_sgm.zip

7-Zip (z) 23.01 (x64) : Copyright (c) 1999-2023 Igor Pavlov : 2023-06-20
 64-bit locale=en_US.UTF-8 Threads:56 OPEN_MAX:4096, ASM

Scanning the drive for archives:
1 file, 180543531 bytes (173 MiB)

Extracting archive: /home/kpatel2s/kpatel2s/link_scratch_dir/kpatel2s/datasets/STF/SeeingThroughFogCompressed_extracted/cam_stereo_left_raw_history_-6.zip

7-Zip (z) 23.01 (x64) : Copyright (c) 1999-2023 Igor Pavlov : 2023-06-20
 64-bit locale=en_US.UTF-8 Threads:56 OPEN_MAX:4096, ASM

Scanning the drive for archives:
1 file, 1301239060 bytes (1241 MiB)

Extracting archive: /home/kpatel2s/kpatel2s/link_scratch_dir/kpatel2s/datasets/STF/SeeingThroughFogCompressed_extracted/gated1_rect8.zip

7-Zip (z) 23.01 (x64) : Copyright (c) 1999-2023 Igor Pavlov : 2023-06-20
 64-bit locale=en_US.UTF-8 Threads:56 OPEN_MAX:4096, ASM

Scanning the drive for archives:
1 file, 31487794 bytes (31 MiB)

Extracting archive: /home/kpatel2s/kpatel2s/link_scratch_dir/kpatel2s/datasets/STF/SeeingThroughFogCompressed_extracted/gated0_raw.zip

7-Zip (z) 23.01 (x64) : Copyright (c) 1999-2023 Igor Pavlov : 2023-06-20
 64-bit locale=en_US.UTF-8 Threads:56 OPEN_MAX:4096, ASM

Scanning the drive for archives:
1 file, 354222654 bytes (338 MiB)

Extracting archive: /home/kpatel2s/kpatel2s/link_scratch_dir/kpatel2s/datasets/STF/SeeingThroughFogCompressed_extracted/gated1_raw.zip

7-Zip (z) 23.01 (x64) : Copyright (c) 1999-2023 Igor Pavlov : 2023-06-20
 64-bit locale=en_US.UTF-8 Threads:56 OPEN_MAX:4096, ASM

Scanning the drive for archives:
1 file, 15534909 bytes (15 MiB)

Extracting archive: /home/kpatel2s/kpatel2s/link_scratch_dir/kpatel2s/datasets/STF/SeeingThroughFogCompressed_extracted/filtered_relevant_can_data.zip

7-Zip (z) 23.01 (x64) : Copyright (c) 1999-2023 Igor Pavlov : 2023-06-20
 64-bit locale=en_US.UTF-8 Threads:56 OPEN_MAX:4096, ASM

Scanning the drive for archives:
1 file, 1325339282 bytes (1264 MiB)

Extracting archive: /home/kpatel2s/kpatel2s/link_scratch_dir/kpatel2s/datasets/STF/SeeingThroughFogCompressed_extracted/cam_stereo_left_raw_history_1.zip

7-Zip (z) 23.01 (x64) : Copyright (c) 1999-2023 Igor Pavlov : 2023-06-20
 64-bit locale=en_US.UTF-8 Threads:56 OPEN_MAX:4096, ASM

Scanning the drive for archives:
1 file, 1316453754 bytes (1256 MiB)

Extracting archive: /home/kpatel2s/kpatel2s/link_scratch_dir/kpatel2s/datasets/STF/SeeingThroughFogCompressed_extracted/cam_stereo_left_raw_history_2.zip

7-Zip (z) 23.01 (x64) : Copyright (c) 1999-2023 Igor Pavlov : 2023-06-20
 64-bit locale=en_US.UTF-8 Threads:56 OPEN_MAX:4096, ASM

Scanning the drive for archives:
1 file, 1003947271 bytes (958 MiB)

Extracting archive: /home/kpatel2s/kpatel2s/link_scratch_dir/kpatel2s/datasets/STF/SeeingThroughFogCompressed_extracted/cam_stereo_right_lut.zip

7-Zip (z) 23.01 (x64) : Copyright (c) 1999-2023 Igor Pavlov : 2023-06-20
 64-bit locale=en_US.UTF-8 Threads:56 OPEN_MAX:4096, ASM

Scanning the drive for archives:
1 file, 1460897884 bytes (1394 MiB)

Extracting archive: /home/kpatel2s/kpatel2s/link_scratch_dir/kpatel2s/datasets/STF/SeeingThroughFogCompressed_extracted/gated1_rect.zip

7-Zip (z) 23.01 (x64) : Copyright (c) 1999-2023 Igor Pavlov : 2023-06-20
 64-bit locale=en_US.UTF-8 Threads:56 OPEN_MAX:4096, ASM

Scanning the drive for archives:
1 file, 1455977480 bytes (1389 MiB)

Extracting archive: /home/kpatel2s/kpatel2s/link_scratch_dir/kpatel2s/datasets/STF/SeeingThroughFogCompressed_extracted/cam_stereo_left_lut.zip

7-Zip (z) 23.01 (x64) : Copyright (c) 1999-2023 Igor Pavlov : 2023-06-20
 64-bit locale=en_US.UTF-8 Threads:56 OPEN_MAX:4096, ASM

Scanning the drive for archives:
1 file, 412594187 bytes (394 MiB)

Extracting archive: /home/kpatel2s/kpatel2s/link_scratch_dir/kpatel2s/datasets/STF/SeeingThroughFogCompressed_extracted/cam_stereo_left_raw_history_-5.zip

7-Zip (z) 23.01 (x64) : Copyright (c) 1999-2023 Igor Pavlov : 2023-06-20
 64-bit locale=en_US.UTF-8 Threads:56 OPEN_MAX:4096, ASM

Scanning the drive for archives:
1 file, 1316943713 bytes (1256 MiB)

Extracting archive: /home/kpatel2s/kpatel2s/link_scratch_dir/kpatel2s/datasets/STF/SeeingThroughFogCompressed_extracted/cam_stereo_left_raw_history_3.zip

7-Zip (z) 23.01 (x64) : Copyright (c) 1999-2023 Igor Pavlov : 2023-06-20
 64-bit locale=en_US.UTF-8 Threads:56 OPEN_MAX:4096, ASM

Scanning the drive for archives:
1 file, 1006863131 bytes (961 MiB)

Extracting archive: /home/kpatel2s/kpatel2s/link_scratch_dir/kpatel2s/datasets/STF/SeeingThroughFogCompressed_extracted/cam_stereo_left_raw_history_-2.zip

7-Zip (z) 23.01 (x64) : Copyright (c) 1999-2023 Igor Pavlov : 2023-06-20
 64-bit locale=en_US.UTF-8 Threads:56 OPEN_MAX:4096, ASM

Scanning the drive for archives:
1 file, 699230715 bytes (667 MiB)

Extracting archive: /home/kpatel2s/kpatel2s/link_scratch_dir/kpatel2s/datasets/STF/SeeingThroughFogCompressed_extracted/cam_stereo_right.zip

7-Zip (z) 23.01 (x64) : Copyright (c) 1999-2023 Igor Pavlov : 2023-06-20
 64-bit locale=en_US.UTF-8 Threads:56 OPEN_MAX:4096, ASM

Scanning the drive for archives:
1 file, 712491418 bytes (680 MiB)

Extracting archive: /home/kpatel2s/kpatel2s/link_scratch_dir/kpatel2s/datasets/STF/SeeingThroughFogCompressed_extracted/cam_stereo_left_raw_history_-4.zip

7-Zip (z) 23.01 (x64) : Copyright (c) 1999-2023 Igor Pavlov : 2023-06-20
 64-bit locale=en_US.UTF-8 Threads:56 OPEN_MAX:4096, ASM

Scanning the drive for archives:
1 file, 1109287005 bytes (1058 MiB)

Extracting archive: /home/kpatel2s/kpatel2s/link_scratch_dir/kpatel2s/datasets/STF/SeeingThroughFogCompressed_extracted/cam_stereo_left_raw_history_-1.zip

7-Zip (z) 23.01 (x64) : Copyright (c) 1999-2023 Igor Pavlov : 2023-06-20
 64-bit locale=en_US.UTF-8 Threads:56 OPEN_MAX:4096, ASM

Scanning the drive for archives:
1 file, 904370491 bytes (863 MiB)

Extracting archive: /home/kpatel2s/kpatel2s/link_scratch_dir/kpatel2s/datasets/STF/SeeingThroughFogCompressed_extracted/cam_stereo_left_raw_history_-3.zip

7-Zip (z) 23.01 (x64) : Copyright (c) 1999-2023 Igor Pavlov : 2023-06-20
 64-bit locale=en_US.UTF-8 Threads:56 OPEN_MAX:4096, ASM

Scanning the drive for archives:
1 file, 66986597 bytes (64 MiB)

Extracting archive: /home/kpatel2s/kpatel2s/link_scratch_dir/kpatel2s/datasets/STF/SeeingThroughFogCompressed_extracted/cam_stereo_left.zip
--
Path = /home/kpatel2s/kpatel2s/link_scratch_dir/kpatel2s/datasets/STF/SeeingThroughFogCompressed_extracted/fir_axis.zip
Type = zip
Physical Size = 509943519
Embedded Stub Size = 4
Total Physical Size = 2082807519
Multivolume = +
Volume Index = 1
Volumes = 2

Everything is Ok

Folders: 1
Files: 12974
Size:       2088443208
Compressed: 2082807519

7-Zip (z) 23.01 (x64) : Copyright (c) 1999-2023 Igor Pavlov : 2023-06-20
 64-bit locale=en_US.UTF-8 Threads:56 OPEN_MAX:4096, ASM

Scanning the drive for archives:
1 file, 899089015 bytes (858 MiB)

Extracting archive: /home/kpatel2s/kpatel2s/link_scratch_dir/kpatel2s/datasets/STF/SeeingThroughFogCompressed_extracted/gated2_rect8.zip
--
Path = /home/kpatel2s/kpatel2s/link_scratch_dir/kpatel2s/datasets/STF/SeeingThroughFogCompressed_extracted/gated1_rect8.zip
Type = zip
Physical Size = 1301239060
Embedded Stub Size = 4
64-bit = +
Characteristics = Zip64
Total Physical Size = 4446967060
Multivolume = +
Volume Index = 2
Volumes = 3

Everything is Ok

Folders: 1
Files: 12997
Size:       4507192146
Compressed: 4446967060

7-Zip (z) 23.01 (x64) : Copyright (c) 1999-2023 Igor Pavlov : 2023-06-20
 64-bit locale=en_US.UTF-8 Threads:56 OPEN_MAX:4096, ASM

Scanning the drive for archives:
1 file, 453328073 bytes (433 MiB)

Extracting archive: /home/kpatel2s/kpatel2s/link_scratch_dir/kpatel2s/datasets/STF/SeeingThroughFogCompressed_extracted/gated_full_acc_rect.zip
--
Path = /home/kpatel2s/kpatel2s/link_scratch_dir/kpatel2s/datasets/STF/SeeingThroughFogCompressed_extracted/gated0_rect8.zip
Type = zip
Physical Size = 1079921213
Embedded Stub Size = 4
Total Physical Size = 4225649213
Multivolume = +
Volume Index = 2
Volumes = 3

Everything is Ok

Folders: 1
Files: 12997
Size:       4292890924
Compressed: 4225649213

7-Zip (z) 23.01 (x64) : Copyright (c) 1999-2023 Igor Pavlov : 2023-06-20
 64-bit locale=en_US.UTF-8 Threads:56 OPEN_MAX:4096, ASM

Scanning the drive for archives:
1 file, 488140848 bytes (466 MiB)

Extracting archive: /home/kpatel2s/kpatel2s/link_scratch_dir/kpatel2s/datasets/STF/SeeingThroughFogCompressed_extracted/gated_full_acc_rect8.zip
--
Path = /home/kpatel2s/kpatel2s/link_scratch_dir/kpatel2s/datasets/STF/SeeingThroughFogCompressed_extracted/gated2_rect.zip
Type = zip
Physical Size = 935330677
Embedded Stub Size = 4
64-bit = +
Characteristics = Zip64
Total Physical Size = 8799650677
Multivolume = +
Volume Index = 5
Volumes = 6

Everything is Ok

Folders: 1
Files: 12997
Size:       9210841759
Compressed: 8799650677

7-Zip (z) 23.01 (x64) : Copyright (c) 1999-2023 Igor Pavlov : 2023-06-20
 64-bit locale=en_US.UTF-8 Threads:56 OPEN_MAX:4096, ASM

Scanning the drive for archives:
1 file, 216769904 bytes (207 MiB)

Extracting archive: /home/kpatel2s/kpatel2s/link_scratch_dir/kpatel2s/datasets/STF/SeeingThroughFogCompressed_extracted/gated_full_rect.zip
--
Path = /home/kpatel2s/kpatel2s/link_scratch_dir/kpatel2s/datasets/STF/SeeingThroughFogCompressed_extracted/gated2_raw.zip
Type = zip
Physical Size = 1357969095
Embedded Stub Size = 4
64-bit = +
Characteristics = Zip64
Total Physical Size = 10795153095
Multivolume = +
Volume Index = 6
Volumes = 7

Everything is Ok

Folders: 1
Files: 12997
Size:       10874131942
Compressed: 10795153095

7-Zip (z) 23.01 (x64) : Copyright (c) 1999-2023 Igor Pavlov : 2023-06-20
 64-bit locale=en_US.UTF-8 Threads:56 OPEN_MAX:4096, ASM

Scanning the drive for archives:
1 file, 3857374 bytes (3767 KiB)

Extracting archive: /home/kpatel2s/kpatel2s/link_scratch_dir/kpatel2s/datasets/STF/SeeingThroughFogCompressed_extracted/gated_full_rect8.zip
--
Path = /home/kpatel2s/kpatel2s/link_scratch_dir/kpatel2s/datasets/STF/SeeingThroughFogCompressed_extracted/gated1_rect.zip
Type = zip
Physical Size = 1460897884
Embedded Stub Size = 4
64-bit = +
Characteristics = Zip64
Total Physical Size = 9325217884
Multivolume = +
Volume Index = 5
Volumes = 6

Everything is Ok

Folders: 1
Files: 12997
Size:       9662986361
Compressed: 9325217884

7-Zip (z) 23.01 (x64) : Copyright (c) 1999-2023 Igor Pavlov : 2023-06-20
 64-bit locale=en_US.UTF-8 Threads:56 OPEN_MAX:4096, ASM

Scanning the drive for archives:
1 file, 9635042 bytes (9410 KiB)

Extracting archive: /home/kpatel2s/kpatel2s/link_scratch_dir/kpatel2s/datasets/STF/SeeingThroughFogCompressed_extracted/cam_left_labels_TMP.zip
--
Path = /home/kpatel2s/kpatel2s/link_scratch_dir/kpatel2s/datasets/STF/SeeingThroughFogCompressed_extracted/gated0_rect.zip
Type = zip
Physical Size = 1177115855
Embedded Stub Size = 4
64-bit = +
Characteristics = Zip64
Total Physical Size = 9041435855
Multivolume = +
Volume Index = 5
Volumes = 6

Everything is Ok

Folders: 1
Files: 12997
Size:       9409642291
Compressed: 9041435855

7-Zip (z) 23.01 (x64) : Copyright (c) 1999-2023 Igor Pavlov : 2023-06-20
 64-bit locale=en_US.UTF-8 Threads:56 OPEN_MAX:4096, ASM

Scanning the drive for archives:
1 file, 8920905 bytes (8712 KiB)

Extracting archive: /home/kpatel2s/kpatel2s/link_scratch_dir/kpatel2s/datasets/STF/SeeingThroughFogCompressed_extracted/gated_labels_TMP.zip
--
Path = /home/kpatel2s/kpatel2s/link_scratch_dir/kpatel2s/datasets/STF/SeeingThroughFogCompressed_extracted/gated0_raw.zip
Type = zip
Physical Size = 31487794
Embedded Stub Size = 4
64-bit = +
Characteristics = Zip64
Total Physical Size = 11041535794
Multivolume = +
Volume Index = 7
Volumes = 8

Everything is Ok

Folders: 1
Files: 12997
Size:       11131936158
Compressed: 11041535794

7-Zip (z) 23.01 (x64) : Copyright (c) 1999-2023 Igor Pavlov : 2023-06-20
 64-bit locale=en_US.UTF-8 Threads:56 OPEN_MAX:4096, ASM

Scanning the drive for archives:
1 file, 4305012 bytes (4205 KiB)

Extracting archive: /home/kpatel2s/kpatel2s/link_scratch_dir/kpatel2s/datasets/STF/SeeingThroughFogCompressed_extracted/lidar_hdl64_last.zip
--
Path = /home/kpatel2s/kpatel2s/link_scratch_dir/kpatel2s/datasets/STF/SeeingThroughFogCompressed_extracted/gated1_raw.zip
Type = zip
Physical Size = 354222654
Embedded Stub Size = 4
64-bit = +
Characteristics = Zip64
Total Physical Size = 11364270654
Multivolume = +
Volume Index = 7
Volumes = 8

Everything is Ok

Folders: 1
Files: 12997
Size:       11469661944
Compressed: 11364270654

7-Zip (z) 23.01 (x64) : Copyright (c) 1999-2023 Igor Pavlov : 2023-06-20
 64-bit locale=en_US.UTF-8 Threads:56 OPEN_MAX:4096, ASM

Scanning the drive for archives:
1 file, 239219466 bytes (229 MiB)

Extracting archive: /home/kpatel2s/kpatel2s/link_scratch_dir/kpatel2s/datasets/STF/SeeingThroughFogCompressed_extracted/lidar_hdl64_last_gated.zip
--
Path = /home/kpatel2s/kpatel2s/link_scratch_dir/kpatel2s/datasets/STF/SeeingThroughFogCompressed_extracted/cam_stereo_sgm.zip
Type = zip
Physical Size = 1128122521
Embedded Stub Size = 4
Total Physical Size = 4273850521
Multivolume = +
Volume Index = 2
Volumes = 3

Everything is Ok

Folders: 1
Files: 12997
Size:       20564841172
Compressed: 4273850521

7-Zip (z) 23.01 (x64) : Copyright (c) 1999-2023 Igor Pavlov : 2023-06-20
 64-bit locale=en_US.UTF-8 Threads:56 OPEN_MAX:4096, ASM

Scanning the drive for archives:
1 file, 390845774 bytes (373 MiB)

Extracting archive: /home/kpatel2s/kpatel2s/link_scratch_dir/kpatel2s/datasets/STF/SeeingThroughFogCompressed_extracted/lidar_hdl64_last_stereo_left.zip
--
Path = /home/kpatel2s/kpatel2s/link_scratch_dir/kpatel2s/datasets/STF/SeeingThroughFogCompressed_extracted/cam_stereo_left_raw_history_-6.zip
Type = zip
Physical Size = 180543531
Embedded Stub Size = 4
64-bit = +
Characteristics = Zip64
Total Physical Size = 31637823531
Multivolume = +
Volume Index = 20
Volumes = 21

Everything is Ok

Folders: 1
Files: 10427
Size:       32535626326
Compressed: 31637823531

7-Zip (z) 23.01 (x64) : Copyright (c) 1999-2023 Igor Pavlov : 2023-06-20
 64-bit locale=en_US.UTF-8 Threads:56 OPEN_MAX:4096, ASM

Scanning the drive for archives:
1 file, 7197662 bytes (7029 KiB)

Extracting archive: /home/kpatel2s/kpatel2s/link_scratch_dir/kpatel2s/datasets/STF/SeeingThroughFogCompressed_extracted/lidar_hdl64_strongest.zip
--
Path = /home/kpatel2s/kpatel2s/link_scratch_dir/kpatel2s/datasets/STF/SeeingThroughFogCompressed_extracted/gated_full_rect8.zip
Type = zip
Physical Size = 3857374
Embedded Stub Size = 4
Total Physical Size = 1576721374
Multivolume = +
Volume Index = 1
Volumes = 2

Everything is Ok

Folders: 1
Files: 4841
Size:       1599655739
Compressed: 1576721374

7-Zip (z) 23.01 (x64) : Copyright (c) 1999-2023 Igor Pavlov : 2023-06-20
 64-bit locale=en_US.UTF-8 Threads:56 OPEN_MAX:4096, ASM

Scanning the drive for archives:
1 file, 239731844 bytes (229 MiB)

Extracting archive: /home/kpatel2s/kpatel2s/link_scratch_dir/kpatel2s/datasets/STF/SeeingThroughFogCompressed_extracted/lidar_hdl64_strongest_gated.zip
--
Path = /home/kpatel2s/kpatel2s/link_scratch_dir/kpatel2s/datasets/STF/SeeingThroughFogCompressed_extracted/gated_full_rect.zip
Type = zip
Physical Size = 216769904
Embedded Stub Size = 4
Total Physical Size = 3362497904
Multivolume = +
Volume Index = 2
Volumes = 3

Everything is Ok

Folders: 1
Files: 4841
Size:       3499674889
Compressed: 3362497904

7-Zip (z) 23.01 (x64) : Copyright (c) 1999-2023 Igor Pavlov : 2023-06-20
 64-bit locale=en_US.UTF-8 Threads:56 OPEN_MAX:4096, ASM

Scanning the drive for archives:
1 file, 391433898 bytes (374 MiB)

Extracting archive: /home/kpatel2s/kpatel2s/link_scratch_dir/kpatel2s/datasets/STF/SeeingThroughFogCompressed_extracted/lidar_hdl64_strongest_stereo_left.zip
--
Path = /home/kpatel2s/kpatel2s/link_scratch_dir/kpatel2s/datasets/STF/SeeingThroughFogCompressed_extracted/cam_stereo_left_lut.zip
Type = zip
Physical Size = 1455977480
Embedded Stub Size = 4
64-bit = +
Characteristics = Zip64
Total Physical Size = 37631849480
Multivolume = +
Volume Index = 23
Volumes = 24

Everything is Ok

Folders: 1
Files: 12997
Size:       37718353931
Compressed: 37631849480

7-Zip (z) 23.01 (x64) : Copyright (c) 1999-2023 Igor Pavlov : 2023-06-20
 64-bit locale=en_US.UTF-8 Threads:56 OPEN_MAX:4096, ASM

Scanning the drive for archives:
1 file, 1461106266 bytes (1394 MiB)

Extracting archive: /home/kpatel2s/kpatel2s/link_scratch_dir/kpatel2s/datasets/STF/SeeingThroughFogCompressed_extracted/lidar_vlp32_last.zip
--
Path = /home/kpatel2s/kpatel2s/link_scratch_dir/kpatel2s/datasets/STF/SeeingThroughFogCompressed_extracted/cam_stereo_right_lut.zip
Type = zip
Physical Size = 1003947271
Embedded Stub Size = 4
64-bit = +
Characteristics = Zip64
Total Physical Size = 37179819271
Multivolume = +
Volume Index = 23
Volumes = 24

Everything is Ok

Folders: 1
Files: 12997
Size:       37263331339
Compressed: 37179819271

7-Zip (z) 23.01 (x64) : Copyright (c) 1999-2023 Igor Pavlov : 2023-06-20
 64-bit locale=en_US.UTF-8 Threads:56 OPEN_MAX:4096, ASM

Scanning the drive for archives:
1 file, 1076043255 bytes (1027 MiB)

Extracting archive: /home/kpatel2s/kpatel2s/link_scratch_dir/kpatel2s/datasets/STF/SeeingThroughFogCompressed_extracted/lidar_vlp32_strongest.zip
--
Path = /home/kpatel2s/kpatel2s/link_scratch_dir/kpatel2s/datasets/STF/SeeingThroughFogCompressed_extracted/gated2_rect8.zip
Type = zip
Physical Size = 899089015
Embedded Stub Size = 4
Total Physical Size = 4044817015
Multivolume = +
Volume Index = 2
Volumes = 3

Everything is Ok

Folders: 1
Files: 12997
Size:       4126099794
Compressed: 4044817015

7-Zip (z) 23.01 (x64) : Copyright (c) 1999-2023 Igor Pavlov : 2023-06-20
 64-bit locale=en_US.UTF-8 Threads:56 OPEN_MAX:4096, ASM

Scanning the drive for archives:
1 file, 34325918 bytes (33 MiB)

Extracting archive: /home/kpatel2s/kpatel2s/link_scratch_dir/kpatel2s/datasets/STF/SeeingThroughFogCompressed_extracted/radar_targets.zip
--
Path = /home/kpatel2s/kpatel2s/link_scratch_dir/kpatel2s/datasets/STF/SeeingThroughFogCompressed_extracted/cam_left_labels_TMP.zip
Type = zip
Physical Size = 9635042

Everything is Ok

Folders: 1
Files: 12997
Size:       22038292
Compressed: 9635042

7-Zip (z) 23.01 (x64) : Copyright (c) 1999-2023 Igor Pavlov : 2023-06-20
 64-bit locale=en_US.UTF-8 Threads:56 OPEN_MAX:4096, ASM

Scanning the drive for archives:
1 file, 2107938 bytes (2059 KiB)

Extracting archive: /home/kpatel2s/kpatel2s/link_scratch_dir/kpatel2s/datasets/STF/SeeingThroughFogCompressed_extracted/road_friction.zip
--
Path = /home/kpatel2s/kpatel2s/link_scratch_dir/kpatel2s/datasets/STF/SeeingThroughFogCompressed_extracted/gated_labels_TMP.zip
Type = zip
Physical Size = 8920905

Everything is Ok

Folders: 1
Files: 12997
Size:       19801241
Compressed: 8920905

7-Zip (z) 23.01 (x64) : Copyright (c) 1999-2023 Igor Pavlov : 2023-06-20
 64-bit locale=en_US.UTF-8 Threads:56 OPEN_MAX:4096, ASM

Scanning the drive for archives:
1 file, 3729857 bytes (3643 KiB)

Extracting archive: /home/kpatel2s/kpatel2s/link_scratch_dir/kpatel2s/datasets/STF/SeeingThroughFogCompressed_extracted/velodyne_planes.zip
--
Path = /home/kpatel2s/kpatel2s/link_scratch_dir/kpatel2s/datasets/STF/SeeingThroughFogCompressed_extracted/cam_stereo_left_raw_history_-4.zip
Type = zip
Physical Size = 712491418
Embedded Stub Size = 4
64-bit = +
Characteristics = Zip64
Total Physical Size = 38461227418
Multivolume = +
Volume Index = 24
Volumes = 25

Everything is Ok

Folders: 1
Files: 12704
Size:       39546629096
Compressed: 38461227418

7-Zip (z) 23.01 (x64) : Copyright (c) 1999-2023 Igor Pavlov : 2023-06-20
 64-bit locale=en_US.UTF-8 Threads:56 OPEN_MAX:4096, ASM

Scanning the drive for archives:
1 file, 6693612 bytes (6537 KiB)

Extracting archive: /home/kpatel2s/kpatel2s/link_scratch_dir/kpatel2s/datasets/STF/SeeingThroughFogCompressed_extracted/weather_station.zip
--
Path = /home/kpatel2s/kpatel2s/link_scratch_dir/kpatel2s/datasets/STF/SeeingThroughFogCompressed_extracted/cam_stereo_left_raw_history_-3.zip
Type = zip
Physical Size = 904370491
Embedded Stub Size = 4
64-bit = +
Characteristics = Zip64
Total Physical Size = 38653106491
Multivolume = +
Volume Index = 24
Volumes = 25

Everything is Ok

Folders: 1
Files: 12765
Size:       39744138428
Compressed: 38653106491
--
Path = /home/kpatel2s/kpatel2s/link_scratch_dir/kpatel2s/datasets/STF/SeeingThroughFogCompressed_extracted/filtered_relevant_can_data.zip
Type = zip
Physical Size = 15534909

Everything is Ok

Folders: 5
Files: 50936
Size:       1543451
Compressed: 15534909
--
Path = /home/kpatel2s/kpatel2s/link_scratch_dir/kpatel2s/datasets/STF/SeeingThroughFogCompressed_extracted/cam_stereo_left_raw_history_-1.zip
Type = zip
Physical Size = 1109287005
Embedded Stub Size = 4
64-bit = +
Characteristics = Zip64
Total Physical Size = 38858023005
Multivolume = +
Volume Index = 24
Volumes = 25

Everything is Ok

Folders: 1
Files: 12832
Size:       39954671828
Compressed: 38858023005
--
Path = /home/kpatel2s/kpatel2s/link_scratch_dir/kpatel2s/datasets/STF/SeeingThroughFogCompressed_extracted/lidar_hdl64_last_gated.zip
Type = zip
Physical Size = 239219466
Embedded Stub Size = 4

Everything is Ok

Folders: 1
Files: 12997
Size:       259816330
Compressed: 239219466
--
Path = /home/kpatel2s/kpatel2s/link_scratch_dir/kpatel2s/datasets/STF/SeeingThroughFogCompressed_extracted/cam_stereo_left.zip
Type = zip
Physical Size = 66986597
Embedded Stub Size = 4
64-bit = +
Characteristics = Zip64
Total Physical Size = 39388586597
Multivolume = +
Volume Index = 25
Volumes = 26

Everything is Ok

Folders: 1
Files: 12997
Size:       40503492822
Compressed: 39388586597
--
Path = /home/kpatel2s/kpatel2s/link_scratch_dir/kpatel2s/datasets/STF/SeeingThroughFogCompressed_extracted/cam_stereo_left_raw_history_-5.zip
Type = zip
Physical Size = 412594187
Embedded Stub Size = 4
64-bit = +
Characteristics = Zip64
Total Physical Size = 38161330187
Multivolume = +
Volume Index = 24
Volumes = 25

Everything is Ok

Folders: 1
Files: 12603
Size:       39238825034
Compressed: 38161330187
--
Path = /home/kpatel2s/kpatel2s/link_scratch_dir/kpatel2s/datasets/STF/SeeingThroughFogCompressed_extracted/road_friction.zip
Type = zip
Physical Size = 2107938
Embedded Stub Size = 4

Everything is Ok

Folders: 1
Files: 4330
Size:       2305256
Compressed: 2107938
--
Path = /home/kpatel2s/kpatel2s/link_scratch_dir/kpatel2s/datasets/STF/SeeingThroughFogCompressed_extracted/cam_stereo_left_raw_history_-2.zip
Type = zip
Physical Size = 1006863131
Embedded Stub Size = 4
64-bit = +
Characteristics = Zip64
Total Physical Size = 38755599131
Multivolume = +
Volume Index = 24
Volumes = 25

Everything is Ok

Folders: 1
Files: 12802
Size:       39848845422
Compressed: 38755599131
--
Path = /home/kpatel2s/kpatel2s/link_scratch_dir/kpatel2s/datasets/STF/SeeingThroughFogCompressed_extracted/cam_stereo_left_raw_history_2.zip
Type = zip
Physical Size = 1316453754
Embedded Stub Size = 4
64-bit = +
Characteristics = Zip64
Total Physical Size = 39065189754
Multivolume = +
Volume Index = 24
Volumes = 25

Everything is Ok

Folders: 1
Files: 12903
Size:       40167304770
Compressed: 39065189754
--
Path = /home/kpatel2s/kpatel2s/link_scratch_dir/kpatel2s/datasets/STF/SeeingThroughFogCompressed_extracted/cam_stereo_left_raw_history_3.zip
Type = zip
Physical Size = 1316943713
Embedded Stub Size = 4
64-bit = +
Characteristics = Zip64
Total Physical Size = 39065679713
Multivolume = +
Volume Index = 24
Volumes = 25

Everything is Ok

Folders: 1
Files: 12903
Size:       40168006636
Compressed: 39065679713
--
Path = /home/kpatel2s/kpatel2s/link_scratch_dir/kpatel2s/datasets/STF/SeeingThroughFogCompressed_extracted/cam_stereo_left_raw_history_1.zip
Type = zip
Physical Size = 1325339282
Embedded Stub Size = 4
64-bit = +
Characteristics = Zip64
Total Physical Size = 39074075282
Multivolume = +
Volume Index = 24
Volumes = 25

Everything is Ok

Folders: 1
Files: 12903
Size:       40177144202
Compressed: 39074075282
--
Path = /home/kpatel2s/kpatel2s/link_scratch_dir/kpatel2s/datasets/STF/SeeingThroughFogCompressed_extracted/lidar_hdl64_last_stereo_left.zip
Type = zip
Physical Size = 390845774
Embedded Stub Size = 4

Everything is Ok

Folders: 1
Files: 12997
Size:       444930252
Compressed: 390845774
--
Path = /home/kpatel2s/kpatel2s/link_scratch_dir/kpatel2s/datasets/STF/SeeingThroughFogCompressed_extracted/gated_full_acc_rect8.zip
Type = zip
Physical Size = 488140848
Embedded Stub Size = 4
64-bit = +
Characteristics = Zip64
Total Physical Size = 5206732848
Multivolume = +
Volume Index = 3
Volumes = 4

Everything is Ok

Folders: 1
Files: 12997
Size:       5213856250
Compressed: 5206732848
--
Path = /home/kpatel2s/kpatel2s/link_scratch_dir/kpatel2s/datasets/STF/SeeingThroughFogCompressed_extracted/cam_stereo_right.zip
Type = zip
Physical Size = 699230715
Embedded Stub Size = 4
64-bit = +
Characteristics = Zip64
Total Physical Size = 40020830715
Multivolume = +
Volume Index = 25
Volumes = 26

Everything is Ok

Folders: 1
Files: 12997
Size:       41134527960
Compressed: 40020830715
--
Path = /home/kpatel2s/kpatel2s/link_scratch_dir/kpatel2s/datasets/STF/SeeingThroughFogCompressed_extracted/lidar_hdl64_strongest_gated.zip
Type = zip
Physical Size = 239731844
Embedded Stub Size = 4

Everything is Ok

Folders: 1
Files: 12997
Size:       260212649
Compressed: 239731844
--
Path = /home/kpatel2s/kpatel2s/link_scratch_dir/kpatel2s/datasets/STF/SeeingThroughFogCompressed_extracted/velodyne_planes.zip
Type = zip
Physical Size = 3729857

Everything is Ok

Folders: 1
Files: 12997
Size:       1011850
Compressed: 3729857
--
Path = /home/kpatel2s/kpatel2s/link_scratch_dir/kpatel2s/datasets/STF/SeeingThroughFogCompressed_extracted/weather_station.zip
Type = zip
Physical Size = 6693612
Embedded Stub Size = 4

Everything is Ok

Folders: 1
Files: 10280
Size:       12039057
Compressed: 6693612
--
Path = /home/kpatel2s/kpatel2s/link_scratch_dir/kpatel2s/datasets/STF/SeeingThroughFogCompressed_extracted/radar_targets.zip
Type = zip
Physical Size = 34325918

Everything is Ok

Folders: 1
Files: 12997
Size:       91967846
Compressed: 34325918
--
Path = /home/kpatel2s/kpatel2s/link_scratch_dir/kpatel2s/datasets/STF/SeeingThroughFogCompressed_extracted/lidar_hdl64_strongest_stereo_left.zip
Type = zip
Physical Size = 391433898
Embedded Stub Size = 4

Everything is Ok

Folders: 1
Files: 12997
Size:       445304001
Compressed: 391433898
--
Path = /home/kpatel2s/kpatel2s/link_scratch_dir/kpatel2s/datasets/STF/SeeingThroughFogCompressed_extracted/gated_full_acc_rect.zip
Type = zip
Physical Size = 453328073
Embedded Stub Size = 4
64-bit = +
Characteristics = Zip64
Total Physical Size = 9890512073
Multivolume = +
Volume Index = 6
Volumes = 7

Everything is Ok

Folders: 1
Files: 12997
Size:       10047726920
Compressed: 9890512073
--
Path = /home/kpatel2s/kpatel2s/link_scratch_dir/kpatel2s/datasets/STF/SeeingThroughFogCompressed_extracted/lidar_vlp32_strongest.zip
Type = zip
Physical Size = 1076043255
Embedded Stub Size = 4
Total Physical Size = 4221771255
Multivolume = +
Volume Index = 2
Volumes = 3

Everything is Ok

Folders: 1
Files: 12843
Size:       7030567520
Compressed: 4221771255
--
Path = /home/kpatel2s/kpatel2s/link_scratch_dir/kpatel2s/datasets/STF/SeeingThroughFogCompressed_extracted/lidar_vlp32_last.zip
Type = zip
Physical Size = 1461106266
Embedded Stub Size = 4
64-bit = +
Characteristics = Zip64
Total Physical Size = 4606834266
Multivolume = +
Volume Index = 2
Volumes = 3

Everything is Ok

Folders: 1
Files: 12843
Size:       7681183680
Compressed: 4606834266
--
Path = /home/kpatel2s/kpatel2s/link_scratch_dir/kpatel2s/datasets/STF/SeeingThroughFogCompressed_extracted/lidar_hdl64_last.zip
Type = zip
Physical Size = 4305012
Embedded Stub Size = 4
64-bit = +
Characteristics = Zip64
Total Physical Size = 9441489012
Multivolume = +
Volume Index = 6
Volumes = 7

Everything is Ok

Folders: 1
Files: 12997
Size:       14535108680
Compressed: 9441489012
--
Path = /home/kpatel2s/kpatel2s/link_scratch_dir/kpatel2s/datasets/STF/SeeingThroughFogCompressed_extracted/lidar_hdl64_strongest.zip
Type = zip
Physical Size = 7197662
Embedded Stub Size = 4
64-bit = +
Characteristics = Zip64
Total Physical Size = 9444381662
Multivolume = +
Volume Index = 6
Volumes = 7

Everything is Ok

Folders: 1
Files: 12997
Size:       14535044140
Compressed: 9444381662
Extract completed...
Total time taken: 11861 seconds
Total time taken: 197 minutes
Total time taken: 3 hours
