Running unzip for SeeingThroughFog dataset...
Directory changed to /home/kpatel2s/kpatel2s/link_scratch_dir/kpatel2s/datasets/STF/downloading
Running unzip...
 copying: SeeingThroughFogCompressed/
 copying: SeeingThroughFogCompressed/lidar_hdl64_strongest_gated/
 copying: SeeingThroughFogCompressed/lidar_hdl64_strongest_gated/lidar_hdl64_strongest_gated.zip
 copying: SeeingThroughFogCompressed/cam_stereo_left_raw_history_1/
 copying: SeeingThroughFogCompressed/cam_stereo_left_raw_history_1/cam_stereo_left_raw_history_1.z14
 copying: SeeingThroughFogCompressed/cam_stereo_left_raw_history_1/cam_stereo_left_raw_history_1.zip
 copying: SeeingThroughFogCompressed/cam_stereo_left_raw_history_1/cam_stereo_left_raw_history_1.z07
 copying: SeeingThroughFogCompressed/cam_stereo_left_raw_history_1/cam_stereo_left_raw_history_1.z21
 copying: SeeingThroughFogCompressed/cam_stereo_left_raw_history_1/cam_stereo_left_raw_history_1.z19
 copying: SeeingThroughFogCompressed/cam_stereo_left_raw_history_1/cam_stereo_left_raw_history_1.z13
 copying: SeeingThroughFogCompressed/cam_stereo_left_raw_history_1/cam_stereo_left_raw_history_1.z17
 copying: SeeingThroughFogCompressed/cam_stereo_left_raw_history_1/cam_stereo_left_raw_history_1.z04
 copying: SeeingThroughFogCompressed/cam_stereo_left_raw_history_1/cam_stereo_left_raw_history_1.z09
 copying: SeeingThroughFogCompressed/cam_stereo_left_raw_history_1/cam_stereo_left_raw_history_1.z03
 copying: SeeingThroughFogCompressed/cam_stereo_left_raw_history_1/cam_stereo_left_raw_history_1.z22
 copying: SeeingThroughFogCompressed/cam_stereo_left_raw_history_1/cam_stereo_left_raw_history_1.z10
 copying: SeeingThroughFogCompressed/cam_stereo_left_raw_history_1/cam_stereo_left_raw_history_1.z20
 copying: SeeingThroughFogCompressed/cam_stereo_left_raw_history_1/cam_stereo_left_raw_history_1.z12
 copying: SeeingThroughFogCompressed/cam_stereo_left_raw_history_1/cam_stereo_left_raw_history_1.z18
 copying: SeeingThroughFogCompressed/cam_stereo_left_raw_history_1/cam_stereo_left_raw_history_1.z01
 copying: SeeingThroughFogCompressed/cam_stereo_left_raw_history_1/cam_stereo_left_raw_history_1.z06
 copying: SeeingThroughFogCompressed/cam_stereo_left_raw_history_1/cam_stereo_left_raw_history_1.z15
 copying: SeeingThroughFogCompressed/cam_stereo_left_raw_history_1/cam_stereo_left_raw_history_1.z23
 copying: SeeingThroughFogCompressed/cam_stereo_left_raw_history_1/cam_stereo_left_raw_history_1.z11
 copying: SeeingThroughFogCompressed/cam_stereo_left_raw_history_1/cam_stereo_left_raw_history_1.z02
 copying: SeeingThroughFogCompressed/cam_stereo_left_raw_history_1/cam_stereo_left_raw_history_1.z08
 copying: SeeingThroughFogCompressed/cam_stereo_left_raw_history_1/cam_stereo_left_raw_history_1.z05
 copying: SeeingThroughFogCompressed/cam_stereo_left_raw_history_1/cam_stereo_left_raw_history_1.z16
 copying: SeeingThroughFogCompressed/cam_stereo_left_raw_history_1/cam_stereo_left_raw_history_1.z24
 copying: SeeingThroughFogCompressed/cam_stereo_left_raw_history_-5/
 copying: SeeingThroughFogCompressed/cam_stereo_left_raw_history_-5/cam_stereo_left_raw_history_-5.z10
 copying: SeeingThroughFogCompressed/cam_stereo_left_raw_history_-5/cam_stereo_left_raw_history_-5.z22
 copying: SeeingThroughFogCompressed/cam_stereo_left_raw_history_-5/cam_stereo_left_raw_history_-5.z09
 copying: SeeingThroughFogCompressed/cam_stereo_left_raw_history_-5/cam_stereo_left_raw_history_-5.z03
 copying: SeeingThroughFogCompressed/cam_stereo_left_raw_history_-5/cam_stereo_left_raw_history_-5.z04
 copying: SeeingThroughFogCompressed/cam_stereo_left_raw_history_-5/cam_stereo_left_raw_history_-5.z17
 copying: SeeingThroughFogCompressed/cam_stereo_left_raw_history_-5/cam_stereo_left_raw_history_-5.z19
 copying: SeeingThroughFogCompressed/cam_stereo_left_raw_history_-5/cam_stereo_left_raw_history_-5.z13
 copying: SeeingThroughFogCompressed/cam_stereo_left_raw_history_-5/cam_stereo_left_raw_history_-5.z21
 copying: SeeingThroughFogCompressed/cam_stereo_left_raw_history_-5/cam_stereo_left_raw_history_-5.z07
 copying: SeeingThroughFogCompressed/cam_stereo_left_raw_history_-5/cam_stereo_left_raw_history_-5.zip
 copying: SeeingThroughFogCompressed/cam_stereo_left_raw_history_-5/cam_stereo_left_raw_history_-5.z14
 copying: SeeingThroughFogCompressed/cam_stereo_left_raw_history_-5/cam_stereo_left_raw_history_-5.z24
 copying: SeeingThroughFogCompressed/cam_stereo_left_raw_history_-5/cam_stereo_left_raw_history_-5.z16
 copying: SeeingThroughFogCompressed/cam_stereo_left_raw_history_-5/cam_stereo_left_raw_history_-5.z05
 copying: SeeingThroughFogCompressed/cam_stereo_left_raw_history_-5/cam_stereo_left_raw_history_-5.z02
 copying: SeeingThroughFogCompressed/cam_stereo_left_raw_history_-5/cam_stereo_left_raw_history_-5.z08
 copying: SeeingThroughFogCompressed/cam_stereo_left_raw_history_-5/cam_stereo_left_raw_history_-5.z11
 copying: SeeingThroughFogCompressed/cam_stereo_left_raw_history_-5/cam_stereo_left_raw_history_-5.z23
 copying: SeeingThroughFogCompressed/cam_stereo_left_raw_history_-5/cam_stereo_left_raw_history_-5.z15
 copying: SeeingThroughFogCompressed/cam_stereo_left_raw_history_-5/cam_stereo_left_raw_history_-5.z06
 copying: SeeingThroughFogCompressed/cam_stereo_left_raw_history_-5/cam_stereo_left_raw_history_-5.z01
 copying: SeeingThroughFogCompressed/cam_stereo_left_raw_history_-5/cam_stereo_left_raw_history_-5.z12
 copying: SeeingThroughFogCompressed/cam_stereo_left_raw_history_-5/cam_stereo_left_raw_history_-5.z18
 copying: SeeingThroughFogCompressed/cam_stereo_left_raw_history_-5/cam_stereo_left_raw_history_-5.z20
 copying: SeeingThroughFogCompressed/calib_cam_stereo_right.json
 copying: SeeingThroughFogCompressed/gated_full_rect/
 copying: SeeingThroughFogCompressed/gated_full_rect/gated_full_rect.zip
 copying: SeeingThroughFogCompressed/gated_full_rect/gated_full_rect.z02
 copying: SeeingThroughFogCompressed/gated_full_rect/gated_full_rect.z01
 copying: SeeingThroughFogCompressed/cam_stereo_left_lut/
 copying: SeeingThroughFogCompressed/cam_stereo_left_lut/cam_stereo_left_lut.z16
 copying: SeeingThroughFogCompressed/cam_stereo_left_lut/cam_stereo_left_lut.z05
 copying: SeeingThroughFogCompressed/cam_stereo_left_lut/cam_stereo_left_lut.z08
 copying: SeeingThroughFogCompressed/cam_stereo_left_lut/cam_stereo_left_lut.z02
 copying: SeeingThroughFogCompressed/cam_stereo_left_lut/cam_stereo_left_lut.z23
 copying: SeeingThroughFogCompressed/cam_stereo_left_lut/cam_stereo_left_lut.z11
 copying: SeeingThroughFogCompressed/cam_stereo_left_lut/cam_stereo_left_lut.z15
 copying: SeeingThroughFogCompressed/cam_stereo_left_lut/cam_stereo_left_lut.z06
 copying: SeeingThroughFogCompressed/cam_stereo_left_lut/cam_stereo_left_lut.z01
 copying: SeeingThroughFogCompressed/cam_stereo_left_lut/cam_stereo_left_lut.z20
 copying: SeeingThroughFogCompressed/cam_stereo_left_lut/cam_stereo_left_lut.z18
 copying: SeeingThroughFogCompressed/cam_stereo_left_lut/cam_stereo_left_lut.z12
 copying: SeeingThroughFogCompressed/cam_stereo_left_lut/cam_stereo_left_lut.z22
 copying: SeeingThroughFogCompressed/cam_stereo_left_lut/cam_stereo_left_lut.z10
 copying: SeeingThroughFogCompressed/cam_stereo_left_lut/cam_stereo_left_lut.z03
 copying: SeeingThroughFogCompressed/cam_stereo_left_lut/cam_stereo_left_lut.z09
 copying: SeeingThroughFogCompressed/cam_stereo_left_lut/cam_stereo_left_lut.z04
 copying: SeeingThroughFogCompressed/cam_stereo_left_lut/cam_stereo_left_lut.z17
 copying: SeeingThroughFogCompressed/cam_stereo_left_lut/cam_stereo_left_lut.z21
 copying: SeeingThroughFogCompressed/cam_stereo_left_lut/cam_stereo_left_lut.z13
 copying: SeeingThroughFogCompressed/cam_stereo_left_lut/cam_stereo_left_lut.z19
 copying: SeeingThroughFogCompressed/cam_stereo_left_lut/cam_stereo_left_lut.z07
 copying: SeeingThroughFogCompressed/cam_stereo_left_lut/cam_stereo_left_lut.zip
 copying: SeeingThroughFogCompressed/cam_stereo_left_lut/cam_stereo_left_lut.z14
 copying: SeeingThroughFogCompressed/labeltool_labels.zip
 copying: SeeingThroughFogCompressed/lidar_hdl64_last_gated/
 copying: SeeingThroughFogCompressed/lidar_hdl64_last_gated/lidar_hdl64_last_gated.zip
 copying: SeeingThroughFogCompressed/cam_stereo_left_raw_history_-2/
 copying: SeeingThroughFogCompressed/cam_stereo_left_raw_history_-2/cam_stereo_left_raw_history_-2.z05
 copying: SeeingThroughFogCompressed/cam_stereo_left_raw_history_-2/cam_stereo_left_raw_history_-2.z16
 copying: SeeingThroughFogCompressed/cam_stereo_left_raw_history_-2/cam_stereo_left_raw_history_-2.z24
 copying: SeeingThroughFogCompressed/cam_stereo_left_raw_history_-2/cam_stereo_left_raw_history_-2.z23
 copying: SeeingThroughFogCompressed/cam_stereo_left_raw_history_-2/cam_stereo_left_raw_history_-2.z11
 copying: SeeingThroughFogCompressed/cam_stereo_left_raw_history_-2/cam_stereo_left_raw_history_-2.z08
 copying: SeeingThroughFogCompressed/cam_stereo_left_raw_history_-2/cam_stereo_left_raw_history_-2.z02
 copying: SeeingThroughFogCompressed/cam_stereo_left_raw_history_-2/cam_stereo_left_raw_history_-2.z06
 copying: SeeingThroughFogCompressed/cam_stereo_left_raw_history_-2/cam_stereo_left_raw_history_-2.z15
 copying: SeeingThroughFogCompressed/cam_stereo_left_raw_history_-2/cam_stereo_left_raw_history_-2.z20
 copying: SeeingThroughFogCompressed/cam_stereo_left_raw_history_-2/cam_stereo_left_raw_history_-2.z18
 copying: SeeingThroughFogCompressed/cam_stereo_left_raw_history_-2/cam_stereo_left_raw_history_-2.z12
 copying: SeeingThroughFogCompressed/cam_stereo_left_raw_history_-2/cam_stereo_left_raw_history_-2.z01
 copying: SeeingThroughFogCompressed/cam_stereo_left_raw_history_-2/cam_stereo_left_raw_history_-2.z03
 copying: SeeingThroughFogCompressed/cam_stereo_left_raw_history_-2/cam_stereo_left_raw_history_-2.z09
 copying: SeeingThroughFogCompressed/cam_stereo_left_raw_history_-2/cam_stereo_left_raw_history_-2.z22
 copying: SeeingThroughFogCompressed/cam_stereo_left_raw_history_-2/cam_stereo_left_raw_history_-2.z10
 copying: SeeingThroughFogCompressed/cam_stereo_left_raw_history_-2/cam_stereo_left_raw_history_-2.z17
 copying: SeeingThroughFogCompressed/cam_stereo_left_raw_history_-2/cam_stereo_left_raw_history_-2.z04
 copying: SeeingThroughFogCompressed/cam_stereo_left_raw_history_-2/cam_stereo_left_raw_history_-2.z21
 copying: SeeingThroughFogCompressed/cam_stereo_left_raw_history_-2/cam_stereo_left_raw_history_-2.z13
 copying: SeeingThroughFogCompressed/cam_stereo_left_raw_history_-2/cam_stereo_left_raw_history_-2.z19
 copying: SeeingThroughFogCompressed/cam_stereo_left_raw_history_-2/cam_stereo_left_raw_history_-2.z14
 copying: SeeingThroughFogCompressed/cam_stereo_left_raw_history_-2/cam_stereo_left_raw_history_-2.zip
 copying: SeeingThroughFogCompressed/cam_stereo_left_raw_history_-2/cam_stereo_left_raw_history_-2.z07
 copying: SeeingThroughFogCompressed/gated2_raw/
 copying: SeeingThroughFogCompressed/gated2_raw/gated2_raw.z04
 copying: SeeingThroughFogCompressed/gated2_raw/gated2_raw.z03
 copying: SeeingThroughFogCompressed/gated2_raw/gated2_raw.zip
 copying: SeeingThroughFogCompressed/gated2_raw/gated2_raw.z02
 copying: SeeingThroughFogCompressed/gated2_raw/gated2_raw.z05
 copying: SeeingThroughFogCompressed/gated2_raw/gated2_raw.z01
 copying: SeeingThroughFogCompressed/gated2_raw/gated2_raw.z06
 copying: SeeingThroughFogCompressed/cam_stereo_left_raw_history_2/
 copying: SeeingThroughFogCompressed/cam_stereo_left_raw_history_2/cam_stereo_left_raw_history_2.z14
 copying: SeeingThroughFogCompressed/cam_stereo_left_raw_history_2/cam_stereo_left_raw_history_2.zip
 copying: SeeingThroughFogCompressed/cam_stereo_left_raw_history_2/cam_stereo_left_raw_history_2.z07
 copying: SeeingThroughFogCompressed/cam_stereo_left_raw_history_2/cam_stereo_left_raw_history_2.z21
 copying: SeeingThroughFogCompressed/cam_stereo_left_raw_history_2/cam_stereo_left_raw_history_2.z13
 copying: SeeingThroughFogCompressed/cam_stereo_left_raw_history_2/cam_stereo_left_raw_history_2.z19
 copying: SeeingThroughFogCompressed/cam_stereo_left_raw_history_2/cam_stereo_left_raw_history_2.z17
 copying: SeeingThroughFogCompressed/cam_stereo_left_raw_history_2/cam_stereo_left_raw_history_2.z04
 copying: SeeingThroughFogCompressed/cam_stereo_left_raw_history_2/cam_stereo_left_raw_history_2.z03
 copying: SeeingThroughFogCompressed/cam_stereo_left_raw_history_2/cam_stereo_left_raw_history_2.z09
 copying: SeeingThroughFogCompressed/cam_stereo_left_raw_history_2/cam_stereo_left_raw_history_2.z22
 copying: SeeingThroughFogCompressed/cam_stereo_left_raw_history_2/cam_stereo_left_raw_history_2.z10
 copying: SeeingThroughFogCompressed/cam_stereo_left_raw_history_2/cam_stereo_left_raw_history_2.z20
 copying: SeeingThroughFogCompressed/cam_stereo_left_raw_history_2/cam_stereo_left_raw_history_2.z18
 copying: SeeingThroughFogCompressed/cam_stereo_left_raw_history_2/cam_stereo_left_raw_history_2.z12
 copying: SeeingThroughFogCompressed/cam_stereo_left_raw_history_2/cam_stereo_left_raw_history_2.z01
 copying: SeeingThroughFogCompressed/cam_stereo_left_raw_history_2/cam_stereo_left_raw_history_2.z06
 copying: SeeingThroughFogCompressed/cam_stereo_left_raw_history_2/cam_stereo_left_raw_history_2.z15
 copying: SeeingThroughFogCompressed/cam_stereo_left_raw_history_2/cam_stereo_left_raw_history_2.z23
 copying: SeeingThroughFogCompressed/cam_stereo_left_raw_history_2/cam_stereo_left_raw_history_2.z11
 copying: SeeingThroughFogCompressed/cam_stereo_left_raw_history_2/cam_stereo_left_raw_history_2.z08
 copying: SeeingThroughFogCompressed/cam_stereo_left_raw_history_2/cam_stereo_left_raw_history_2.z02
 copying: SeeingThroughFogCompressed/cam_stereo_left_raw_history_2/cam_stereo_left_raw_history_2.z05
 copying: SeeingThroughFogCompressed/cam_stereo_left_raw_history_2/cam_stereo_left_raw_history_2.z16
 copying: SeeingThroughFogCompressed/cam_stereo_left_raw_history_2/cam_stereo_left_raw_history_2.z24
 copying: SeeingThroughFogCompressed/filtered_relevant_can_data/
 copying: SeeingThroughFogCompressed/filtered_relevant_can_data/filtered_relevant_can_data.zip
 copying: SeeingThroughFogCompressed/cam_stereo_left_raw_history_-6/
 copying: SeeingThroughFogCompressed/cam_stereo_left_raw_history_-6/cam_stereo_left_raw_history_-6.z03
 copying: SeeingThroughFogCompressed/cam_stereo_left_raw_history_-6/cam_stereo_left_raw_history_-6.z09
 copying: SeeingThroughFogCompressed/cam_stereo_left_raw_history_-6/cam_stereo_left_raw_history_-6.z10
 copying: SeeingThroughFogCompressed/cam_stereo_left_raw_history_-6/cam_stereo_left_raw_history_-6.z17
 copying: SeeingThroughFogCompressed/cam_stereo_left_raw_history_-6/cam_stereo_left_raw_history_-6.z04
 copying: SeeingThroughFogCompressed/cam_stereo_left_raw_history_-6/cam_stereo_left_raw_history_-6.z13
 copying: SeeingThroughFogCompressed/cam_stereo_left_raw_history_-6/cam_stereo_left_raw_history_-6.z19
 copying: SeeingThroughFogCompressed/cam_stereo_left_raw_history_-6/cam_stereo_left_raw_history_-6.z14
 copying: SeeingThroughFogCompressed/cam_stereo_left_raw_history_-6/cam_stereo_left_raw_history_-6.zip
 copying: SeeingThroughFogCompressed/cam_stereo_left_raw_history_-6/cam_stereo_left_raw_history_-6.z07
 copying: SeeingThroughFogCompressed/cam_stereo_left_raw_history_-6/cam_stereo_left_raw_history_-6.z05
 copying: SeeingThroughFogCompressed/cam_stereo_left_raw_history_-6/cam_stereo_left_raw_history_-6.z16
 copying: SeeingThroughFogCompressed/cam_stereo_left_raw_history_-6/cam_stereo_left_raw_history_-6.z11
 copying: SeeingThroughFogCompressed/cam_stereo_left_raw_history_-6/cam_stereo_left_raw_history_-6.z08
 copying: SeeingThroughFogCompressed/cam_stereo_left_raw_history_-6/cam_stereo_left_raw_history_-6.z02
 copying: SeeingThroughFogCompressed/cam_stereo_left_raw_history_-6/cam_stereo_left_raw_history_-6.z06
 copying: SeeingThroughFogCompressed/cam_stereo_left_raw_history_-6/cam_stereo_left_raw_history_-6.z15
 copying: SeeingThroughFogCompressed/cam_stereo_left_raw_history_-6/cam_stereo_left_raw_history_-6.z20
 copying: SeeingThroughFogCompressed/cam_stereo_left_raw_history_-6/cam_stereo_left_raw_history_-6.z18
 copying: SeeingThroughFogCompressed/cam_stereo_left_raw_history_-6/cam_stereo_left_raw_history_-6.z12
 copying: SeeingThroughFogCompressed/cam_stereo_left_raw_history_-6/cam_stereo_left_raw_history_-6.z01
 copying: SeeingThroughFogCompressed/calib_tf_tree_full.json
 copying: SeeingThroughFogCompressed/cam_stereo_left/
 copying: SeeingThroughFogCompressed/cam_stereo_left/cam_stereo_left.z03
 copying: SeeingThroughFogCompressed/cam_stereo_left/cam_stereo_left.z09
 copying: SeeingThroughFogCompressed/cam_stereo_left/cam_stereo_left.z10
 copying: SeeingThroughFogCompressed/cam_stereo_left/cam_stereo_left.z22
 copying: SeeingThroughFogCompressed/cam_stereo_left/cam_stereo_left.z25
 copying: SeeingThroughFogCompressed/cam_stereo_left/cam_stereo_left.z17
 copying: SeeingThroughFogCompressed/cam_stereo_left/cam_stereo_left.z04
 copying: SeeingThroughFogCompressed/cam_stereo_left/cam_stereo_left.z13
 copying: SeeingThroughFogCompressed/cam_stereo_left/cam_stereo_left.z19
 copying: SeeingThroughFogCompressed/cam_stereo_left/cam_stereo_left.z21
 copying: SeeingThroughFogCompressed/cam_stereo_left/cam_stereo_left.z14
 copying: SeeingThroughFogCompressed/cam_stereo_left/cam_stereo_left.z07
 copying: SeeingThroughFogCompressed/cam_stereo_left/cam_stereo_left.zip
 copying: SeeingThroughFogCompressed/cam_stereo_left/cam_stereo_left.z05
 copying: SeeingThroughFogCompressed/cam_stereo_left/cam_stereo_left.z24
 copying: SeeingThroughFogCompressed/cam_stereo_left/cam_stereo_left.z16
 copying: SeeingThroughFogCompressed/cam_stereo_left/cam_stereo_left.z11
 copying: SeeingThroughFogCompressed/cam_stereo_left/cam_stereo_left.z23
 copying: SeeingThroughFogCompressed/cam_stereo_left/cam_stereo_left.z08
 copying: SeeingThroughFogCompressed/cam_stereo_left/cam_stereo_left.z02
 copying: SeeingThroughFogCompressed/cam_stereo_left/cam_stereo_left.z06
 copying: SeeingThroughFogCompressed/cam_stereo_left/cam_stereo_left.z15
 copying: SeeingThroughFogCompressed/cam_stereo_left/cam_stereo_left.z18
 copying: SeeingThroughFogCompressed/cam_stereo_left/cam_stereo_left.z12
 copying: SeeingThroughFogCompressed/cam_stereo_left/cam_stereo_left.z20
 copying: SeeingThroughFogCompressed/cam_stereo_left/cam_stereo_left.z01
 copying: SeeingThroughFogCompressed/cam_stereo_left_raw_history_-1/
 copying: SeeingThroughFogCompressed/cam_stereo_left_raw_history_-1/cam_stereo_left_raw_history_-1.z22
 copying: SeeingThroughFogCompressed/cam_stereo_left_raw_history_-1/cam_stereo_left_raw_history_-1.z10
 copying: SeeingThroughFogCompressed/cam_stereo_left_raw_history_-1/cam_stereo_left_raw_history_-1.z03
 copying: SeeingThroughFogCompressed/cam_stereo_left_raw_history_-1/cam_stereo_left_raw_history_-1.z09
 copying: SeeingThroughFogCompressed/cam_stereo_left_raw_history_-1/cam_stereo_left_raw_history_-1.z04
 copying: SeeingThroughFogCompressed/cam_stereo_left_raw_history_-1/cam_stereo_left_raw_history_-1.z17
 copying: SeeingThroughFogCompressed/cam_stereo_left_raw_history_-1/cam_stereo_left_raw_history_-1.z21
 copying: SeeingThroughFogCompressed/cam_stereo_left_raw_history_-1/cam_stereo_left_raw_history_-1.z13
 copying: SeeingThroughFogCompressed/cam_stereo_left_raw_history_-1/cam_stereo_left_raw_history_-1.z19
 copying: SeeingThroughFogCompressed/cam_stereo_left_raw_history_-1/cam_stereo_left_raw_history_-1.zip
 copying: SeeingThroughFogCompressed/cam_stereo_left_raw_history_-1/cam_stereo_left_raw_history_-1.z07
 copying: SeeingThroughFogCompressed/cam_stereo_left_raw_history_-1/cam_stereo_left_raw_history_-1.z14
 copying: SeeingThroughFogCompressed/cam_stereo_left_raw_history_-1/cam_stereo_left_raw_history_-1.z16
 copying: SeeingThroughFogCompressed/cam_stereo_left_raw_history_-1/cam_stereo_left_raw_history_-1.z24
 copying: SeeingThroughFogCompressed/cam_stereo_left_raw_history_-1/cam_stereo_left_raw_history_-1.z05
 copying: SeeingThroughFogCompressed/cam_stereo_left_raw_history_-1/cam_stereo_left_raw_history_-1.z08
 copying: SeeingThroughFogCompressed/cam_stereo_left_raw_history_-1/cam_stereo_left_raw_history_-1.z02
 copying: SeeingThroughFogCompressed/cam_stereo_left_raw_history_-1/cam_stereo_left_raw_history_-1.z23
 copying: SeeingThroughFogCompressed/cam_stereo_left_raw_history_-1/cam_stereo_left_raw_history_-1.z11
 copying: SeeingThroughFogCompressed/cam_stereo_left_raw_history_-1/cam_stereo_left_raw_history_-1.z15
 copying: SeeingThroughFogCompressed/cam_stereo_left_raw_history_-1/cam_stereo_left_raw_history_-1.z06
 copying: SeeingThroughFogCompressed/cam_stereo_left_raw_history_-1/cam_stereo_left_raw_history_-1.z01
 copying: SeeingThroughFogCompressed/cam_stereo_left_raw_history_-1/cam_stereo_left_raw_history_-1.z20
 copying: SeeingThroughFogCompressed/cam_stereo_left_raw_history_-1/cam_stereo_left_raw_history_-1.z18
 copying: SeeingThroughFogCompressed/cam_stereo_left_raw_history_-1/cam_stereo_left_raw_history_-1.z12
 copying: SeeingThroughFogCompressed/gated2_rect/
 copying: SeeingThroughFogCompressed/gated2_rect/gated2_rect.z05
 copying: SeeingThroughFogCompressed/gated2_rect/gated2_rect.z02
 copying: SeeingThroughFogCompressed/gated2_rect/gated2_rect.z01
 copying: SeeingThroughFogCompressed/gated2_rect/gated2_rect.z03
 copying: SeeingThroughFogCompressed/gated2_rect/gated2_rect.z04
 copying: SeeingThroughFogCompressed/gated2_rect/gated2_rect.zip
 copying: SeeingThroughFogCompressed/fir_axis/
 copying: SeeingThroughFogCompressed/fir_axis/fir_axis.zip
 copying: SeeingThroughFogCompressed/fir_axis/fir_axis.z01
 copying: SeeingThroughFogCompressed/.DS_Store
 copying: SeeingThroughFogCompressed/radar_targets/
 copying: SeeingThroughFogCompressed/radar_targets/radar_targets.zip
 copying: SeeingThroughFogCompressed/cam_stereo_right_lut/
 copying: SeeingThroughFogCompressed/cam_stereo_right_lut/cam_stereo_right_lut.z02
 copying: SeeingThroughFogCompressed/cam_stereo_right_lut/cam_stereo_right_lut.z08
 copying: SeeingThroughFogCompressed/cam_stereo_right_lut/cam_stereo_right_lut.z23
 copying: SeeingThroughFogCompressed/cam_stereo_right_lut/cam_stereo_right_lut.z11
 copying: SeeingThroughFogCompressed/cam_stereo_right_lut/cam_stereo_right_lut.z16
 copying: SeeingThroughFogCompressed/cam_stereo_right_lut/cam_stereo_right_lut.z05
 copying: SeeingThroughFogCompressed/cam_stereo_right_lut/cam_stereo_right_lut.z01
 copying: SeeingThroughFogCompressed/cam_stereo_right_lut/cam_stereo_right_lut.z20
 copying: SeeingThroughFogCompressed/cam_stereo_right_lut/cam_stereo_right_lut.z12
 copying: SeeingThroughFogCompressed/cam_stereo_right_lut/cam_stereo_right_lut.z18
 copying: SeeingThroughFogCompressed/cam_stereo_right_lut/cam_stereo_right_lut.z15
 copying: SeeingThroughFogCompressed/cam_stereo_right_lut/cam_stereo_right_lut.z06
 copying: SeeingThroughFogCompressed/cam_stereo_right_lut/cam_stereo_right_lut.z04
 copying: SeeingThroughFogCompressed/cam_stereo_right_lut/cam_stereo_right_lut.z17
 copying: SeeingThroughFogCompressed/cam_stereo_right_lut/cam_stereo_right_lut.z22
 copying: SeeingThroughFogCompressed/cam_stereo_right_lut/cam_stereo_right_lut.z10
 copying: SeeingThroughFogCompressed/cam_stereo_right_lut/cam_stereo_right_lut.z09
 copying: SeeingThroughFogCompressed/cam_stereo_right_lut/cam_stereo_right_lut.z03
 copying: SeeingThroughFogCompressed/cam_stereo_right_lut/cam_stereo_right_lut.zip
 copying: SeeingThroughFogCompressed/cam_stereo_right_lut/cam_stereo_right_lut.z07
 copying: SeeingThroughFogCompressed/cam_stereo_right_lut/cam_stereo_right_lut.z14
 copying: SeeingThroughFogCompressed/cam_stereo_right_lut/cam_stereo_right_lut.z21
 copying: SeeingThroughFogCompressed/cam_stereo_right_lut/cam_stereo_right_lut.z19
 copying: SeeingThroughFogCompressed/cam_stereo_right_lut/cam_stereo_right_lut.z13
 copying: SeeingThroughFogCompressed/gated0_rect8/
 copying: SeeingThroughFogCompressed/gated0_rect8/gated0_rect8.zip
 copying: SeeingThroughFogCompressed/gated0_rect8/gated0_rect8.z01
 copying: SeeingThroughFogCompressed/gated0_rect8/gated0_rect8.z02
 copying: SeeingThroughFogCompressed/gated_full_acc_rect8/
 copying: SeeingThroughFogCompressed/gated_full_acc_rect8/gated_full_acc_rect8.z03
 copying: SeeingThroughFogCompressed/gated_full_acc_rect8/gated_full_acc_rect8.zip
 copying: SeeingThroughFogCompressed/gated_full_acc_rect8/gated_full_acc_rect8.z02
 copying: SeeingThroughFogCompressed/gated_full_acc_rect8/gated_full_acc_rect8.z01
 copying: SeeingThroughFogCompressed/gated0_raw/
 copying: SeeingThroughFogCompressed/gated0_raw/gated0_raw.z06
 copying: SeeingThroughFogCompressed/gated0_raw/gated0_raw.z01
 copying: SeeingThroughFogCompressed/gated0_raw/gated0_raw.z05
 copying: SeeingThroughFogCompressed/gated0_raw/gated0_raw.z02
 copying: SeeingThroughFogCompressed/gated0_raw/gated0_raw.z07
 copying: SeeingThroughFogCompressed/gated0_raw/gated0_raw.zip
 copying: SeeingThroughFogCompressed/gated0_raw/gated0_raw.z03
 copying: SeeingThroughFogCompressed/gated0_raw/gated0_raw.z04
 copying: SeeingThroughFogCompressed/gated_full_rect8/
 copying: SeeingThroughFogCompressed/gated_full_rect8/gated_full_rect8.z01
 copying: SeeingThroughFogCompressed/gated_full_rect8/gated_full_rect8.zip
 copying: SeeingThroughFogCompressed/weather_station/
 copying: SeeingThroughFogCompressed/weather_station/weather_station.zip
 copying: SeeingThroughFogCompressed/cam_stereo_left_raw_history_-3/
 copying: SeeingThroughFogCompressed/cam_stereo_left_raw_history_-3/cam_stereo_left_raw_history_-3.z20
 copying: SeeingThroughFogCompressed/cam_stereo_left_raw_history_-3/cam_stereo_left_raw_history_-3.z12
 copying: SeeingThroughFogCompressed/cam_stereo_left_raw_history_-3/cam_stereo_left_raw_history_-3.z18
 copying: SeeingThroughFogCompressed/cam_stereo_left_raw_history_-3/cam_stereo_left_raw_history_-3.z01
 copying: SeeingThroughFogCompressed/cam_stereo_left_raw_history_-3/cam_stereo_left_raw_history_-3.z06
 copying: SeeingThroughFogCompressed/cam_stereo_left_raw_history_-3/cam_stereo_left_raw_history_-3.z15
 copying: SeeingThroughFogCompressed/cam_stereo_left_raw_history_-3/cam_stereo_left_raw_history_-3.z23
 copying: SeeingThroughFogCompressed/cam_stereo_left_raw_history_-3/cam_stereo_left_raw_history_-3.z11
 copying: SeeingThroughFogCompressed/cam_stereo_left_raw_history_-3/cam_stereo_left_raw_history_-3.z02
 copying: SeeingThroughFogCompressed/cam_stereo_left_raw_history_-3/cam_stereo_left_raw_history_-3.z08
 copying: SeeingThroughFogCompressed/cam_stereo_left_raw_history_-3/cam_stereo_left_raw_history_-3.z05
 copying: SeeingThroughFogCompressed/cam_stereo_left_raw_history_-3/cam_stereo_left_raw_history_-3.z16
 copying: SeeingThroughFogCompressed/cam_stereo_left_raw_history_-3/cam_stereo_left_raw_history_-3.z24
 copying: SeeingThroughFogCompressed/cam_stereo_left_raw_history_-3/cam_stereo_left_raw_history_-3.z14
 copying: SeeingThroughFogCompressed/cam_stereo_left_raw_history_-3/cam_stereo_left_raw_history_-3.z07
 copying: SeeingThroughFogCompressed/cam_stereo_left_raw_history_-3/cam_stereo_left_raw_history_-3.zip
 copying: SeeingThroughFogCompressed/cam_stereo_left_raw_history_-3/cam_stereo_left_raw_history_-3.z21
 copying: SeeingThroughFogCompressed/cam_stereo_left_raw_history_-3/cam_stereo_left_raw_history_-3.z19
 copying: SeeingThroughFogCompressed/cam_stereo_left_raw_history_-3/cam_stereo_left_raw_history_-3.z13
 copying: SeeingThroughFogCompressed/cam_stereo_left_raw_history_-3/cam_stereo_left_raw_history_-3.z17
 copying: SeeingThroughFogCompressed/cam_stereo_left_raw_history_-3/cam_stereo_left_raw_history_-3.z04
 copying: SeeingThroughFogCompressed/cam_stereo_left_raw_history_-3/cam_stereo_left_raw_history_-3.z09
 copying: SeeingThroughFogCompressed/cam_stereo_left_raw_history_-3/cam_stereo_left_raw_history_-3.z03
 copying: SeeingThroughFogCompressed/cam_stereo_left_raw_history_-3/cam_stereo_left_raw_history_-3.z22
 copying: SeeingThroughFogCompressed/cam_stereo_left_raw_history_-3/cam_stereo_left_raw_history_-3.z10
 copying: SeeingThroughFogCompressed/calib_gated_bwv.json
 copying: SeeingThroughFogCompressed/cam_stereo_left_raw_history_-4/
 copying: SeeingThroughFogCompressed/cam_stereo_left_raw_history_-4/cam_stereo_left_raw_history_-4.z04
 copying: SeeingThroughFogCompressed/cam_stereo_left_raw_history_-4/cam_stereo_left_raw_history_-4.z17
 copying: SeeingThroughFogCompressed/cam_stereo_left_raw_history_-4/cam_stereo_left_raw_history_-4.z10
 copying: SeeingThroughFogCompressed/cam_stereo_left_raw_history_-4/cam_stereo_left_raw_history_-4.z22
 copying: SeeingThroughFogCompressed/cam_stereo_left_raw_history_-4/cam_stereo_left_raw_history_-4.z09
 copying: SeeingThroughFogCompressed/cam_stereo_left_raw_history_-4/cam_stereo_left_raw_history_-4.z03
 copying: SeeingThroughFogCompressed/cam_stereo_left_raw_history_-4/cam_stereo_left_raw_history_-4.zip
 copying: SeeingThroughFogCompressed/cam_stereo_left_raw_history_-4/cam_stereo_left_raw_history_-4.z07
 copying: SeeingThroughFogCompressed/cam_stereo_left_raw_history_-4/cam_stereo_left_raw_history_-4.z14
 copying: SeeingThroughFogCompressed/cam_stereo_left_raw_history_-4/cam_stereo_left_raw_history_-4.z19
 copying: SeeingThroughFogCompressed/cam_stereo_left_raw_history_-4/cam_stereo_left_raw_history_-4.z13
 copying: SeeingThroughFogCompressed/cam_stereo_left_raw_history_-4/cam_stereo_left_raw_history_-4.z21
 copying: SeeingThroughFogCompressed/cam_stereo_left_raw_history_-4/cam_stereo_left_raw_history_-4.z02
 copying: SeeingThroughFogCompressed/cam_stereo_left_raw_history_-4/cam_stereo_left_raw_history_-4.z08
 copying: SeeingThroughFogCompressed/cam_stereo_left_raw_history_-4/cam_stereo_left_raw_history_-4.z11
 copying: SeeingThroughFogCompressed/cam_stereo_left_raw_history_-4/cam_stereo_left_raw_history_-4.z23
 copying: SeeingThroughFogCompressed/cam_stereo_left_raw_history_-4/cam_stereo_left_raw_history_-4.z24
 copying: SeeingThroughFogCompressed/cam_stereo_left_raw_history_-4/cam_stereo_left_raw_history_-4.z16
 copying: SeeingThroughFogCompressed/cam_stereo_left_raw_history_-4/cam_stereo_left_raw_history_-4.z05
 copying: SeeingThroughFogCompressed/cam_stereo_left_raw_history_-4/cam_stereo_left_raw_history_-4.z01
 copying: SeeingThroughFogCompressed/cam_stereo_left_raw_history_-4/cam_stereo_left_raw_history_-4.z12
 copying: SeeingThroughFogCompressed/cam_stereo_left_raw_history_-4/cam_stereo_left_raw_history_-4.z18
 copying: SeeingThroughFogCompressed/cam_stereo_left_raw_history_-4/cam_stereo_left_raw_history_-4.z20
 copying: SeeingThroughFogCompressed/cam_stereo_left_raw_history_-4/cam_stereo_left_raw_history_-4.z15
 copying: SeeingThroughFogCompressed/cam_stereo_left_raw_history_-4/cam_stereo_left_raw_history_-4.z06
 copying: SeeingThroughFogCompressed/cam_stereo_right/
 copying: SeeingThroughFogCompressed/cam_stereo_right/cam_stereo_right.z06
 copying: SeeingThroughFogCompressed/cam_stereo_right/cam_stereo_right.z15
 copying: SeeingThroughFogCompressed/cam_stereo_right/cam_stereo_right.z18
 copying: SeeingThroughFogCompressed/cam_stereo_right/cam_stereo_right.z12
 copying: SeeingThroughFogCompressed/cam_stereo_right/cam_stereo_right.z20
 copying: SeeingThroughFogCompressed/cam_stereo_right/cam_stereo_right.z01
 copying: SeeingThroughFogCompressed/cam_stereo_right/cam_stereo_right.z05
 copying: SeeingThroughFogCompressed/cam_stereo_right/cam_stereo_right.z24
 copying: SeeingThroughFogCompressed/cam_stereo_right/cam_stereo_right.z16
 copying: SeeingThroughFogCompressed/cam_stereo_right/cam_stereo_right.z11
 copying: SeeingThroughFogCompressed/cam_stereo_right/cam_stereo_right.z23
 copying: SeeingThroughFogCompressed/cam_stereo_right/cam_stereo_right.z08
 copying: SeeingThroughFogCompressed/cam_stereo_right/cam_stereo_right.z02
 copying: SeeingThroughFogCompressed/cam_stereo_right/cam_stereo_right.z13
 copying: SeeingThroughFogCompressed/cam_stereo_right/cam_stereo_right.z19
 copying: SeeingThroughFogCompressed/cam_stereo_right/cam_stereo_right.z21
 copying: SeeingThroughFogCompressed/cam_stereo_right/cam_stereo_right.z14
 copying: SeeingThroughFogCompressed/cam_stereo_right/cam_stereo_right.zip
 copying: SeeingThroughFogCompressed/cam_stereo_right/cam_stereo_right.z07
 copying: SeeingThroughFogCompressed/cam_stereo_right/cam_stereo_right.z03
 copying: SeeingThroughFogCompressed/cam_stereo_right/cam_stereo_right.z09
 copying: SeeingThroughFogCompressed/cam_stereo_right/cam_stereo_right.z10
 copying: SeeingThroughFogCompressed/cam_stereo_right/cam_stereo_right.z22
 copying: SeeingThroughFogCompressed/cam_stereo_right/cam_stereo_right.z25
 copying: SeeingThroughFogCompressed/cam_stereo_right/cam_stereo_right.z17
 copying: SeeingThroughFogCompressed/cam_stereo_right/cam_stereo_right.z04
 copying: SeeingThroughFogCompressed/road_friction/
 copying: SeeingThroughFogCompressed/road_friction/road_friction.zip
 copying: SeeingThroughFogCompressed/lidar_hdl64_strongest/
 copying: SeeingThroughFogCompressed/lidar_hdl64_strongest/lidar_hdl64_strongest.zip
 copying: SeeingThroughFogCompressed/lidar_hdl64_strongest/lidar_hdl64_strongest.z03
 copying: SeeingThroughFogCompressed/lidar_hdl64_strongest/lidar_hdl64_strongest.z04
 copying: SeeingThroughFogCompressed/lidar_hdl64_strongest/lidar_hdl64_strongest.z06
 copying: SeeingThroughFogCompressed/lidar_hdl64_strongest/lidar_hdl64_strongest.z01
 copying: SeeingThroughFogCompressed/lidar_hdl64_strongest/lidar_hdl64_strongest.z05
 copying: SeeingThroughFogCompressed/lidar_hdl64_strongest/lidar_hdl64_strongest.z02
 copying: SeeingThroughFogCompressed/calib_cam_stereo_left.json
 copying: SeeingThroughFogCompressed/gated1_rect8/
 copying: SeeingThroughFogCompressed/gated1_rect8/gated1_rect8.zip
 copying: SeeingThroughFogCompressed/gated1_rect8/gated1_rect8.z02
 copying: SeeingThroughFogCompressed/gated1_rect8/gated1_rect8.z01
 copying: SeeingThroughFogCompressed/gated0_rect/
 copying: SeeingThroughFogCompressed/gated0_rect/gated0_rect.z01
 copying: SeeingThroughFogCompressed/gated0_rect/gated0_rect.z02
 copying: SeeingThroughFogCompressed/gated0_rect/gated0_rect.z05
 copying: SeeingThroughFogCompressed/gated0_rect/gated0_rect.zip
 copying: SeeingThroughFogCompressed/gated0_rect/gated0_rect.z04
 copying: SeeingThroughFogCompressed/gated0_rect/gated0_rect.z03
 copying: SeeingThroughFogCompressed/lidar_vlp32_last/
 copying: SeeingThroughFogCompressed/lidar_vlp32_last/lidar_vlp32_last.z02
 copying: SeeingThroughFogCompressed/lidar_vlp32_last/lidar_vlp32_last.z01
 copying: SeeingThroughFogCompressed/lidar_vlp32_last/lidar_vlp32_last.zip
 copying: SeeingThroughFogCompressed/lidar_hdl64_last/
 copying: SeeingThroughFogCompressed/lidar_hdl64_last/lidar_hdl64_last.z03
 copying: SeeingThroughFogCompressed/lidar_hdl64_last/lidar_hdl64_last.z04
 copying: SeeingThroughFogCompressed/lidar_hdl64_last/lidar_hdl64_last.zip
 copying: SeeingThroughFogCompressed/lidar_hdl64_last/lidar_hdl64_last.z05
 copying: SeeingThroughFogCompressed/lidar_hdl64_last/lidar_hdl64_last.z02
 copying: SeeingThroughFogCompressed/lidar_hdl64_last/lidar_hdl64_last.z06
 copying: SeeingThroughFogCompressed/lidar_hdl64_last/lidar_hdl64_last.z01
 copying: SeeingThroughFogCompressed/gated2_rect8/
 copying: SeeingThroughFogCompressed/gated2_rect8/gated2_rect8.z01
 copying: SeeingThroughFogCompressed/gated2_rect8/gated2_rect8.z02
 copying: SeeingThroughFogCompressed/gated2_rect8/gated2_rect8.zip
 copying: SeeingThroughFogCompressed/gt_labels/
 copying: SeeingThroughFogCompressed/gt_labels/cam_left_labels_TMP.zip
 copying: SeeingThroughFogCompressed/gt_labels/gated_labels_TMP.zip
 copying: SeeingThroughFogCompressed/gated1_rect/
 copying: SeeingThroughFogCompressed/gated1_rect/gated1_rect.zip
 copying: SeeingThroughFogCompressed/gated1_rect/gated1_rect.z03
 copying: SeeingThroughFogCompressed/gated1_rect/gated1_rect.z04
 copying: SeeingThroughFogCompressed/gated1_rect/gated1_rect.z01
 copying: SeeingThroughFogCompressed/gated1_rect/gated1_rect.z05
 copying: SeeingThroughFogCompressed/gated1_rect/gated1_rect.z02
 copying: SeeingThroughFogCompressed/gated1_raw/
 copying: SeeingThroughFogCompressed/gated1_raw/gated1_raw.z07
 copying: SeeingThroughFogCompressed/gated1_raw/gated1_raw.zip
 copying: SeeingThroughFogCompressed/gated1_raw/gated1_raw.z03
 copying: SeeingThroughFogCompressed/gated1_raw/gated1_raw.z04
 copying: SeeingThroughFogCompressed/gated1_raw/gated1_raw.z06
 copying: SeeingThroughFogCompressed/gated1_raw/gated1_raw.z01
 copying: SeeingThroughFogCompressed/gated1_raw/gated1_raw.z05
 copying: SeeingThroughFogCompressed/gated1_raw/gated1_raw.z02
 copying: SeeingThroughFogCompressed/lidar_vlp32_strongest/
 copying: SeeingThroughFogCompressed/lidar_vlp32_strongest/lidar_vlp32_strongest.zip
 copying: SeeingThroughFogCompressed/lidar_vlp32_strongest/lidar_vlp32_strongest.z02
 copying: SeeingThroughFogCompressed/lidar_vlp32_strongest/lidar_vlp32_strongest.z01
 copying: SeeingThroughFogCompressed/lidar_hdl64_strongest_stereo_left/
 copying: SeeingThroughFogCompressed/lidar_hdl64_strongest_stereo_left/lidar_hdl64_strongest_stereo_left.zip
 copying: SeeingThroughFogCompressed/lidar_hdl64_last_stereo_left/
 copying: SeeingThroughFogCompressed/lidar_hdl64_last_stereo_left/lidar_hdl64_last_stereo_left.zip
 copying: SeeingThroughFogCompressed/cam_stereo_sgm/
 copying: SeeingThroughFogCompressed/cam_stereo_sgm/cam_stereo_sgm.zip
 copying: SeeingThroughFogCompressed/cam_stereo_sgm/cam_stereo_sgm.z01
 copying: SeeingThroughFogCompressed/cam_stereo_sgm/cam_stereo_sgm.z02
 copying: SeeingThroughFogCompressed/gated_full_acc_rect/
 copying: SeeingThroughFogCompressed/gated_full_acc_rect/gated_full_acc_rect.zip
 copying: SeeingThroughFogCompressed/gated_full_acc_rect/gated_full_acc_rect.z04
 copying: SeeingThroughFogCompressed/gated_full_acc_rect/gated_full_acc_rect.z03
 copying: SeeingThroughFogCompressed/gated_full_acc_rect/gated_full_acc_rect.z01
 copying: SeeingThroughFogCompressed/gated_full_acc_rect/gated_full_acc_rect.z06
 copying: SeeingThroughFogCompressed/gated_full_acc_rect/gated_full_acc_rect.z02
 copying: SeeingThroughFogCompressed/gated_full_acc_rect/gated_full_acc_rect.z05
 copying: SeeingThroughFogCompressed/velodyne_planes/
 copying: SeeingThroughFogCompressed/velodyne_planes/velodyne_planes.zip
 copying: SeeingThroughFogCompressed/cam_stereo_left_raw_history_3/
 copying: SeeingThroughFogCompressed/cam_stereo_left_raw_history_3/cam_stereo_left_raw_history_3.z23
 copying: SeeingThroughFogCompressed/cam_stereo_left_raw_history_3/cam_stereo_left_raw_history_3.z11
 copying: SeeingThroughFogCompressed/cam_stereo_left_raw_history_3/cam_stereo_left_raw_history_3.z02
 copying: SeeingThroughFogCompressed/cam_stereo_left_raw_history_3/cam_stereo_left_raw_history_3.z08
 copying: SeeingThroughFogCompressed/cam_stereo_left_raw_history_3/cam_stereo_left_raw_history_3.z05
 copying: SeeingThroughFogCompressed/cam_stereo_left_raw_history_3/cam_stereo_left_raw_history_3.z16
 copying: SeeingThroughFogCompressed/cam_stereo_left_raw_history_3/cam_stereo_left_raw_history_3.z24
 copying: SeeingThroughFogCompressed/cam_stereo_left_raw_history_3/cam_stereo_left_raw_history_3.z20
 copying: SeeingThroughFogCompressed/cam_stereo_left_raw_history_3/cam_stereo_left_raw_history_3.z12
 copying: SeeingThroughFogCompressed/cam_stereo_left_raw_history_3/cam_stereo_left_raw_history_3.z18
 copying: SeeingThroughFogCompressed/cam_stereo_left_raw_history_3/cam_stereo_left_raw_history_3.z01
 copying: SeeingThroughFogCompressed/cam_stereo_left_raw_history_3/cam_stereo_left_raw_history_3.z06
 copying: SeeingThroughFogCompressed/cam_stereo_left_raw_history_3/cam_stereo_left_raw_history_3.z15
 copying: SeeingThroughFogCompressed/cam_stereo_left_raw_history_3/cam_stereo_left_raw_history_3.z17
 copying: SeeingThroughFogCompressed/cam_stereo_left_raw_history_3/cam_stereo_left_raw_history_3.z04
 copying: SeeingThroughFogCompressed/cam_stereo_left_raw_history_3/cam_stereo_left_raw_history_3.z09
 copying: SeeingThroughFogCompressed/cam_stereo_left_raw_history_3/cam_stereo_left_raw_history_3.z03
 copying: SeeingThroughFogCompressed/cam_stereo_left_raw_history_3/cam_stereo_left_raw_history_3.z22
 copying: SeeingThroughFogCompressed/cam_stereo_left_raw_history_3/cam_stereo_left_raw_history_3.z10
 copying: SeeingThroughFogCompressed/cam_stereo_left_raw_history_3/cam_stereo_left_raw_history_3.z14
 copying: SeeingThroughFogCompressed/cam_stereo_left_raw_history_3/cam_stereo_left_raw_history_3.zip
 copying: SeeingThroughFogCompressed/cam_stereo_left_raw_history_3/cam_stereo_left_raw_history_3.z07
 copying: SeeingThroughFogCompressed/cam_stereo_left_raw_history_3/cam_stereo_left_raw_history_3.z21
 copying: SeeingThroughFogCompressed/cam_stereo_left_raw_history_3/cam_stereo_left_raw_history_3.z19
 copying: SeeingThroughFogCompressed/cam_stereo_left_raw_history_3/cam_stereo_left_raw_history_3.z13
Archive:  zip_file_full.zip
   creating: SeeingThroughFogCompressed/
   creating: SeeingThroughFogCompressed/lidar_hdl64_strongest_gated/
 extracting: SeeingThroughFogCompressed/lidar_hdl64_strongest_gated/lidar_hdl64_strongest_gated.zip  
   creating: SeeingThroughFogCompressed/cam_stereo_left_raw_history_1/
 extracting: SeeingThroughFogCompressed/cam_stereo_left_raw_history_1/cam_stereo_left_raw_history_1.z14  
 extracting: SeeingThroughFogCompressed/cam_stereo_left_raw_history_1/cam_stereo_left_raw_history_1.zip  
 extracting: SeeingThroughFogCompressed/cam_stereo_left_raw_history_1/cam_stereo_left_raw_history_1.z07  
 extracting: SeeingThroughFogCompressed/cam_stereo_left_raw_history_1/cam_stereo_left_raw_history_1.z21  
 extracting: SeeingThroughFogCompressed/cam_stereo_left_raw_history_1/cam_stereo_left_raw_history_1.z19  
 extracting: SeeingThroughFogCompressed/cam_stereo_left_raw_history_1/cam_stereo_left_raw_history_1.z13  
 extracting: SeeingThroughFogCompressed/cam_stereo_left_raw_history_1/cam_stereo_left_raw_history_1.z17  
 extracting: SeeingThroughFogCompressed/cam_stereo_left_raw_history_1/cam_stereo_left_raw_history_1.z04  
 extracting: SeeingThroughFogCompressed/cam_stereo_left_raw_history_1/cam_stereo_left_raw_history_1.z09  
 extracting: SeeingThroughFogCompressed/cam_stereo_left_raw_history_1/cam_stereo_left_raw_history_1.z03  
 extracting: SeeingThroughFogCompressed/cam_stereo_left_raw_history_1/cam_stereo_left_raw_history_1.z22  
 extracting: SeeingThroughFogCompressed/cam_stereo_left_raw_history_1/cam_stereo_left_raw_history_1.z10  
 extracting: SeeingThroughFogCompressed/cam_stereo_left_raw_history_1/cam_stereo_left_raw_history_1.z20  
 extracting: SeeingThroughFogCompressed/cam_stereo_left_raw_history_1/cam_stereo_left_raw_history_1.z12  
 extracting: SeeingThroughFogCompressed/cam_stereo_left_raw_history_1/cam_stereo_left_raw_history_1.z18  
 extracting: SeeingThroughFogCompressed/cam_stereo_left_raw_history_1/cam_stereo_left_raw_history_1.z01  
 extracting: SeeingThroughFogCompressed/cam_stereo_left_raw_history_1/cam_stereo_left_raw_history_1.z06  
 extracting: SeeingThroughFogCompressed/cam_stereo_left_raw_history_1/cam_stereo_left_raw_history_1.z15  
 extracting: SeeingThroughFogCompressed/cam_stereo_left_raw_history_1/cam_stereo_left_raw_history_1.z23  
 extracting: SeeingThroughFogCompressed/cam_stereo_left_raw_history_1/cam_stereo_left_raw_history_1.z11  
 extracting: SeeingThroughFogCompressed/cam_stereo_left_raw_history_1/cam_stereo_left_raw_history_1.z02  
 extracting: SeeingThroughFogCompressed/cam_stereo_left_raw_history_1/cam_stereo_left_raw_history_1.z08  
 extracting: SeeingThroughFogCompressed/cam_stereo_left_raw_history_1/cam_stereo_left_raw_history_1.z05  
 extracting: SeeingThroughFogCompressed/cam_stereo_left_raw_history_1/cam_stereo_left_raw_history_1.z16  
 extracting: SeeingThroughFogCompressed/cam_stereo_left_raw_history_1/cam_stereo_left_raw_history_1.z24  
   creating: SeeingThroughFogCompressed/cam_stereo_left_raw_history_-5/
 extracting: SeeingThroughFogCompressed/cam_stereo_left_raw_history_-5/cam_stereo_left_raw_history_-5.z10  
 extracting: SeeingThroughFogCompressed/cam_stereo_left_raw_history_-5/cam_stereo_left_raw_history_-5.z22  
 extracting: SeeingThroughFogCompressed/cam_stereo_left_raw_history_-5/cam_stereo_left_raw_history_-5.z09  
 extracting: SeeingThroughFogCompressed/cam_stereo_left_raw_history_-5/cam_stereo_left_raw_history_-5.z03  
 extracting: SeeingThroughFogCompressed/cam_stereo_left_raw_history_-5/cam_stereo_left_raw_history_-5.z04  
 extracting: SeeingThroughFogCompressed/cam_stereo_left_raw_history_-5/cam_stereo_left_raw_history_-5.z17  
 extracting: SeeingThroughFogCompressed/cam_stereo_left_raw_history_-5/cam_stereo_left_raw_history_-5.z19  
 extracting: SeeingThroughFogCompressed/cam_stereo_left_raw_history_-5/cam_stereo_left_raw_history_-5.z13  
 extracting: SeeingThroughFogCompressed/cam_stereo_left_raw_history_-5/cam_stereo_left_raw_history_-5.z21  
 extracting: SeeingThroughFogCompressed/cam_stereo_left_raw_history_-5/cam_stereo_left_raw_history_-5.z07  
 extracting: SeeingThroughFogCompressed/cam_stereo_left_raw_history_-5/cam_stereo_left_raw_history_-5.zip  
 extracting: SeeingThroughFogCompressed/cam_stereo_left_raw_history_-5/cam_stereo_left_raw_history_-5.z14  
 extracting: SeeingThroughFogCompressed/cam_stereo_left_raw_history_-5/cam_stereo_left_raw_history_-5.z24  
 extracting: SeeingThroughFogCompressed/cam_stereo_left_raw_history_-5/cam_stereo_left_raw_history_-5.z16  
 extracting: SeeingThroughFogCompressed/cam_stereo_left_raw_history_-5/cam_stereo_left_raw_history_-5.z05  
 extracting: SeeingThroughFogCompressed/cam_stereo_left_raw_history_-5/cam_stereo_left_raw_history_-5.z02  
 extracting: SeeingThroughFogCompressed/cam_stereo_left_raw_history_-5/cam_stereo_left_raw_history_-5.z08  
 extracting: SeeingThroughFogCompressed/cam_stereo_left_raw_history_-5/cam_stereo_left_raw_history_-5.z11  
 extracting: SeeingThroughFogCompressed/cam_stereo_left_raw_history_-5/cam_stereo_left_raw_history_-5.z23  
 extracting: SeeingThroughFogCompressed/cam_stereo_left_raw_history_-5/cam_stereo_left_raw_history_-5.z15  
 extracting: SeeingThroughFogCompressed/cam_stereo_left_raw_history_-5/cam_stereo_left_raw_history_-5.z06  
 extracting: SeeingThroughFogCompressed/cam_stereo_left_raw_history_-5/cam_stereo_left_raw_history_-5.z01  
 extracting: SeeingThroughFogCompressed/cam_stereo_left_raw_history_-5/cam_stereo_left_raw_history_-5.z12  
 extracting: SeeingThroughFogCompressed/cam_stereo_left_raw_history_-5/cam_stereo_left_raw_history_-5.z18  
 extracting: SeeingThroughFogCompressed/cam_stereo_left_raw_history_-5/cam_stereo_left_raw_history_-5.z20  
 extracting: SeeingThroughFogCompressed/calib_cam_stereo_right.json  
   creating: SeeingThroughFogCompressed/gated_full_rect/
 extracting: SeeingThroughFogCompressed/gated_full_rect/gated_full_rect.zip  
 extracting: SeeingThroughFogCompressed/gated_full_rect/gated_full_rect.z02  
 extracting: SeeingThroughFogCompressed/gated_full_rect/gated_full_rect.z01  
   creating: SeeingThroughFogCompressed/cam_stereo_left_lut/
 extracting: SeeingThroughFogCompressed/cam_stereo_left_lut/cam_stereo_left_lut.z16  
 extracting: SeeingThroughFogCompressed/cam_stereo_left_lut/cam_stereo_left_lut.z05  
 extracting: SeeingThroughFogCompressed/cam_stereo_left_lut/cam_stereo_left_lut.z08  
 extracting: SeeingThroughFogCompressed/cam_stereo_left_lut/cam_stereo_left_lut.z02  
 extracting: SeeingThroughFogCompressed/cam_stereo_left_lut/cam_stereo_left_lut.z23  
 extracting: SeeingThroughFogCompressed/cam_stereo_left_lut/cam_stereo_left_lut.z11  
 extracting: SeeingThroughFogCompressed/cam_stereo_left_lut/cam_stereo_left_lut.z15  
 extracting: SeeingThroughFogCompressed/cam_stereo_left_lut/cam_stereo_left_lut.z06  
 extracting: SeeingThroughFogCompressed/cam_stereo_left_lut/cam_stereo_left_lut.z01  
 extracting: SeeingThroughFogCompressed/cam_stereo_left_lut/cam_stereo_left_lut.z20  
 extracting: SeeingThroughFogCompressed/cam_stereo_left_lut/cam_stereo_left_lut.z18  
 extracting: SeeingThroughFogCompressed/cam_stereo_left_lut/cam_stereo_left_lut.z12  
 extracting: SeeingThroughFogCompressed/cam_stereo_left_lut/cam_stereo_left_lut.z22  
 extracting: SeeingThroughFogCompressed/cam_stereo_left_lut/cam_stereo_left_lut.z10  
 extracting: SeeingThroughFogCompressed/cam_stereo_left_lut/cam_stereo_left_lut.z03  
 extracting: SeeingThroughFogCompressed/cam_stereo_left_lut/cam_stereo_left_lut.z09  
 extracting: SeeingThroughFogCompressed/cam_stereo_left_lut/cam_stereo_left_lut.z04  
 extracting: SeeingThroughFogCompressed/cam_stereo_left_lut/cam_stereo_left_lut.z17  
 extracting: SeeingThroughFogCompressed/cam_stereo_left_lut/cam_stereo_left_lut.z21  
 extracting: SeeingThroughFogCompressed/cam_stereo_left_lut/cam_stereo_left_lut.z13  
 extracting: SeeingThroughFogCompressed/cam_stereo_left_lut/cam_stereo_left_lut.z19  
 extracting: SeeingThroughFogCompressed/cam_stereo_left_lut/cam_stereo_left_lut.z07  
 extracting: SeeingThroughFogCompressed/cam_stereo_left_lut/cam_stereo_left_lut.zip  
 extracting: SeeingThroughFogCompressed/cam_stereo_left_lut/cam_stereo_left_lut.z14  
 extracting: SeeingThroughFogCompressed/labeltool_labels.zip  
   creating: SeeingThroughFogCompressed/lidar_hdl64_last_gated/
 extracting: SeeingThroughFogCompressed/lidar_hdl64_last_gated/lidar_hdl64_last_gated.zip  
   creating: SeeingThroughFogCompressed/cam_stereo_left_raw_history_-2/
 extracting: SeeingThroughFogCompressed/cam_stereo_left_raw_history_-2/cam_stereo_left_raw_history_-2.z05  
 extracting: SeeingThroughFogCompressed/cam_stereo_left_raw_history_-2/cam_stereo_left_raw_history_-2.z16  
 extracting: SeeingThroughFogCompressed/cam_stereo_left_raw_history_-2/cam_stereo_left_raw_history_-2.z24  
 extracting: SeeingThroughFogCompressed/cam_stereo_left_raw_history_-2/cam_stereo_left_raw_history_-2.z23  
 extracting: SeeingThroughFogCompressed/cam_stereo_left_raw_history_-2/cam_stereo_left_raw_history_-2.z11  
 extracting: SeeingThroughFogCompressed/cam_stereo_left_raw_history_-2/cam_stereo_left_raw_history_-2.z08  
 extracting: SeeingThroughFogCompressed/cam_stereo_left_raw_history_-2/cam_stereo_left_raw_history_-2.z02  
 extracting: SeeingThroughFogCompressed/cam_stereo_left_raw_history_-2/cam_stereo_left_raw_history_-2.z06  
 extracting: SeeingThroughFogCompressed/cam_stereo_left_raw_history_-2/cam_stereo_left_raw_history_-2.z15  
 extracting: SeeingThroughFogCompressed/cam_stereo_left_raw_history_-2/cam_stereo_left_raw_history_-2.z20  
 extracting: SeeingThroughFogCompressed/cam_stereo_left_raw_history_-2/cam_stereo_left_raw_history_-2.z18  
 extracting: SeeingThroughFogCompressed/cam_stereo_left_raw_history_-2/cam_stereo_left_raw_history_-2.z12  
 extracting: SeeingThroughFogCompressed/cam_stereo_left_raw_history_-2/cam_stereo_left_raw_history_-2.z01  
 extracting: SeeingThroughFogCompressed/cam_stereo_left_raw_history_-2/cam_stereo_left_raw_history_-2.z03  
 extracting: SeeingThroughFogCompressed/cam_stereo_left_raw_history_-2/cam_stereo_left_raw_history_-2.z09  
 extracting: SeeingThroughFogCompressed/cam_stereo_left_raw_history_-2/cam_stereo_left_raw_history_-2.z22  
 extracting: SeeingThroughFogCompressed/cam_stereo_left_raw_history_-2/cam_stereo_left_raw_history_-2.z10  
 extracting: SeeingThroughFogCompressed/cam_stereo_left_raw_history_-2/cam_stereo_left_raw_history_-2.z17  
 extracting: SeeingThroughFogCompressed/cam_stereo_left_raw_history_-2/cam_stereo_left_raw_history_-2.z04  
 extracting: SeeingThroughFogCompressed/cam_stereo_left_raw_history_-2/cam_stereo_left_raw_history_-2.z21  
 extracting: SeeingThroughFogCompressed/cam_stereo_left_raw_history_-2/cam_stereo_left_raw_history_-2.z13  
 extracting: SeeingThroughFogCompressed/cam_stereo_left_raw_history_-2/cam_stereo_left_raw_history_-2.z19  
 extracting: SeeingThroughFogCompressed/cam_stereo_left_raw_history_-2/cam_stereo_left_raw_history_-2.z14  
 extracting: SeeingThroughFogCompressed/cam_stereo_left_raw_history_-2/cam_stereo_left_raw_history_-2.zip  
 extracting: SeeingThroughFogCompressed/cam_stereo_left_raw_history_-2/cam_stereo_left_raw_history_-2.z07  
   creating: SeeingThroughFogCompressed/gated2_raw/
 extracting: SeeingThroughFogCompressed/gated2_raw/gated2_raw.z04  
 extracting: SeeingThroughFogCompressed/gated2_raw/gated2_raw.z03  
 extracting: SeeingThroughFogCompressed/gated2_raw/gated2_raw.zip  
 extracting: SeeingThroughFogCompressed/gated2_raw/gated2_raw.z02  
 extracting: SeeingThroughFogCompressed/gated2_raw/gated2_raw.z05  
 extracting: SeeingThroughFogCompressed/gated2_raw/gated2_raw.z01  
 extracting: SeeingThroughFogCompressed/gated2_raw/gated2_raw.z06  
   creating: SeeingThroughFogCompressed/cam_stereo_left_raw_history_2/
 extracting: SeeingThroughFogCompressed/cam_stereo_left_raw_history_2/cam_stereo_left_raw_history_2.z14  
 extracting: SeeingThroughFogCompressed/cam_stereo_left_raw_history_2/cam_stereo_left_raw_history_2.zip  
 extracting: SeeingThroughFogCompressed/cam_stereo_left_raw_history_2/cam_stereo_left_raw_history_2.z07  
 extracting: SeeingThroughFogCompressed/cam_stereo_left_raw_history_2/cam_stereo_left_raw_history_2.z21  
 extracting: SeeingThroughFogCompressed/cam_stereo_left_raw_history_2/cam_stereo_left_raw_history_2.z13  
 extracting: SeeingThroughFogCompressed/cam_stereo_left_raw_history_2/cam_stereo_left_raw_history_2.z19  
 extracting: SeeingThroughFogCompressed/cam_stereo_left_raw_history_2/cam_stereo_left_raw_history_2.z17  
 extracting: SeeingThroughFogCompressed/cam_stereo_left_raw_history_2/cam_stereo_left_raw_history_2.z04  
 extracting: SeeingThroughFogCompressed/cam_stereo_left_raw_history_2/cam_stereo_left_raw_history_2.z03  
 extracting: SeeingThroughFogCompressed/cam_stereo_left_raw_history_2/cam_stereo_left_raw_history_2.z09  
 extracting: SeeingThroughFogCompressed/cam_stereo_left_raw_history_2/cam_stereo_left_raw_history_2.z22  
 extracting: SeeingThroughFogCompressed/cam_stereo_left_raw_history_2/cam_stereo_left_raw_history_2.z10  
 extracting: SeeingThroughFogCompressed/cam_stereo_left_raw_history_2/cam_stereo_left_raw_history_2.z20  
 extracting: SeeingThroughFogCompressed/cam_stereo_left_raw_history_2/cam_stereo_left_raw_history_2.z18  
 extracting: SeeingThroughFogCompressed/cam_stereo_left_raw_history_2/cam_stereo_left_raw_history_2.z12  
 extracting: SeeingThroughFogCompressed/cam_stereo_left_raw_history_2/cam_stereo_left_raw_history_2.z01  
 extracting: SeeingThroughFogCompressed/cam_stereo_left_raw_history_2/cam_stereo_left_raw_history_2.z06  
 extracting: SeeingThroughFogCompressed/cam_stereo_left_raw_history_2/cam_stereo_left_raw_history_2.z15  
 extracting: SeeingThroughFogCompressed/cam_stereo_left_raw_history_2/cam_stereo_left_raw_history_2.z23  
 extracting: SeeingThroughFogCompressed/cam_stereo_left_raw_history_2/cam_stereo_left_raw_history_2.z11  
 extracting: SeeingThroughFogCompressed/cam_stereo_left_raw_history_2/cam_stereo_left_raw_history_2.z08  
 extracting: SeeingThroughFogCompressed/cam_stereo_left_raw_history_2/cam_stereo_left_raw_history_2.z02  
 extracting: SeeingThroughFogCompressed/cam_stereo_left_raw_history_2/cam_stereo_left_raw_history_2.z05  
 extracting: SeeingThroughFogCompressed/cam_stereo_left_raw_history_2/cam_stereo_left_raw_history_2.z16  
 extracting: SeeingThroughFogCompressed/cam_stereo_left_raw_history_2/cam_stereo_left_raw_history_2.z24  
   creating: SeeingThroughFogCompressed/filtered_relevant_can_data/
 extracting: SeeingThroughFogCompressed/filtered_relevant_can_data/filtered_relevant_can_data.zip  
   creating: SeeingThroughFogCompressed/cam_stereo_left_raw_history_-6/
 extracting: SeeingThroughFogCompressed/cam_stereo_left_raw_history_-6/cam_stereo_left_raw_history_-6.z03  
 extracting: SeeingThroughFogCompressed/cam_stereo_left_raw_history_-6/cam_stereo_left_raw_history_-6.z09  
 extracting: SeeingThroughFogCompressed/cam_stereo_left_raw_history_-6/cam_stereo_left_raw_history_-6.z10  
 extracting: SeeingThroughFogCompressed/cam_stereo_left_raw_history_-6/cam_stereo_left_raw_history_-6.z17  
 extracting: SeeingThroughFogCompressed/cam_stereo_left_raw_history_-6/cam_stereo_left_raw_history_-6.z04  
 extracting: SeeingThroughFogCompressed/cam_stereo_left_raw_history_-6/cam_stereo_left_raw_history_-6.z13  
 extracting: SeeingThroughFogCompressed/cam_stereo_left_raw_history_-6/cam_stereo_left_raw_history_-6.z19  
 extracting: SeeingThroughFogCompressed/cam_stereo_left_raw_history_-6/cam_stereo_left_raw_history_-6.z14  
 extracting: SeeingThroughFogCompressed/cam_stereo_left_raw_history_-6/cam_stereo_left_raw_history_-6.zip  
 extracting: SeeingThroughFogCompressed/cam_stereo_left_raw_history_-6/cam_stereo_left_raw_history_-6.z07  
 extracting: SeeingThroughFogCompressed/cam_stereo_left_raw_history_-6/cam_stereo_left_raw_history_-6.z05  
 extracting: SeeingThroughFogCompressed/cam_stereo_left_raw_history_-6/cam_stereo_left_raw_history_-6.z16  
 extracting: SeeingThroughFogCompressed/cam_stereo_left_raw_history_-6/cam_stereo_left_raw_history_-6.z11  
 extracting: SeeingThroughFogCompressed/cam_stereo_left_raw_history_-6/cam_stereo_left_raw_history_-6.z08  
 extracting: SeeingThroughFogCompressed/cam_stereo_left_raw_history_-6/cam_stereo_left_raw_history_-6.z02  
 extracting: SeeingThroughFogCompressed/cam_stereo_left_raw_history_-6/cam_stereo_left_raw_history_-6.z06  
 extracting: SeeingThroughFogCompressed/cam_stereo_left_raw_history_-6/cam_stereo_left_raw_history_-6.z15  
 extracting: SeeingThroughFogCompressed/cam_stereo_left_raw_history_-6/cam_stereo_left_raw_history_-6.z20  
 extracting: SeeingThroughFogCompressed/cam_stereo_left_raw_history_-6/cam_stereo_left_raw_history_-6.z18  
 extracting: SeeingThroughFogCompressed/cam_stereo_left_raw_history_-6/cam_stereo_left_raw_history_-6.z12  
 extracting: SeeingThroughFogCompressed/cam_stereo_left_raw_history_-6/cam_stereo_left_raw_history_-6.z01  
 extracting: SeeingThroughFogCompressed/calib_tf_tree_full.json  
   creating: SeeingThroughFogCompressed/cam_stereo_left/
 extracting: SeeingThroughFogCompressed/cam_stereo_left/cam_stereo_left.z03  
 extracting: SeeingThroughFogCompressed/cam_stereo_left/cam_stereo_left.z09  
 extracting: SeeingThroughFogCompressed/cam_stereo_left/cam_stereo_left.z10  
 extracting: SeeingThroughFogCompressed/cam_stereo_left/cam_stereo_left.z22  
 extracting: SeeingThroughFogCompressed/cam_stereo_left/cam_stereo_left.z25  
 extracting: SeeingThroughFogCompressed/cam_stereo_left/cam_stereo_left.z17  
 extracting: SeeingThroughFogCompressed/cam_stereo_left/cam_stereo_left.z04  
 extracting: SeeingThroughFogCompressed/cam_stereo_left/cam_stereo_left.z13  
 extracting: SeeingThroughFogCompressed/cam_stereo_left/cam_stereo_left.z19  
 extracting: SeeingThroughFogCompressed/cam_stereo_left/cam_stereo_left.z21  
 extracting: SeeingThroughFogCompressed/cam_stereo_left/cam_stereo_left.z14  
 extracting: SeeingThroughFogCompressed/cam_stereo_left/cam_stereo_left.z07  
 extracting: SeeingThroughFogCompressed/cam_stereo_left/cam_stereo_left.zip  
 extracting: SeeingThroughFogCompressed/cam_stereo_left/cam_stereo_left.z05  
 extracting: SeeingThroughFogCompressed/cam_stereo_left/cam_stereo_left.z24  
 extracting: SeeingThroughFogCompressed/cam_stereo_left/cam_stereo_left.z16  
 extracting: SeeingThroughFogCompressed/cam_stereo_left/cam_stereo_left.z11  
 extracting: SeeingThroughFogCompressed/cam_stereo_left/cam_stereo_left.z23  
 extracting: SeeingThroughFogCompressed/cam_stereo_left/cam_stereo_left.z08  
 extracting: SeeingThroughFogCompressed/cam_stereo_left/cam_stereo_left.z02  
 extracting: SeeingThroughFogCompressed/cam_stereo_left/cam_stereo_left.z06  
 extracting: SeeingThroughFogCompressed/cam_stereo_left/cam_stereo_left.z15  
 extracting: SeeingThroughFogCompressed/cam_stereo_left/cam_stereo_left.z18  
 extracting: SeeingThroughFogCompressed/cam_stereo_left/cam_stereo_left.z12  
 extracting: SeeingThroughFogCompressed/cam_stereo_left/cam_stereo_left.z20  
 extracting: SeeingThroughFogCompressed/cam_stereo_left/cam_stereo_left.z01  
   creating: SeeingThroughFogCompressed/cam_stereo_left_raw_history_-1/
 extracting: SeeingThroughFogCompressed/cam_stereo_left_raw_history_-1/cam_stereo_left_raw_history_-1.z22  
 extracting: SeeingThroughFogCompressed/cam_stereo_left_raw_history_-1/cam_stereo_left_raw_history_-1.z10  
 extracting: SeeingThroughFogCompressed/cam_stereo_left_raw_history_-1/cam_stereo_left_raw_history_-1.z03  
 extracting: SeeingThroughFogCompressed/cam_stereo_left_raw_history_-1/cam_stereo_left_raw_history_-1.z09  
 extracting: SeeingThroughFogCompressed/cam_stereo_left_raw_history_-1/cam_stereo_left_raw_history_-1.z04  
 extracting: SeeingThroughFogCompressed/cam_stereo_left_raw_history_-1/cam_stereo_left_raw_history_-1.z17  
 extracting: SeeingThroughFogCompressed/cam_stereo_left_raw_history_-1/cam_stereo_left_raw_history_-1.z21  
 extracting: SeeingThroughFogCompressed/cam_stereo_left_raw_history_-1/cam_stereo_left_raw_history_-1.z13  
 extracting: SeeingThroughFogCompressed/cam_stereo_left_raw_history_-1/cam_stereo_left_raw_history_-1.z19  
 extracting: SeeingThroughFogCompressed/cam_stereo_left_raw_history_-1/cam_stereo_left_raw_history_-1.zip  
 extracting: SeeingThroughFogCompressed/cam_stereo_left_raw_history_-1/cam_stereo_left_raw_history_-1.z07  
 extracting: SeeingThroughFogCompressed/cam_stereo_left_raw_history_-1/cam_stereo_left_raw_history_-1.z14  
 extracting: SeeingThroughFogCompressed/cam_stereo_left_raw_history_-1/cam_stereo_left_raw_history_-1.z16  
 extracting: SeeingThroughFogCompressed/cam_stereo_left_raw_history_-1/cam_stereo_left_raw_history_-1.z24  
 extracting: SeeingThroughFogCompressed/cam_stereo_left_raw_history_-1/cam_stereo_left_raw_history_-1.z05  
 extracting: SeeingThroughFogCompressed/cam_stereo_left_raw_history_-1/cam_stereo_left_raw_history_-1.z08  
 extracting: SeeingThroughFogCompressed/cam_stereo_left_raw_history_-1/cam_stereo_left_raw_history_-1.z02  
 extracting: SeeingThroughFogCompressed/cam_stereo_left_raw_history_-1/cam_stereo_left_raw_history_-1.z23  
 extracting: SeeingThroughFogCompressed/cam_stereo_left_raw_history_-1/cam_stereo_left_raw_history_-1.z11  
 extracting: SeeingThroughFogCompressed/cam_stereo_left_raw_history_-1/cam_stereo_left_raw_history_-1.z15  
 extracting: SeeingThroughFogCompressed/cam_stereo_left_raw_history_-1/cam_stereo_left_raw_history_-1.z06  
 extracting: SeeingThroughFogCompressed/cam_stereo_left_raw_history_-1/cam_stereo_left_raw_history_-1.z01  
 extracting: SeeingThroughFogCompressed/cam_stereo_left_raw_history_-1/cam_stereo_left_raw_history_-1.z20  
 extracting: SeeingThroughFogCompressed/cam_stereo_left_raw_history_-1/cam_stereo_left_raw_history_-1.z18  
 extracting: SeeingThroughFogCompressed/cam_stereo_left_raw_history_-1/cam_stereo_left_raw_history_-1.z12  
   creating: SeeingThroughFogCompressed/gated2_rect/
 extracting: SeeingThroughFogCompressed/gated2_rect/gated2_rect.z05  
 extracting: SeeingThroughFogCompressed/gated2_rect/gated2_rect.z02  
 extracting: SeeingThroughFogCompressed/gated2_rect/gated2_rect.z01  
 extracting: SeeingThroughFogCompressed/gated2_rect/gated2_rect.z03  
 extracting: SeeingThroughFogCompressed/gated2_rect/gated2_rect.z04  
 extracting: SeeingThroughFogCompressed/gated2_rect/gated2_rect.zip  
   creating: SeeingThroughFogCompressed/fir_axis/
 extracting: SeeingThroughFogCompressed/fir_axis/fir_axis.zip  
 extracting: SeeingThroughFogCompressed/fir_axis/fir_axis.z01  
 extracting: SeeingThroughFogCompressed/.DS_Store  
   creating: SeeingThroughFogCompressed/radar_targets/
 extracting: SeeingThroughFogCompressed/radar_targets/radar_targets.zip  
   creating: SeeingThroughFogCompressed/cam_stereo_right_lut/
 extracting: SeeingThroughFogCompressed/cam_stereo_right_lut/cam_stereo_right_lut.z02  
 extracting: SeeingThroughFogCompressed/cam_stereo_right_lut/cam_stereo_right_lut.z08  
 extracting: SeeingThroughFogCompressed/cam_stereo_right_lut/cam_stereo_right_lut.z23  
 extracting: SeeingThroughFogCompressed/cam_stereo_right_lut/cam_stereo_right_lut.z11  
 extracting: SeeingThroughFogCompressed/cam_stereo_right_lut/cam_stereo_right_lut.z16  
 extracting: SeeingThroughFogCompressed/cam_stereo_right_lut/cam_stereo_right_lut.z05  
 extracting: SeeingThroughFogCompressed/cam_stereo_right_lut/cam_stereo_right_lut.z01  
 extracting: SeeingThroughFogCompressed/cam_stereo_right_lut/cam_stereo_right_lut.z20  
 extracting: SeeingThroughFogCompressed/cam_stereo_right_lut/cam_stereo_right_lut.z12  
 extracting: SeeingThroughFogCompressed/cam_stereo_right_lut/cam_stereo_right_lut.z18  
 extracting: SeeingThroughFogCompressed/cam_stereo_right_lut/cam_stereo_right_lut.z15  
 extracting: SeeingThroughFogCompressed/cam_stereo_right_lut/cam_stereo_right_lut.z06  
 extracting: SeeingThroughFogCompressed/cam_stereo_right_lut/cam_stereo_right_lut.z04  
 extracting: SeeingThroughFogCompressed/cam_stereo_right_lut/cam_stereo_right_lut.z17  
 extracting: SeeingThroughFogCompressed/cam_stereo_right_lut/cam_stereo_right_lut.z22  
 extracting: SeeingThroughFogCompressed/cam_stereo_right_lut/cam_stereo_right_lut.z10  
 extracting: SeeingThroughFogCompressed/cam_stereo_right_lut/cam_stereo_right_lut.z09  
 extracting: SeeingThroughFogCompressed/cam_stereo_right_lut/cam_stereo_right_lut.z03  
 extracting: SeeingThroughFogCompressed/cam_stereo_right_lut/cam_stereo_right_lut.zip  
 extracting: SeeingThroughFogCompressed/cam_stereo_right_lut/cam_stereo_right_lut.z07  
 extracting: SeeingThroughFogCompressed/cam_stereo_right_lut/cam_stereo_right_lut.z14  
 extracting: SeeingThroughFogCompressed/cam_stereo_right_lut/cam_stereo_right_lut.z21  
 extracting: SeeingThroughFogCompressed/cam_stereo_right_lut/cam_stereo_right_lut.z19  
 extracting: SeeingThroughFogCompressed/cam_stereo_right_lut/cam_stereo_right_lut.z13  
   creating: SeeingThroughFogCompressed/gated0_rect8/
 extracting: SeeingThroughFogCompressed/gated0_rect8/gated0_rect8.zip  
 extracting: SeeingThroughFogCompressed/gated0_rect8/gated0_rect8.z01  
 extracting: SeeingThroughFogCompressed/gated0_rect8/gated0_rect8.z02  
   creating: SeeingThroughFogCompressed/gated_full_acc_rect8/
 extracting: SeeingThroughFogCompressed/gated_full_acc_rect8/gated_full_acc_rect8.z03  
 extracting: SeeingThroughFogCompressed/gated_full_acc_rect8/gated_full_acc_rect8.zip  
 extracting: SeeingThroughFogCompressed/gated_full_acc_rect8/gated_full_acc_rect8.z02  
 extracting: SeeingThroughFogCompressed/gated_full_acc_rect8/gated_full_acc_rect8.z01  
   creating: SeeingThroughFogCompressed/gated0_raw/
 extracting: SeeingThroughFogCompressed/gated0_raw/gated0_raw.z06  
 extracting: SeeingThroughFogCompressed/gated0_raw/gated0_raw.z01  
 extracting: SeeingThroughFogCompressed/gated0_raw/gated0_raw.z05  
 extracting: SeeingThroughFogCompressed/gated0_raw/gated0_raw.z02  
 extracting: SeeingThroughFogCompressed/gated0_raw/gated0_raw.z07  
 extracting: SeeingThroughFogCompressed/gated0_raw/gated0_raw.zip  
 extracting: SeeingThroughFogCompressed/gated0_raw/gated0_raw.z03  
 extracting: SeeingThroughFogCompressed/gated0_raw/gated0_raw.z04  
   creating: SeeingThroughFogCompressed/gated_full_rect8/
 extracting: SeeingThroughFogCompressed/gated_full_rect8/gated_full_rect8.z01  
 extracting: SeeingThroughFogCompressed/gated_full_rect8/gated_full_rect8.zip  
   creating: SeeingThroughFogCompressed/weather_station/
 extracting: SeeingThroughFogCompressed/weather_station/weather_station.zip  
   creating: SeeingThroughFogCompressed/cam_stereo_left_raw_history_-3/
 extracting: SeeingThroughFogCompressed/cam_stereo_left_raw_history_-3/cam_stereo_left_raw_history_-3.z20  
 extracting: SeeingThroughFogCompressed/cam_stereo_left_raw_history_-3/cam_stereo_left_raw_history_-3.z12  
 extracting: SeeingThroughFogCompressed/cam_stereo_left_raw_history_-3/cam_stereo_left_raw_history_-3.z18  
 extracting: SeeingThroughFogCompressed/cam_stereo_left_raw_history_-3/cam_stereo_left_raw_history_-3.z01  
 extracting: SeeingThroughFogCompressed/cam_stereo_left_raw_history_-3/cam_stereo_left_raw_history_-3.z06  
 extracting: SeeingThroughFogCompressed/cam_stereo_left_raw_history_-3/cam_stereo_left_raw_history_-3.z15  
 extracting: SeeingThroughFogCompressed/cam_stereo_left_raw_history_-3/cam_stereo_left_raw_history_-3.z23  
 extracting: SeeingThroughFogCompressed/cam_stereo_left_raw_history_-3/cam_stereo_left_raw_history_-3.z11  
 extracting: SeeingThroughFogCompressed/cam_stereo_left_raw_history_-3/cam_stereo_left_raw_history_-3.z02  
 extracting: SeeingThroughFogCompressed/cam_stereo_left_raw_history_-3/cam_stereo_left_raw_history_-3.z08  
 extracting: SeeingThroughFogCompressed/cam_stereo_left_raw_history_-3/cam_stereo_left_raw_history_-3.z05  
 extracting: SeeingThroughFogCompressed/cam_stereo_left_raw_history_-3/cam_stereo_left_raw_history_-3.z16  
 extracting: SeeingThroughFogCompressed/cam_stereo_left_raw_history_-3/cam_stereo_left_raw_history_-3.z24  
 extracting: SeeingThroughFogCompressed/cam_stereo_left_raw_history_-3/cam_stereo_left_raw_history_-3.z14  
 extracting: SeeingThroughFogCompressed/cam_stereo_left_raw_history_-3/cam_stereo_left_raw_history_-3.z07  
 extracting: SeeingThroughFogCompressed/cam_stereo_left_raw_history_-3/cam_stereo_left_raw_history_-3.zip  
 extracting: SeeingThroughFogCompressed/cam_stereo_left_raw_history_-3/cam_stereo_left_raw_history_-3.z21  
 extracting: SeeingThroughFogCompressed/cam_stereo_left_raw_history_-3/cam_stereo_left_raw_history_-3.z19  
 extracting: SeeingThroughFogCompressed/cam_stereo_left_raw_history_-3/cam_stereo_left_raw_history_-3.z13  
 extracting: SeeingThroughFogCompressed/cam_stereo_left_raw_history_-3/cam_stereo_left_raw_history_-3.z17  
 extracting: SeeingThroughFogCompressed/cam_stereo_left_raw_history_-3/cam_stereo_left_raw_history_-3.z04  
 extracting: SeeingThroughFogCompressed/cam_stereo_left_raw_history_-3/cam_stereo_left_raw_history_-3.z09  
 extracting: SeeingThroughFogCompressed/cam_stereo_left_raw_history_-3/cam_stereo_left_raw_history_-3.z03  
 extracting: SeeingThroughFogCompressed/cam_stereo_left_raw_history_-3/cam_stereo_left_raw_history_-3.z22  
 extracting: SeeingThroughFogCompressed/cam_stereo_left_raw_history_-3/cam_stereo_left_raw_history_-3.z10  
 extracting: SeeingThroughFogCompressed/calib_gated_bwv.json  
   creating: SeeingThroughFogCompressed/cam_stereo_left_raw_history_-4/
 extracting: SeeingThroughFogCompressed/cam_stereo_left_raw_history_-4/cam_stereo_left_raw_history_-4.z04  
 extracting: SeeingThroughFogCompressed/cam_stereo_left_raw_history_-4/cam_stereo_left_raw_history_-4.z17  
 extracting: SeeingThroughFogCompressed/cam_stereo_left_raw_history_-4/cam_stereo_left_raw_history_-4.z10  
 extracting: SeeingThroughFogCompressed/cam_stereo_left_raw_history_-4/cam_stereo_left_raw_history_-4.z22  
 extracting: SeeingThroughFogCompressed/cam_stereo_left_raw_history_-4/cam_stereo_left_raw_history_-4.z09  
 extracting: SeeingThroughFogCompressed/cam_stereo_left_raw_history_-4/cam_stereo_left_raw_history_-4.z03  
 extracting: SeeingThroughFogCompressed/cam_stereo_left_raw_history_-4/cam_stereo_left_raw_history_-4.zip  
 extracting: SeeingThroughFogCompressed/cam_stereo_left_raw_history_-4/cam_stereo_left_raw_history_-4.z07  
 extracting: SeeingThroughFogCompressed/cam_stereo_left_raw_history_-4/cam_stereo_left_raw_history_-4.z14  
 extracting: SeeingThroughFogCompressed/cam_stereo_left_raw_history_-4/cam_stereo_left_raw_history_-4.z19  
 extracting: SeeingThroughFogCompressed/cam_stereo_left_raw_history_-4/cam_stereo_left_raw_history_-4.z13  
 extracting: SeeingThroughFogCompressed/cam_stereo_left_raw_history_-4/cam_stereo_left_raw_history_-4.z21  
 extracting: SeeingThroughFogCompressed/cam_stereo_left_raw_history_-4/cam_stereo_left_raw_history_-4.z02  
 extracting: SeeingThroughFogCompressed/cam_stereo_left_raw_history_-4/cam_stereo_left_raw_history_-4.z08  
 extracting: SeeingThroughFogCompressed/cam_stereo_left_raw_history_-4/cam_stereo_left_raw_history_-4.z11  
 extracting: SeeingThroughFogCompressed/cam_stereo_left_raw_history_-4/cam_stereo_left_raw_history_-4.z23  
 extracting: SeeingThroughFogCompressed/cam_stereo_left_raw_history_-4/cam_stereo_left_raw_history_-4.z24  
 extracting: SeeingThroughFogCompressed/cam_stereo_left_raw_history_-4/cam_stereo_left_raw_history_-4.z16  
 extracting: SeeingThroughFogCompressed/cam_stereo_left_raw_history_-4/cam_stereo_left_raw_history_-4.z05  
 extracting: SeeingThroughFogCompressed/cam_stereo_left_raw_history_-4/cam_stereo_left_raw_history_-4.z01  
 extracting: SeeingThroughFogCompressed/cam_stereo_left_raw_history_-4/cam_stereo_left_raw_history_-4.z12  
 extracting: SeeingThroughFogCompressed/cam_stereo_left_raw_history_-4/cam_stereo_left_raw_history_-4.z18  
 extracting: SeeingThroughFogCompressed/cam_stereo_left_raw_history_-4/cam_stereo_left_raw_history_-4.z20  
 extracting: SeeingThroughFogCompressed/cam_stereo_left_raw_history_-4/cam_stereo_left_raw_history_-4.z15  
 extracting: SeeingThroughFogCompressed/cam_stereo_left_raw_history_-4/cam_stereo_left_raw_history_-4.z06  
   creating: SeeingThroughFogCompressed/cam_stereo_right/
 extracting: SeeingThroughFogCompressed/cam_stereo_right/cam_stereo_right.z06  
 extracting: SeeingThroughFogCompressed/cam_stereo_right/cam_stereo_right.z15  
 extracting: SeeingThroughFogCompressed/cam_stereo_right/cam_stereo_right.z18  
 extracting: SeeingThroughFogCompressed/cam_stereo_right/cam_stereo_right.z12  
 extracting: SeeingThroughFogCompressed/cam_stereo_right/cam_stereo_right.z20  
 extracting: SeeingThroughFogCompressed/cam_stereo_right/cam_stereo_right.z01  
 extracting: SeeingThroughFogCompressed/cam_stereo_right/cam_stereo_right.z05  
 extracting: SeeingThroughFogCompressed/cam_stereo_right/cam_stereo_right.z24  
 extracting: SeeingThroughFogCompressed/cam_stereo_right/cam_stereo_right.z16  
 extracting: SeeingThroughFogCompressed/cam_stereo_right/cam_stereo_right.z11  
 extracting: SeeingThroughFogCompressed/cam_stereo_right/cam_stereo_right.z23  
 extracting: SeeingThroughFogCompressed/cam_stereo_right/cam_stereo_right.z08  
 extracting: SeeingThroughFogCompressed/cam_stereo_right/cam_stereo_right.z02  
 extracting: SeeingThroughFogCompressed/cam_stereo_right/cam_stereo_right.z13  
 extracting: SeeingThroughFogCompressed/cam_stereo_right/cam_stereo_right.z19  
 extracting: SeeingThroughFogCompressed/cam_stereo_right/cam_stereo_right.z21  
 extracting: SeeingThroughFogCompressed/cam_stereo_right/cam_stereo_right.z14  
 extracting: SeeingThroughFogCompressed/cam_stereo_right/cam_stereo_right.zip  
 extracting: SeeingThroughFogCompressed/cam_stereo_right/cam_stereo_right.z07  
 extracting: SeeingThroughFogCompressed/cam_stereo_right/cam_stereo_right.z03  
 extracting: SeeingThroughFogCompressed/cam_stereo_right/cam_stereo_right.z09  
 extracting: SeeingThroughFogCompressed/cam_stereo_right/cam_stereo_right.z10  
 extracting: SeeingThroughFogCompressed/cam_stereo_right/cam_stereo_right.z22  
 extracting: SeeingThroughFogCompressed/cam_stereo_right/cam_stereo_right.z25  
 extracting: SeeingThroughFogCompressed/cam_stereo_right/cam_stereo_right.z17  
 extracting: SeeingThroughFogCompressed/cam_stereo_right/cam_stereo_right.z04  
   creating: SeeingThroughFogCompressed/road_friction/
 extracting: SeeingThroughFogCompressed/road_friction/road_friction.zip  
   creating: SeeingThroughFogCompressed/lidar_hdl64_strongest/
 extracting: SeeingThroughFogCompressed/lidar_hdl64_strongest/lidar_hdl64_strongest.zip  
 extracting: SeeingThroughFogCompressed/lidar_hdl64_strongest/lidar_hdl64_strongest.z03  
 extracting: SeeingThroughFogCompressed/lidar_hdl64_strongest/lidar_hdl64_strongest.z04  
 extracting: SeeingThroughFogCompressed/lidar_hdl64_strongest/lidar_hdl64_strongest.z06  
 extracting: SeeingThroughFogCompressed/lidar_hdl64_strongest/lidar_hdl64_strongest.z01  
 extracting: SeeingThroughFogCompressed/lidar_hdl64_strongest/lidar_hdl64_strongest.z05  
 extracting: SeeingThroughFogCompressed/lidar_hdl64_strongest/lidar_hdl64_strongest.z02  
 extracting: SeeingThroughFogCompressed/calib_cam_stereo_left.json  
   creating: SeeingThroughFogCompressed/gated1_rect8/
 extracting: SeeingThroughFogCompressed/gated1_rect8/gated1_rect8.zip  
 extracting: SeeingThroughFogCompressed/gated1_rect8/gated1_rect8.z02  
 extracting: SeeingThroughFogCompressed/gated1_rect8/gated1_rect8.z01  
   creating: SeeingThroughFogCompressed/gated0_rect/
 extracting: SeeingThroughFogCompressed/gated0_rect/gated0_rect.z01  
 extracting: SeeingThroughFogCompressed/gated0_rect/gated0_rect.z02  
 extracting: SeeingThroughFogCompressed/gated0_rect/gated0_rect.z05  
 extracting: SeeingThroughFogCompressed/gated0_rect/gated0_rect.zip  
 extracting: SeeingThroughFogCompressed/gated0_rect/gated0_rect.z04  
 extracting: SeeingThroughFogCompressed/gated0_rect/gated0_rect.z03  
   creating: SeeingThroughFogCompressed/lidar_vlp32_last/
 extracting: SeeingThroughFogCompressed/lidar_vlp32_last/lidar_vlp32_last.z02  
 extracting: SeeingThroughFogCompressed/lidar_vlp32_last/lidar_vlp32_last.z01  
 extracting: SeeingThroughFogCompressed/lidar_vlp32_last/lidar_vlp32_last.zip  
   creating: SeeingThroughFogCompressed/lidar_hdl64_last/
 extracting: SeeingThroughFogCompressed/lidar_hdl64_last/lidar_hdl64_last.z03  
 extracting: SeeingThroughFogCompressed/lidar_hdl64_last/lidar_hdl64_last.z04  
 extracting: SeeingThroughFogCompressed/lidar_hdl64_last/lidar_hdl64_last.zip  
 extracting: SeeingThroughFogCompressed/lidar_hdl64_last/lidar_hdl64_last.z05  
 extracting: SeeingThroughFogCompressed/lidar_hdl64_last/lidar_hdl64_last.z02  
 extracting: SeeingThroughFogCompressed/lidar_hdl64_last/lidar_hdl64_last.z06  
 extracting: SeeingThroughFogCompressed/lidar_hdl64_last/lidar_hdl64_last.z01  
   creating: SeeingThroughFogCompressed/gated2_rect8/
 extracting: SeeingThroughFogCompressed/gated2_rect8/gated2_rect8.z01  
 extracting: SeeingThroughFogCompressed/gated2_rect8/gated2_rect8.z02  
 extracting: SeeingThroughFogCompressed/gated2_rect8/gated2_rect8.zip  
   creating: SeeingThroughFogCompressed/gt_labels/
 extracting: SeeingThroughFogCompressed/gt_labels/cam_left_labels_TMP.zip  
 extracting: SeeingThroughFogCompressed/gt_labels/gated_labels_TMP.zip  
   creating: SeeingThroughFogCompressed/gated1_rect/
 extracting: SeeingThroughFogCompressed/gated1_rect/gated1_rect.zip  
 extracting: SeeingThroughFogCompressed/gated1_rect/gated1_rect.z03  
 extracting: SeeingThroughFogCompressed/gated1_rect/gated1_rect.z04  
 extracting: SeeingThroughFogCompressed/gated1_rect/gated1_rect.z01  
 extracting: SeeingThroughFogCompressed/gated1_rect/gated1_rect.z05  
 extracting: SeeingThroughFogCompressed/gated1_rect/gated1_rect.z02  
   creating: SeeingThroughFogCompressed/gated1_raw/
 extracting: SeeingThroughFogCompressed/gated1_raw/gated1_raw.z07  
 extracting: SeeingThroughFogCompressed/gated1_raw/gated1_raw.zip  
 extracting: SeeingThroughFogCompressed/gated1_raw/gated1_raw.z03  
 extracting: SeeingThroughFogCompressed/gated1_raw/gated1_raw.z04  
 extracting: SeeingThroughFogCompressed/gated1_raw/gated1_raw.z06  
 extracting: SeeingThroughFogCompressed/gated1_raw/gated1_raw.z01  
 extracting: SeeingThroughFogCompressed/gated1_raw/gated1_raw.z05  
 extracting: SeeingThroughFogCompressed/gated1_raw/gated1_raw.z02  
   creating: SeeingThroughFogCompressed/lidar_vlp32_strongest/
 extracting: SeeingThroughFogCompressed/lidar_vlp32_strongest/lidar_vlp32_strongest.zip  
 extracting: SeeingThroughFogCompressed/lidar_vlp32_strongest/lidar_vlp32_strongest.z02  
 extracting: SeeingThroughFogCompressed/lidar_vlp32_strongest/lidar_vlp32_strongest.z01  
   creating: SeeingThroughFogCompressed/lidar_hdl64_strongest_stereo_left/
 extracting: SeeingThroughFogCompressed/lidar_hdl64_strongest_stereo_left/lidar_hdl64_strongest_stereo_left.zip  
   creating: SeeingThroughFogCompressed/lidar_hdl64_last_stereo_left/
 extracting: SeeingThroughFogCompressed/lidar_hdl64_last_stereo_left/lidar_hdl64_last_stereo_left.zip  
   creating: SeeingThroughFogCompressed/cam_stereo_sgm/
 extracting: SeeingThroughFogCompressed/cam_stereo_sgm/cam_stereo_sgm.zip  
 extracting: SeeingThroughFogCompressed/cam_stereo_sgm/cam_stereo_sgm.z01  
 extracting: SeeingThroughFogCompressed/cam_stereo_sgm/cam_stereo_sgm.z02  
   creating: SeeingThroughFogCompressed/gated_full_acc_rect/
 extracting: SeeingThroughFogCompressed/gated_full_acc_rect/gated_full_acc_rect.zip  
 extracting: SeeingThroughFogCompressed/gated_full_acc_rect/gated_full_acc_rect.z04  
 extracting: SeeingThroughFogCompressed/gated_full_acc_rect/gated_full_acc_rect.z03  
 extracting: SeeingThroughFogCompressed/gated_full_acc_rect/gated_full_acc_rect.z01  
 extracting: SeeingThroughFogCompressed/gated_full_acc_rect/gated_full_acc_rect.z06  
 extracting: SeeingThroughFogCompressed/gated_full_acc_rect/gated_full_acc_rect.z02  
 extracting: SeeingThroughFogCompressed/gated_full_acc_rect/gated_full_acc_rect.z05  
   creating: SeeingThroughFogCompressed/velodyne_planes/
 extracting: SeeingThroughFogCompressed/velodyne_planes/velodyne_planes.zip  
   creating: SeeingThroughFogCompressed/cam_stereo_left_raw_history_3/
 extracting: SeeingThroughFogCompressed/cam_stereo_left_raw_history_3/cam_stereo_left_raw_history_3.z23  
 extracting: SeeingThroughFogCompressed/cam_stereo_left_raw_history_3/cam_stereo_left_raw_history_3.z11  
 extracting: SeeingThroughFogCompressed/cam_stereo_left_raw_history_3/cam_stereo_left_raw_history_3.z02  
 extracting: SeeingThroughFogCompressed/cam_stereo_left_raw_history_3/cam_stereo_left_raw_history_3.z08  
 extracting: SeeingThroughFogCompressed/cam_stereo_left_raw_history_3/cam_stereo_left_raw_history_3.z05  
 extracting: SeeingThroughFogCompressed/cam_stereo_left_raw_history_3/cam_stereo_left_raw_history_3.z16  
 extracting: SeeingThroughFogCompressed/cam_stereo_left_raw_history_3/cam_stereo_left_raw_history_3.z24  
 extracting: SeeingThroughFogCompressed/cam_stereo_left_raw_history_3/cam_stereo_left_raw_history_3.z20  
 extracting: SeeingThroughFogCompressed/cam_stereo_left_raw_history_3/cam_stereo_left_raw_history_3.z12  
 extracting: SeeingThroughFogCompressed/cam_stereo_left_raw_history_3/cam_stereo_left_raw_history_3.z18  
 extracting: SeeingThroughFogCompressed/cam_stereo_left_raw_history_3/cam_stereo_left_raw_history_3.z01  
 extracting: SeeingThroughFogCompressed/cam_stereo_left_raw_history_3/cam_stereo_left_raw_history_3.z06  
 extracting: SeeingThroughFogCompressed/cam_stereo_left_raw_history_3/cam_stereo_left_raw_history_3.z15  
 extracting: SeeingThroughFogCompressed/cam_stereo_left_raw_history_3/cam_stereo_left_raw_history_3.z17  
 extracting: SeeingThroughFogCompressed/cam_stereo_left_raw_history_3/cam_stereo_left_raw_history_3.z04  
 extracting: SeeingThroughFogCompressed/cam_stereo_left_raw_history_3/cam_stereo_left_raw_history_3.z09  
 extracting: SeeingThroughFogCompressed/cam_stereo_left_raw_history_3/cam_stereo_left_raw_history_3.z03  
 extracting: SeeingThroughFogCompressed/cam_stereo_left_raw_history_3/cam_stereo_left_raw_history_3.z22  
 extracting: SeeingThroughFogCompressed/cam_stereo_left_raw_history_3/cam_stereo_left_raw_history_3.z10  
 extracting: SeeingThroughFogCompressed/cam_stereo_left_raw_history_3/cam_stereo_left_raw_history_3.z14  
 extracting: SeeingThroughFogCompressed/cam_stereo_left_raw_history_3/cam_stereo_left_raw_history_3.zip  
 extracting: SeeingThroughFogCompressed/cam_stereo_left_raw_history_3/cam_stereo_left_raw_history_3.z07  
 extracting: SeeingThroughFogCompressed/cam_stereo_left_raw_history_3/cam_stereo_left_raw_history_3.z21  
 extracting: SeeingThroughFogCompressed/cam_stereo_left_raw_history_3/cam_stereo_left_raw_history_3.z19  
 extracting: SeeingThroughFogCompressed/cam_stereo_left_raw_history_3/cam_stereo_left_raw_history_3.z13  
