(No info could be read for "-p": geteuid()=2715 but you should be root.)
WARNING:__main__:
*****************************************
Setting OMP_NUM_THREADS environment variable for each process to be 1 in default, to avoid your system being overloaded, please further tune the variable for optimal performance in your application as needed. 
*****************************************
2023-10-21 23:12:08,587 - mmdet - INFO - Environment info:
------------------------------------------------------------
sys.platform: linux
Python: 3.8.18 (default, Sep 11 2023, 13:40:15) [GCC 11.2.0]
CUDA available: True
GPU 0,1,2,3: Tesla V100-SXM2-16GB
CUDA_HOME: /usr/local/cuda-10.2
NVCC: Cuda compilation tools, release 10.2, V10.2.89
GCC: gcc (GCC) 10.1.0
PyTorch: 1.10.0+cu102
PyTorch compiling details: PyTorch built with:
  - GCC 7.3
  - C++ Version: 201402
  - Intel(R) Math Kernel Library Version 2020.0.0 Product Build 20191122 for Intel(R) 64 architecture applications
  - Intel(R) MKL-DNN v2.2.3 (Git Hash 7336ca9f055cf1bfa13efb658fe15dc9b41f0740)
  - OpenMP 201511 (a.k.a. OpenMP 4.5)
  - LAPACK is enabled (usually provided by MKL)
  - NNPACK is enabled
  - CPU capability usage: AVX512
  - CUDA Runtime 10.2
  - NVCC architecture flags: -gencode;arch=compute_37,code=sm_37;-gencode;arch=compute_50,code=sm_50;-gencode;arch=compute_60,code=sm_60;-gencode;arch=compute_70,code=sm_70
  - CuDNN 7.6.5
  - Magma 2.5.2
  - Build settings: BLAS_INFO=mkl, BUILD_TYPE=Release, CUDA_VERSION=10.2, CUDNN_VERSION=7.6.5, CXX_COMPILER=/opt/rh/devtoolset-7/root/usr/bin/c++, CXX_FLAGS= -Wno-deprecated -fvisibility-inlines-hidden -DUSE_PTHREADPOOL -fopenmp -DNDEBUG -DUSE_KINETO -DUSE_FBGEMM -DUSE_QNNPACK -DUSE_PYTORCH_QNNPACK -DUSE_XNNPACK -DSYMBOLICATE_MOBILE_DEBUG_HANDLE -DEDGE_PROFILER_USE_KINETO -O2 -fPIC -Wno-narrowing -Wall -Wextra -Werror=return-type -Wno-missing-field-initializers -Wno-type-limits -Wno-array-bounds -Wno-unknown-pragmas -Wno-sign-compare -Wno-unused-parameter -Wno-unused-variable -Wno-unused-function -Wno-unused-result -Wno-unused-local-typedefs -Wno-strict-overflow -Wno-strict-aliasing -Wno-error=deprecated-declarations -Wno-stringop-overflow -Wno-psabi -Wno-error=pedantic -Wno-error=redundant-decls -Wno-error=old-style-cast -fdiagnostics-color=always -faligned-new -Wno-unused-but-set-variable -Wno-maybe-uninitialized -fno-math-errno -fno-trapping-math -Werror=format -Wno-stringop-overflow, LAPACK_INFO=mkl, PERF_WITH_AVX=1, PERF_WITH_AVX2=1, PERF_WITH_AVX512=1, TORCH_VERSION=1.10.0, USE_CUDA=ON, USE_CUDNN=ON, USE_EXCEPTION_PTR=1, USE_GFLAGS=OFF, USE_GLOG=OFF, USE_MKL=ON, USE_MKLDNN=ON, USE_MPI=OFF, USE_NCCL=ON, USE_NNPACK=ON, USE_OPENMP=ON, 

TorchVision: 0.11.0+cu102
OpenCV: 4.8.1
MMCV: 1.3.17
MMCV Compiler: GCC 7.3
MMCV CUDA Compiler: 10.2
MMDetection: 2.19.1+2fb9d84
------------------------------------------------------------

2023-10-21 23:12:09,393 - mmdet - INFO - Distributed training: True
/home/kpatel2s/anaconda3/envs/hrfuser-cuda102-torch110-mmcv-full-1317/lib/python3.8/site-packages/torch/functional.py:445: UserWarning: torch.meshgrid: in an upcoming release, it will be required to pass the indexing argument. (Triggered internally at  ../aten/src/ATen/native/TensorShape.cpp:2157.)
  return _VF.meshgrid(tensors, **kwargs)  # type: ignore[attr-defined]
2023-10-21 23:12:10,150 - mmdet - INFO - Config:
norm_cfg = dict(type='SyncBN', requires_grad=True, momentum=0.1)
transformer_norm_cfg = dict(type='LN', eps=1e-06)
proj_drop_rate = 0.1
model = dict(
    type='CascadeRCNN',
    backbone=dict(
        type='HRFuserHRFormerBased',
        norm_cfg=dict(type='SyncBN', requires_grad=True, momentum=0.1),
        transformer_norm_cfg=dict(type='LN', eps=1e-06),
        norm_eval=False,
        drop_path_rate=0.0,
        num_fused_modalities=2,
        extra=dict(
            LidarStageA=dict(
                num_modules=1,
                num_branches=1,
                block='BOTTLENECK',
                num_blocks=(2, ),
                num_channels=(64, )),
            ModFusionA=dict(
                block='MWCA',
                with_act=True,
                with_pre_act=False,
                drop_path=0.2,
                num_branches=2,
                window_sizes=(7, 7),
                num_heads=(1, 2),
                mlp_ratios=(4, 4),
                num_channels=(18, 36),
                proj_drop_rate=0.1),
            LidarStageB=dict(
                num_modules=1,
                num_branches=1,
                block='HRFORMER',
                window_sizes=(7, ),
                num_heads=(1, ),
                mlp_ratios=(4, ),
                num_blocks=(2, ),
                num_channels=(18, )),
            ModFusionB=dict(
                block='MWCA',
                with_act=True,
                with_pre_act=False,
                drop_path=0.2,
                num_branches=3,
                window_sizes=(7, 7, 7),
                num_heads=(1, 2, 4),
                mlp_ratios=(4, 4, 4),
                num_channels=(18, 36, 72),
                proj_drop_rate=0.1),
            LidarStageC=dict(
                num_modules=3,
                num_branches=1,
                block='HRFORMER',
                window_sizes=(7, ),
                num_heads=(1, ),
                mlp_ratios=(4, ),
                num_blocks=(2, ),
                num_channels=(18, )),
            ModFusionC=dict(
                block='MWCA',
                with_act=True,
                with_pre_act=False,
                drop_path=0.2,
                num_branches=4,
                window_sizes=(7, 7, 7, 7),
                num_heads=(1, 2, 4, 8),
                mlp_ratios=(4, 4, 4, 4),
                num_channels=(18, 36, 72, 144),
                proj_drop_rate=0.1),
            LidarStageD=None,
            stage1=dict(
                num_modules=1,
                num_branches=1,
                block='BOTTLENECK',
                num_blocks=(2, ),
                num_channels=(64, )),
            stage2=dict(
                num_modules=1,
                num_branches=2,
                block='HRFORMER',
                window_sizes=(7, 7),
                num_heads=(1, 2),
                mlp_ratios=(4, 4),
                num_blocks=(2, 2),
                num_channels=(18, 36),
                in_module_fusion=False),
            stage3=dict(
                num_modules=3,
                num_branches=3,
                block='HRFORMER',
                window_sizes=(7, 7, 7),
                num_heads=(1, 2, 4),
                mlp_ratios=(4, 4, 4),
                num_blocks=(2, 2, 2),
                num_channels=(18, 36, 72),
                in_module_fusion=False),
            stage4=dict(
                num_modules=2,
                num_branches=4,
                block='HRFORMER',
                window_sizes=(7, 7, 7, 7),
                num_heads=(1, 2, 4, 8),
                mlp_ratios=(4, 4, 4, 4),
                num_blocks=(2, 2, 2, 2),
                num_channels=(18, 36, 72, 144),
                in_module_fusion=False))),
    neck=dict(type='HRFPN', in_channels=[18, 36, 72, 144], out_channels=256),
    rpn_head=dict(
        type='RPNHead',
        in_channels=256,
        feat_channels=256,
        anchor_generator=dict(
            type='AnchorGenerator',
            scales=[8],
            ratios=[0.5, 1.0, 2.0],
            strides=[4, 8, 16, 32, 64]),
        bbox_coder=dict(
            type='DeltaXYWHBBoxCoder',
            target_means=[0.0, 0.0, 0.0, 0.0],
            target_stds=[1.0, 1.0, 1.0, 1.0]),
        loss_cls=dict(
            type='CrossEntropyLoss', use_sigmoid=True, loss_weight=1.0),
        loss_bbox=dict(
            type='SmoothL1Loss', beta=0.1111111111111111, loss_weight=1.0)),
    roi_head=dict(
        type='CascadeRoIHead',
        num_stages=3,
        stage_loss_weights=[1, 0.5, 0.25],
        bbox_roi_extractor=dict(
            type='SingleRoIExtractor',
            roi_layer=dict(type='RoIAlign', output_size=7, sampling_ratio=0),
            out_channels=256,
            featmap_strides=[4, 8, 16, 32]),
        bbox_head=[
            dict(
                type='Shared2FCBBoxHead',
                in_channels=256,
                fc_out_channels=1024,
                roi_feat_size=7,
                num_classes=10,
                bbox_coder=dict(
                    type='DeltaXYWHBBoxCoder',
                    target_means=[0.0, 0.0, 0.0, 0.0],
                    target_stds=[0.1, 0.1, 0.2, 0.2]),
                reg_class_agnostic=True,
                loss_cls=dict(
                    type='CrossEntropyLoss',
                    use_sigmoid=False,
                    loss_weight=1.0),
                loss_bbox=dict(type='SmoothL1Loss', beta=1.0,
                               loss_weight=1.0)),
            dict(
                type='Shared2FCBBoxHead',
                in_channels=256,
                fc_out_channels=1024,
                roi_feat_size=7,
                num_classes=10,
                bbox_coder=dict(
                    type='DeltaXYWHBBoxCoder',
                    target_means=[0.0, 0.0, 0.0, 0.0],
                    target_stds=[0.05, 0.05, 0.1, 0.1]),
                reg_class_agnostic=True,
                loss_cls=dict(
                    type='CrossEntropyLoss',
                    use_sigmoid=False,
                    loss_weight=1.0),
                loss_bbox=dict(type='SmoothL1Loss', beta=1.0,
                               loss_weight=1.0)),
            dict(
                type='Shared2FCBBoxHead',
                in_channels=256,
                fc_out_channels=1024,
                roi_feat_size=7,
                num_classes=10,
                bbox_coder=dict(
                    type='DeltaXYWHBBoxCoder',
                    target_means=[0.0, 0.0, 0.0, 0.0],
                    target_stds=[0.033, 0.033, 0.067, 0.067]),
                reg_class_agnostic=True,
                loss_cls=dict(
                    type='CrossEntropyLoss',
                    use_sigmoid=False,
                    loss_weight=1.0),
                loss_bbox=dict(type='SmoothL1Loss', beta=1.0, loss_weight=1.0))
        ]),
    train_cfg=dict(
        rpn=dict(
            assigner=dict(
                type='MaxIoUAssigner',
                pos_iou_thr=0.7,
                neg_iou_thr=0.3,
                min_pos_iou=0.3,
                match_low_quality=True,
                ignore_iof_thr=-1),
            sampler=dict(
                type='RandomSampler',
                num=256,
                pos_fraction=0.5,
                neg_pos_ub=-1,
                add_gt_as_proposals=False),
            allowed_border=0,
            pos_weight=-1,
            debug=False),
        rpn_proposal=dict(
            nms_pre=2000,
            max_per_img=2000,
            nms=dict(type='nms', iou_threshold=0.7),
            min_bbox_size=0),
        rcnn=[
            dict(
                assigner=dict(
                    type='MaxIoUAssigner',
                    pos_iou_thr=0.5,
                    neg_iou_thr=0.5,
                    min_pos_iou=0.5,
                    match_low_quality=False,
                    ignore_iof_thr=-1),
                sampler=dict(
                    type='RandomSampler',
                    num=512,
                    pos_fraction=0.25,
                    neg_pos_ub=-1,
                    add_gt_as_proposals=True),
                pos_weight=-1,
                debug=False),
            dict(
                assigner=dict(
                    type='MaxIoUAssigner',
                    pos_iou_thr=0.6,
                    neg_iou_thr=0.6,
                    min_pos_iou=0.6,
                    match_low_quality=False,
                    ignore_iof_thr=-1),
                sampler=dict(
                    type='RandomSampler',
                    num=512,
                    pos_fraction=0.25,
                    neg_pos_ub=-1,
                    add_gt_as_proposals=True),
                pos_weight=-1,
                debug=False),
            dict(
                assigner=dict(
                    type='MaxIoUAssigner',
                    pos_iou_thr=0.7,
                    neg_iou_thr=0.7,
                    min_pos_iou=0.7,
                    match_low_quality=False,
                    ignore_iof_thr=-1),
                sampler=dict(
                    type='RandomSampler',
                    num=512,
                    pos_fraction=0.25,
                    neg_pos_ub=-1,
                    add_gt_as_proposals=True),
                pos_weight=-1,
                debug=False)
        ]),
    test_cfg=dict(
        rpn=dict(
            nms_pre=1000,
            max_per_img=1000,
            nms=dict(type='nms', iou_threshold=0.7),
            min_bbox_size=0),
        rcnn=dict(
            score_thr=0.05,
            nms=dict(type='nms', iou_threshold=0.5),
            max_per_img=100)))
dataset_type = 'CocoDataset'
data_root = 'data/nuscenes/'
class_names = [
    'car', 'truck', 'trailer', 'bus', 'construction_vehicle', 'bicycle',
    'motorcycle', 'pedestrian', 'traffic_cone', 'barrier'
]
classes = [
    'car', 'truck', 'trailer', 'bus', 'construction_vehicle', 'bicycle',
    'motorcycle', 'pedestrian', 'traffic_cone', 'barrier'
]
img_norm_cfg = dict(
    mean=[123.675, 116.28, 103.53], std=[58.395, 57.12, 57.375], to_rgb=True)
lidar_norm_cfg = dict(
    mean=[0.23277158, 0.31501067, -0.00012928071],
    std=[2.5538357826888602, 3.7345728854535643, 0.2815488539921788],
    to_rgb=False)
radar_norm_cfg = dict(
    mean=[0.19778967, 0.03477772, 0.0025186215],
    std=[3.219927182957935, 0.7240392925308506, 0.11561270078715341],
    to_rgb=False)
train_pipeline = [
    dict(type='LoadImageFromFile', to_float32=True),
    dict(
        type='LoadProjectedSensorImageFile',
        sensor_type='lidar',
        to_float32=True,
        color_type='unchanged',
        channels=['rih']),
    dict(
        type='Normalize',
        mean=[0.23277158, 0.31501067, -0.00012928071],
        std=[2.5538357826888602, 3.7345728854535643, 0.2815488539921788],
        to_rgb=False,
        keys=['lidar_img'],
        sensor_type='lidar'),
    dict(
        type='LoadProjectedSensorImageFile',
        sensor_type='radar',
        to_float32=True,
        color_type='unchanged',
        channels=['riv']),
    dict(
        type='Normalize',
        mean=[0.19778967, 0.03477772, 0.0025186215],
        std=[3.219927182957935, 0.7240392925308506, 0.11561270078715341],
        to_rgb=False,
        keys=['radar_img'],
        sensor_type='radar'),
    dict(type='LoadAnnotations', with_bbox=True, with_visibility=True),
    dict(
        type='Resize',
        img_scale=(640, 360),
        keep_ratio=True,
        skip_keys=['lidar_img', 'radar_img']),
    dict(type='RandomFlip', flip_ratio=0.5),
    dict(
        type='Normalize',
        mean=[123.675, 116.28, 103.53],
        std=[58.395, 57.12, 57.375],
        to_rgb=True,
        keys=['img']),
    dict(type='Pad', size_divisor=32),
    dict(
        type='RandomDrop',
        p=[0.2, 0.2, 0.2],
        keys=['img', 'lidar_img', 'radar_img']),
    dict(
        type='DefaultFormatBundle',
        sensor_keys=['img', 'lidar_img', 'radar_img']),
    dict(
        type='Collect',
        keys=['img', 'lidar_img', 'radar_img', 'gt_bboxes', 'gt_labels'],
        meta_keys=('filename', 'ori_filename', 'ori_shape', 'img_shape',
                   'pad_shape', 'scale_factor', 'flip', 'flip_direction',
                   'img_norm_cfg', 'lidar_ori_shape', 'lidar_norm_cfg',
                   'radar_ori_shape', 'radar_norm_cfg'))
]
test_pipeline = [
    dict(type='LoadImageFromFile', to_float32=True),
    dict(
        type='LoadProjectedSensorImageFile',
        sensor_type='lidar',
        to_float32=True,
        color_type='unchanged',
        channels=['rih']),
    dict(
        type='LoadProjectedSensorImageFile',
        sensor_type='radar',
        to_float32=True,
        color_type='unchanged',
        channels=['riv']),
    dict(
        type='MultiScaleFlipAug',
        img_scale=(640, 360),
        flip=False,
        transforms=[
            dict(
                type='Normalize',
                mean=[0.23277158, 0.31501067, -0.00012928071],
                std=[
                    2.5538357826888602, 3.7345728854535643, 0.2815488539921788
                ],
                to_rgb=False,
                keys=['lidar_img'],
                sensor_type='lidar'),
            dict(
                type='Normalize',
                mean=[0.19778967, 0.03477772, 0.0025186215],
                std=[
                    3.219927182957935, 0.7240392925308506, 0.11561270078715341
                ],
                to_rgb=False,
                keys=['radar_img'],
                sensor_type='radar'),
            dict(
                type='Resize',
                keep_ratio=True,
                skip_keys=['lidar_img', 'radar_img']),
            dict(type='RandomFlip'),
            dict(
                type='Normalize',
                mean=[123.675, 116.28, 103.53],
                std=[58.395, 57.12, 57.375],
                to_rgb=True,
                keys=['img']),
            dict(type='Pad', size_divisor=32),
            dict(type='ImageToTensor', keys=['img', 'lidar_img', 'radar_img']),
            dict(type='Collect', keys=['img', 'lidar_img', 'radar_img'])
        ])
]
data = dict(
    samples_per_gpu=3,
    workers_per_gpu=2,
    train=dict(
        type='CocoDataset',
        classes=[
            'car', 'truck', 'trailer', 'bus', 'construction_vehicle',
            'bicycle', 'motorcycle', 'pedestrian', 'traffic_cone', 'barrier'
        ],
        data_root='data/nuscenes/',
        ann_file='nuscenes_infos_train_mono3d.coco.json',
        img_prefix='',
        lidar_prefix='',
        radar_prefix='',
        lidar_img_mode=True,
        radar_img_mode=True,
        pipeline=[
            dict(type='LoadImageFromFile', to_float32=True),
            dict(
                type='LoadProjectedSensorImageFile',
                sensor_type='lidar',
                to_float32=True,
                color_type='unchanged',
                channels=['rih']),
            dict(
                type='Normalize',
                mean=[0.23277158, 0.31501067, -0.00012928071],
                std=[
                    2.5538357826888602, 3.7345728854535643, 0.2815488539921788
                ],
                to_rgb=False,
                keys=['lidar_img'],
                sensor_type='lidar'),
            dict(
                type='LoadProjectedSensorImageFile',
                sensor_type='radar',
                to_float32=True,
                color_type='unchanged',
                channels=['riv']),
            dict(
                type='Normalize',
                mean=[0.19778967, 0.03477772, 0.0025186215],
                std=[
                    3.219927182957935, 0.7240392925308506, 0.11561270078715341
                ],
                to_rgb=False,
                keys=['radar_img'],
                sensor_type='radar'),
            dict(type='LoadAnnotations', with_bbox=True, with_visibility=True),
            dict(
                type='Resize',
                img_scale=(640, 360),
                keep_ratio=True,
                skip_keys=['lidar_img', 'radar_img']),
            dict(type='RandomFlip', flip_ratio=0.5),
            dict(
                type='Normalize',
                mean=[123.675, 116.28, 103.53],
                std=[58.395, 57.12, 57.375],
                to_rgb=True,
                keys=['img']),
            dict(type='Pad', size_divisor=32),
            dict(
                type='RandomDrop',
                p=[0.2, 0.2, 0.2],
                keys=['img', 'lidar_img', 'radar_img']),
            dict(
                type='DefaultFormatBundle',
                sensor_keys=['img', 'lidar_img', 'radar_img']),
            dict(
                type='Collect',
                keys=[
                    'img', 'lidar_img', 'radar_img', 'gt_bboxes', 'gt_labels'
                ],
                meta_keys=('filename', 'ori_filename', 'ori_shape',
                           'img_shape', 'pad_shape', 'scale_factor', 'flip',
                           'flip_direction', 'img_norm_cfg', 'lidar_ori_shape',
                           'lidar_norm_cfg', 'radar_ori_shape',
                           'radar_norm_cfg'))
        ]),
    val=dict(
        type='CocoDataset',
        classes=[
            'car', 'truck', 'trailer', 'bus', 'construction_vehicle',
            'bicycle', 'motorcycle', 'pedestrian', 'traffic_cone', 'barrier'
        ],
        data_root='data/nuscenes/',
        ann_file='nuscenes_infos_val_mono3d.coco.json',
        img_prefix='',
        lidar_prefix='',
        radar_prefix='',
        lidar_img_mode=True,
        radar_img_mode=True,
        pipeline=[
            dict(type='LoadImageFromFile', to_float32=True),
            dict(
                type='LoadProjectedSensorImageFile',
                sensor_type='lidar',
                to_float32=True,
                color_type='unchanged',
                channels=['rih']),
            dict(
                type='LoadProjectedSensorImageFile',
                sensor_type='radar',
                to_float32=True,
                color_type='unchanged',
                channels=['riv']),
            dict(
                type='MultiScaleFlipAug',
                img_scale=(640, 360),
                flip=False,
                transforms=[
                    dict(
                        type='Normalize',
                        mean=[0.23277158, 0.31501067, -0.00012928071],
                        std=[
                            2.5538357826888602, 3.7345728854535643,
                            0.2815488539921788
                        ],
                        to_rgb=False,
                        keys=['lidar_img'],
                        sensor_type='lidar'),
                    dict(
                        type='Normalize',
                        mean=[0.19778967, 0.03477772, 0.0025186215],
                        std=[
                            3.219927182957935, 0.7240392925308506,
                            0.11561270078715341
                        ],
                        to_rgb=False,
                        keys=['radar_img'],
                        sensor_type='radar'),
                    dict(
                        type='Resize',
                        keep_ratio=True,
                        skip_keys=['lidar_img', 'radar_img']),
                    dict(type='RandomFlip'),
                    dict(
                        type='Normalize',
                        mean=[123.675, 116.28, 103.53],
                        std=[58.395, 57.12, 57.375],
                        to_rgb=True,
                        keys=['img']),
                    dict(type='Pad', size_divisor=32),
                    dict(
                        type='ImageToTensor',
                        keys=['img', 'lidar_img', 'radar_img']),
                    dict(
                        type='Collect', keys=['img', 'lidar_img', 'radar_img'])
                ])
        ]),
    test=dict(
        type='CocoDataset',
        classes=[
            'car', 'truck', 'trailer', 'bus', 'construction_vehicle',
            'bicycle', 'motorcycle', 'pedestrian', 'traffic_cone', 'barrier'
        ],
        data_root='data/nuscenes/',
        ann_file='nuscenes_infos_val_mono3d.coco.json',
        img_prefix='',
        lidar_prefix='',
        radar_prefix='',
        lidar_img_mode=True,
        radar_img_mode=True,
        pipeline=[
            dict(type='LoadImageFromFile', to_float32=True),
            dict(
                type='LoadProjectedSensorImageFile',
                sensor_type='lidar',
                to_float32=True,
                color_type='unchanged',
                channels=['rih']),
            dict(
                type='LoadProjectedSensorImageFile',
                sensor_type='radar',
                to_float32=True,
                color_type='unchanged',
                channels=['riv']),
            dict(
                type='MultiScaleFlipAug',
                img_scale=(640, 360),
                flip=False,
                transforms=[
                    dict(
                        type='Normalize',
                        mean=[0.23277158, 0.31501067, -0.00012928071],
                        std=[
                            2.5538357826888602, 3.7345728854535643,
                            0.2815488539921788
                        ],
                        to_rgb=False,
                        keys=['lidar_img'],
                        sensor_type='lidar'),
                    dict(
                        type='Normalize',
                        mean=[0.19778967, 0.03477772, 0.0025186215],
                        std=[
                            3.219927182957935, 0.7240392925308506,
                            0.11561270078715341
                        ],
                        to_rgb=False,
                        keys=['radar_img'],
                        sensor_type='radar'),
                    dict(
                        type='Resize',
                        keep_ratio=True,
                        skip_keys=['lidar_img', 'radar_img']),
                    dict(type='RandomFlip'),
                    dict(
                        type='Normalize',
                        mean=[123.675, 116.28, 103.53],
                        std=[58.395, 57.12, 57.375],
                        to_rgb=True,
                        keys=['img']),
                    dict(type='Pad', size_divisor=32),
                    dict(
                        type='ImageToTensor',
                        keys=['img', 'lidar_img', 'radar_img']),
                    dict(
                        type='Collect', keys=['img', 'lidar_img', 'radar_img'])
                ])
        ]))
evaluation = dict(interval=1, metric='bbox')
checkpoint_config = dict(interval=1)
log_config = dict(interval=50, hooks=[dict(type='TextLoggerHook')])
custom_hooks = [dict(type='NumClassCheckHook')]
dist_params = dict(backend='nccl')
log_level = 'INFO'
load_from = None
resume_from = None
workflow = [('train', 1)]
optimizer = dict(
    type='AdamW',
    lr=0.0003,
    betas=(0.9, 0.999),
    weight_decay=0.01,
    paramwise_cfg=dict(
        custom_keys=dict(
            absolute_pos_embed=dict(decay_mult=0.0),
            relative_position_bias_table=dict(decay_mult=0.0),
            norm=dict(decay_mult=0.0))))
optimizer_config = dict(grad_clip=None)
lr_config = dict(
    policy='step',
    warmup='linear',
    warmup_iters=500,
    warmup_ratio=0.001,
    step=[8, 11])
runner = dict(type='EpochBasedRunner', max_epochs=12)
seed = 0
work_dir = './work_dirs/cascade_rcnn_hrfuser_t_1x_nus_r640_l_r_fusion'
gpu_ids = range(0, 4)

2023-10-21 23:12:10,150 - mmdet - INFO - Set random seed to 0, deterministic: False
/home/kpatel2s/anaconda3/envs/hrfuser-cuda102-torch110-mmcv-full-1317/lib/python3.8/site-packages/torch/functional.py:445: UserWarning: torch.meshgrid: in an upcoming release, it will be required to pass the indexing argument. (Triggered internally at  ../aten/src/ATen/native/TensorShape.cpp:2157.)
  return _VF.meshgrid(tensors, **kwargs)  # type: ignore[attr-defined]
/home/kpatel2s/anaconda3/envs/hrfuser-cuda102-torch110-mmcv-full-1317/lib/python3.8/site-packages/torch/functional.py:445: UserWarning: torch.meshgrid: in an upcoming release, it will be required to pass the indexing argument. (Triggered internally at  ../aten/src/ATen/native/TensorShape.cpp:2157.)
  return _VF.meshgrid(tensors, **kwargs)  # type: ignore[attr-defined]
/home/kpatel2s/anaconda3/envs/hrfuser-cuda102-torch110-mmcv-full-1317/lib/python3.8/site-packages/torch/functional.py:445: UserWarning: torch.meshgrid: in an upcoming release, it will be required to pass the indexing argument. (Triggered internally at  ../aten/src/ATen/native/TensorShape.cpp:2157.)
  return _VF.meshgrid(tensors, **kwargs)  # type: ignore[attr-defined]
2023-10-21 23:12:10,741 - mmdet - INFO - initialize HRFuserHRFormerBased with init_cfg [{'type': 'Kaiming', 'layer': 'Conv2d'}, {'type': 'Constant', 'val': 1, 'layer': ['_BatchNorm', 'GroupNorm']}]
2023-10-21 23:12:10,919 - mmdet - INFO - initialize HRFPN with init_cfg {'type': 'Caffe2Xavier', 'layer': 'Conv2d'}
2023-10-21 23:12:10,937 - mmdet - INFO - initialize RPNHead with init_cfg {'type': 'Normal', 'layer': 'Conv2d', 'std': 0.01}
2023-10-21 23:12:10,941 - mmdet - INFO - initialize Shared2FCBBoxHead with init_cfg [{'type': 'Normal', 'std': 0.01, 'override': {'name': 'fc_cls'}}, {'type': 'Normal', 'std': 0.001, 'override': {'name': 'fc_reg'}}, {'type': 'Xavier', 'distribution': 'uniform', 'override': [{'name': 'shared_fcs'}, {'name': 'cls_fcs'}, {'name': 'reg_fcs'}]}]
2023-10-21 23:12:11,033 - mmdet - INFO - initialize Shared2FCBBoxHead with init_cfg [{'type': 'Normal', 'std': 0.01, 'override': {'name': 'fc_cls'}}, {'type': 'Normal', 'std': 0.001, 'override': {'name': 'fc_reg'}}, {'type': 'Xavier', 'distribution': 'uniform', 'override': [{'name': 'shared_fcs'}, {'name': 'cls_fcs'}, {'name': 'reg_fcs'}]}]
2023-10-21 23:12:11,124 - mmdet - INFO - initialize Shared2FCBBoxHead with init_cfg [{'type': 'Normal', 'std': 0.01, 'override': {'name': 'fc_cls'}}, {'type': 'Normal', 'std': 0.001, 'override': {'name': 'fc_reg'}}, {'type': 'Xavier', 'distribution': 'uniform', 'override': [{'name': 'shared_fcs'}, {'name': 'cls_fcs'}, {'name': 'reg_fcs'}]}]
2023-10-21 23:12:18,060 - mmdet - INFO - Start running, host: kpatel2s@wr15, work_dir: /home/kpatel2s/kpatel2s/sensor_fusion_rnd/KevinPatelRnD/hrfuser/work_dirs/cascade_rcnn_hrfuser_t_1x_nus_r640_l_r_fusion
2023-10-21 23:12:18,061 - mmdet - INFO - Hooks will be executed in the following order:
before_run:
(VERY_HIGH   ) StepLrUpdaterHook                  
(NORMAL      ) CheckpointHook                     
(LOW         ) DistEvalHook                       
(VERY_LOW    ) TextLoggerHook                     
 -------------------- 
before_train_epoch:
(VERY_HIGH   ) StepLrUpdaterHook                  
(NORMAL      ) NumClassCheckHook                  
(NORMAL      ) DistSamplerSeedHook                
(LOW         ) IterTimerHook                      
(LOW         ) DistEvalHook                       
(VERY_LOW    ) TextLoggerHook                     
 -------------------- 
before_train_iter:
(VERY_HIGH   ) StepLrUpdaterHook                  
(LOW         ) IterTimerHook                      
(LOW         ) DistEvalHook                       
 -------------------- 
after_train_iter:
(ABOVE_NORMAL) OptimizerHook                      
(NORMAL      ) CheckpointHook                     
(LOW         ) IterTimerHook                      
(LOW         ) DistEvalHook                       
(VERY_LOW    ) TextLoggerHook                     
 -------------------- 
after_train_epoch:
(NORMAL      ) CheckpointHook                     
(LOW         ) DistEvalHook                       
(VERY_LOW    ) TextLoggerHook                     
 -------------------- 
before_val_epoch:
(NORMAL      ) NumClassCheckHook                  
(NORMAL      ) DistSamplerSeedHook                
(LOW         ) IterTimerHook                      
(VERY_LOW    ) TextLoggerHook                     
 -------------------- 
before_val_iter:
(LOW         ) IterTimerHook                      
 -------------------- 
after_val_iter:
(LOW         ) IterTimerHook                      
 -------------------- 
after_val_epoch:
(VERY_LOW    ) TextLoggerHook                     
 -------------------- 
after_run:
(VERY_LOW    ) TextLoggerHook                     
 -------------------- 
2023-10-21 23:12:18,061 - mmdet - INFO - workflow: [('train', 1)], max: 12 epochs
2023-10-21 23:12:18,062 - mmdet - INFO - Checkpoints will be saved to /home/kpatel2s/kpatel2s/sensor_fusion_rnd/KevinPatelRnD/hrfuser/work_dirs/cascade_rcnn_hrfuser_t_1x_nus_r640_l_r_fusion by HardDiskBackend.
/home/kpatel2s/anaconda3/envs/hrfuser-cuda102-torch110-mmcv-full-1317/lib/python3.8/site-packages/torch/nn/functional.py:3631: UserWarning: Default upsampling behavior when mode=bilinear is changed to align_corners=False since 0.4.0. Please specify align_corners=True if the old behavior is desired. See the documentation of nn.Upsample for details.
  warnings.warn(
/home/kpatel2s/anaconda3/envs/hrfuser-cuda102-torch110-mmcv-full-1317/lib/python3.8/site-packages/torch/nn/functional.py:3631: UserWarning: Default upsampling behavior when mode=bilinear is changed to align_corners=False since 0.4.0. Please specify align_corners=True if the old behavior is desired. See the documentation of nn.Upsample for details.
  warnings.warn(
/home/kpatel2s/anaconda3/envs/hrfuser-cuda102-torch110-mmcv-full-1317/lib/python3.8/site-packages/torch/nn/functional.py:3631: UserWarning: Default upsampling behavior when mode=bilinear is changed to align_corners=False since 0.4.0. Please specify align_corners=True if the old behavior is desired. See the documentation of nn.Upsample for details.
  warnings.warn(
/home/kpatel2s/anaconda3/envs/hrfuser-cuda102-torch110-mmcv-full-1317/lib/python3.8/site-packages/torch/nn/functional.py:3631: UserWarning: Default upsampling behavior when mode=bilinear is changed to align_corners=False since 0.4.0. Please specify align_corners=True if the old behavior is desired. See the documentation of nn.Upsample for details.
  warnings.warn(
[W reducer.cpp:347] Warning: Grad strides do not match bucket view strides. This may indicate grad was not created according to the gradient layout contract, or that the param's strides changed since DDP was constructed.  This is not an error, but may impair performance.
grad.sizes() = [144, 576, 1, 1], strides() = [576, 1, 576, 576]
bucket_view.sizes() = [144, 576, 1, 1], strides() = [576, 1, 1, 1] (function operator())
[W reducer.cpp:347] Warning: Grad strides do not match bucket view strides. This may indicate grad was not created according to the gradient layout contract, or that the param's strides changed since DDP was constructed.  This is not an error, but may impair performance.
grad.sizes() = [144, 576, 1, 1], strides() = [576, 1, 576, 576]
bucket_view.sizes() = [144, 576, 1, 1], strides() = [576, 1, 1, 1] (function operator())
[W reducer.cpp:347] Warning: Grad strides do not match bucket view strides. This may indicate grad was not created according to the gradient layout contract, or that the param's strides changed since DDP was constructed.  This is not an error, but may impair performance.
grad.sizes() = [144, 576, 1, 1], strides() = [576, 1, 576, 576]
bucket_view.sizes() = [144, 576, 1, 1], strides() = [576, 1, 1, 1] (function operator())
[W reducer.cpp:347] Warning: Grad strides do not match bucket view strides. This may indicate grad was not created according to the gradient layout contract, or that the param's strides changed since DDP was constructed.  This is not an error, but may impair performance.
grad.sizes() = [144, 576, 1, 1], strides() = [576, 1, 576, 576]
bucket_view.sizes() = [144, 576, 1, 1], strides() = [576, 1, 1, 1] (function operator())
2023-10-21 23:13:11,484 - mmdet - INFO - Epoch [1][50/141]	lr: 2.967e-05, eta: 0:29:13, time: 1.068, data_time: 0.063, memory: 8939, loss_rpn_cls: 0.5129, loss_rpn_bbox: 0.1156, s0.loss_cls: 0.9706, s0.acc: 81.7900, s0.loss_bbox: 0.0500, s1.loss_cls: 0.3073, s1.acc: 85.7581, s1.loss_bbox: 0.0142, s2.loss_cls: 0.3047, s2.acc: 80.3522, s2.loss_bbox: 0.0022, loss: 2.2775
2023-10-21 23:14:00,615 - mmdet - INFO - Epoch [1][100/141]	lr: 5.964e-05, eta: 0:27:12, time: 0.983, data_time: 0.011, memory: 8939, loss_rpn_cls: 0.2554, loss_rpn_bbox: 0.0681, s0.loss_cls: 0.2400, s0.acc: 95.8734, s0.loss_bbox: 0.0744, s1.loss_cls: 0.0761, s1.acc: 97.6305, s1.loss_bbox: 0.0227, s2.loss_cls: 0.0324, s2.acc: 98.2939, s2.loss_bbox: 0.0037, loss: 0.7728
2023-10-21 23:14:40,299 - mmdet - INFO - Saving checkpoint at 1 epochs
2023-10-21 23:15:02,567 - mmdet - INFO - Evaluating bbox...
2023-10-21 23:15:03,922 - mmdet - INFO - 
 Average Precision  (AP) @[ IoU=0.50:0.95 | area=   all | maxDets=100 ] = 0.001
 Average Precision  (AP) @[ IoU=0.50      | area=   all | maxDets=1000 ] = 0.004
 Average Precision  (AP) @[ IoU=0.75      | area=   all | maxDets=1000 ] = 0.000
 Average Precision  (AP) @[ IoU=0.50:0.95 | area= small | maxDets=1000 ] = 0.000
 Average Precision  (AP) @[ IoU=0.50:0.95 | area=medium | maxDets=1000 ] = 0.000
 Average Precision  (AP) @[ IoU=0.50:0.95 | area= large | maxDets=1000 ] = 0.001
 Average Recall     (AR) @[ IoU=0.50:0.95 | area=   all | maxDets=100 ] = 0.009
 Average Recall     (AR) @[ IoU=0.50:0.95 | area=   all | maxDets=300 ] = 0.009
 Average Recall     (AR) @[ IoU=0.50:0.95 | area=   all | maxDets=1000 ] = 0.009
 Average Recall     (AR) @[ IoU=0.50:0.95 | area= small | maxDets=1000 ] = 0.000
 Average Recall     (AR) @[ IoU=0.50:0.95 | area=medium | maxDets=1000 ] = 0.001
 Average Recall     (AR) @[ IoU=0.50:0.95 | area= large | maxDets=1000 ] = 0.012

2023-10-21 23:15:03,939 - mmdet - INFO - Exp name: cascade_rcnn_hrfuser_t_1x_nus_r640_l_r_fusion.py
2023-10-21 23:15:03,939 - mmdet - INFO - Epoch(val) [1][122]	bbox_mAP: 0.0010, bbox_mAP_50: 0.0040, bbox_mAP_75: 0.0000, bbox_mAP_s: 0.0000, bbox_mAP_m: 0.0000, bbox_mAP_l: 0.0010, bbox_mAP_copypaste: 0.001 0.004 0.000 0.000 0.000 0.001
2023-10-21 23:15:54,760 - mmdet - INFO - Epoch [2][50/141]	lr: 1.142e-04, eta: 0:20:04, time: 1.016, data_time: 0.057, memory: 8939, loss_rpn_cls: 0.1999, loss_rpn_bbox: 0.0596, s0.loss_cls: 0.3070, s0.acc: 93.9443, s0.loss_bbox: 0.1236, s1.loss_cls: 0.0923, s1.acc: 96.8027, s1.loss_bbox: 0.0407, s2.loss_cls: 0.0313, s2.acc: 98.0303, s2.loss_bbox: 0.0065, loss: 0.8608
2023-10-21 23:16:43,237 - mmdet - INFO - Epoch [2][100/141]	lr: 1.442e-04, eta: 0:20:14, time: 0.968, data_time: 0.011, memory: 8939, loss_rpn_cls: 0.1661, loss_rpn_bbox: 0.0489, s0.loss_cls: 0.3049, s0.acc: 93.6807, s0.loss_bbox: 0.1316, s1.loss_cls: 0.0912, s1.acc: 96.6683, s1.loss_bbox: 0.0455, s2.loss_cls: 0.0299, s2.acc: 98.0368, s2.loss_bbox: 0.0075, loss: 0.8256
2023-10-21 23:17:22,202 - mmdet - INFO - Saving checkpoint at 2 epochs
2023-10-21 23:17:44,249 - mmdet - INFO - Evaluating bbox...
2023-10-21 23:17:44,914 - mmdet - INFO - 
 Average Precision  (AP) @[ IoU=0.50:0.95 | area=   all | maxDets=100 ] = 0.010
 Average Precision  (AP) @[ IoU=0.50      | area=   all | maxDets=1000 ] = 0.033
 Average Precision  (AP) @[ IoU=0.75      | area=   all | maxDets=1000 ] = 0.002
 Average Precision  (AP) @[ IoU=0.50:0.95 | area= small | maxDets=1000 ] = 0.000
 Average Precision  (AP) @[ IoU=0.50:0.95 | area=medium | maxDets=1000 ] = 0.006
 Average Precision  (AP) @[ IoU=0.50:0.95 | area= large | maxDets=1000 ] = 0.018
 Average Recall     (AR) @[ IoU=0.50:0.95 | area=   all | maxDets=100 ] = 0.027
 Average Recall     (AR) @[ IoU=0.50:0.95 | area=   all | maxDets=300 ] = 0.027
 Average Recall     (AR) @[ IoU=0.50:0.95 | area=   all | maxDets=1000 ] = 0.027
 Average Recall     (AR) @[ IoU=0.50:0.95 | area= small | maxDets=1000 ] = 0.000
 Average Recall     (AR) @[ IoU=0.50:0.95 | area=medium | maxDets=1000 ] = 0.014
 Average Recall     (AR) @[ IoU=0.50:0.95 | area= large | maxDets=1000 ] = 0.040

2023-10-21 23:17:44,927 - mmdet - INFO - Exp name: cascade_rcnn_hrfuser_t_1x_nus_r640_l_r_fusion.py
2023-10-21 23:17:44,927 - mmdet - INFO - Epoch(val) [2][122]	bbox_mAP: 0.0100, bbox_mAP_50: 0.0330, bbox_mAP_75: 0.0020, bbox_mAP_s: 0.0000, bbox_mAP_m: 0.0060, bbox_mAP_l: 0.0180, bbox_mAP_copypaste: 0.010 0.033 0.002 0.000 0.006 0.018
2023-10-21 23:18:34,269 - mmdet - INFO - Epoch [3][50/141]	lr: 1.987e-04, eta: 0:17:08, time: 0.986, data_time: 0.057, memory: 8939, loss_rpn_cls: 0.1343, loss_rpn_bbox: 0.0448, s0.loss_cls: 0.3079, s0.acc: 92.6449, s0.loss_bbox: 0.1551, s1.loss_cls: 0.0995, s1.acc: 95.7340, s1.loss_bbox: 0.0664, s2.loss_cls: 0.0328, s2.acc: 97.6003, s2.loss_bbox: 0.0126, loss: 0.8534
2023-10-21 23:19:21,805 - mmdet - INFO - Epoch [3][100/141]	lr: 2.287e-04, eta: 0:17:03, time: 0.951, data_time: 0.010, memory: 8939, loss_rpn_cls: 0.1274, loss_rpn_bbox: 0.0424, s0.loss_cls: 0.3128, s0.acc: 92.0895, s0.loss_bbox: 0.1687, s1.loss_cls: 0.1058, s1.acc: 95.1022, s1.loss_bbox: 0.0782, s2.loss_cls: 0.0337, s2.acc: 97.2253, s2.loss_bbox: 0.0166, loss: 0.8855
2023-10-21 23:20:00,040 - mmdet - INFO - Saving checkpoint at 3 epochs
2023-10-21 23:20:21,669 - mmdet - INFO - Evaluating bbox...
2023-10-21 23:20:24,904 - mmdet - INFO - 
 Average Precision  (AP) @[ IoU=0.50:0.95 | area=   all | maxDets=100 ] = 0.023
 Average Precision  (AP) @[ IoU=0.50      | area=   all | maxDets=1000 ] = 0.073
 Average Precision  (AP) @[ IoU=0.75      | area=   all | maxDets=1000 ] = 0.008
 Average Precision  (AP) @[ IoU=0.50:0.95 | area= small | maxDets=1000 ] = 0.000
 Average Precision  (AP) @[ IoU=0.50:0.95 | area=medium | maxDets=1000 ] = 0.015
 Average Precision  (AP) @[ IoU=0.50:0.95 | area= large | maxDets=1000 ] = 0.030
 Average Recall     (AR) @[ IoU=0.50:0.95 | area=   all | maxDets=100 ] = 0.083
 Average Recall     (AR) @[ IoU=0.50:0.95 | area=   all | maxDets=300 ] = 0.083
 Average Recall     (AR) @[ IoU=0.50:0.95 | area=   all | maxDets=1000 ] = 0.083
 Average Recall     (AR) @[ IoU=0.50:0.95 | area= small | maxDets=1000 ] = 0.002
 Average Recall     (AR) @[ IoU=0.50:0.95 | area=medium | maxDets=1000 ] = 0.049
 Average Recall     (AR) @[ IoU=0.50:0.95 | area= large | maxDets=1000 ] = 0.105

2023-10-21 23:20:24,935 - mmdet - INFO - Exp name: cascade_rcnn_hrfuser_t_1x_nus_r640_l_r_fusion.py
2023-10-21 23:20:24,935 - mmdet - INFO - Epoch(val) [3][122]	bbox_mAP: 0.0230, bbox_mAP_50: 0.0730, bbox_mAP_75: 0.0080, bbox_mAP_s: 0.0000, bbox_mAP_m: 0.0150, bbox_mAP_l: 0.0300, bbox_mAP_copypaste: 0.023 0.073 0.008 0.000 0.015 0.030
2023-10-21 23:21:14,207 - mmdet - INFO - Epoch [4][50/141]	lr: 2.832e-04, eta: 0:14:56, time: 0.985, data_time: 0.057, memory: 8939, loss_rpn_cls: 0.1117, loss_rpn_bbox: 0.0398, s0.loss_cls: 0.3022, s0.acc: 91.9277, s0.loss_bbox: 0.1741, s1.loss_cls: 0.1055, s1.acc: 94.5469, s1.loss_bbox: 0.0942, s2.loss_cls: 0.0359, s2.acc: 96.6481, s2.loss_bbox: 0.0244, loss: 0.8878
2023-10-21 23:22:00,679 - mmdet - INFO - Epoch [4][100/141]	lr: 3.000e-04, eta: 0:14:41, time: 0.929, data_time: 0.010, memory: 8939, loss_rpn_cls: 0.1048, loss_rpn_bbox: 0.0378, s0.loss_cls: 0.2999, s0.acc: 91.5775, s0.loss_bbox: 0.1809, s1.loss_cls: 0.1109, s1.acc: 93.8548, s1.loss_bbox: 0.1057, s2.loss_cls: 0.0380, s2.acc: 96.0892, s2.loss_bbox: 0.0302, loss: 0.9082
2023-10-21 23:22:38,920 - mmdet - INFO - Saving checkpoint at 4 epochs
2023-10-21 23:23:00,941 - mmdet - INFO - Evaluating bbox...
2023-10-21 23:23:04,139 - mmdet - INFO - 
 Average Precision  (AP) @[ IoU=0.50:0.95 | area=   all | maxDets=100 ] = 0.035
 Average Precision  (AP) @[ IoU=0.50      | area=   all | maxDets=1000 ] = 0.116
 Average Precision  (AP) @[ IoU=0.75      | area=   all | maxDets=1000 ] = 0.011
 Average Precision  (AP) @[ IoU=0.50:0.95 | area= small | maxDets=1000 ] = 0.000
 Average Precision  (AP) @[ IoU=0.50:0.95 | area=medium | maxDets=1000 ] = 0.020
 Average Precision  (AP) @[ IoU=0.50:0.95 | area= large | maxDets=1000 ] = 0.053
 Average Recall     (AR) @[ IoU=0.50:0.95 | area=   all | maxDets=100 ] = 0.093
 Average Recall     (AR) @[ IoU=0.50:0.95 | area=   all | maxDets=300 ] = 0.093
 Average Recall     (AR) @[ IoU=0.50:0.95 | area=   all | maxDets=1000 ] = 0.093
 Average Recall     (AR) @[ IoU=0.50:0.95 | area= small | maxDets=1000 ] = 0.000
 Average Recall     (AR) @[ IoU=0.50:0.95 | area=medium | maxDets=1000 ] = 0.053
 Average Recall     (AR) @[ IoU=0.50:0.95 | area= large | maxDets=1000 ] = 0.130

2023-10-21 23:23:04,175 - mmdet - INFO - Exp name: cascade_rcnn_hrfuser_t_1x_nus_r640_l_r_fusion.py
2023-10-21 23:23:04,175 - mmdet - INFO - Epoch(val) [4][122]	bbox_mAP: 0.0350, bbox_mAP_50: 0.1160, bbox_mAP_75: 0.0110, bbox_mAP_s: 0.0000, bbox_mAP_m: 0.0200, bbox_mAP_l: 0.0530, bbox_mAP_copypaste: 0.035 0.116 0.011 0.000 0.020 0.053
2023-10-21 23:23:54,851 - mmdet - INFO - Epoch [5][50/141]	lr: 3.000e-04, eta: 0:13:01, time: 1.013, data_time: 0.056, memory: 8939, loss_rpn_cls: 0.0939, loss_rpn_bbox: 0.0361, s0.loss_cls: 0.2870, s0.acc: 91.7995, s0.loss_bbox: 0.1839, s1.loss_cls: 0.1067, s1.acc: 93.8756, s1.loss_bbox: 0.1133, s2.loss_cls: 0.0371, s2.acc: 95.9157, s2.loss_bbox: 0.0349, loss: 0.8930
2023-10-21 23:24:42,475 - mmdet - INFO - Epoch [5][100/141]	lr: 3.000e-04, eta: 0:12:42, time: 0.952, data_time: 0.010, memory: 8939, loss_rpn_cls: 0.0816, loss_rpn_bbox: 0.0321, s0.loss_cls: 0.2657, s0.acc: 92.0426, s0.loss_bbox: 0.1806, s1.loss_cls: 0.1007, s1.acc: 93.8128, s1.loss_bbox: 0.1216, s2.loss_cls: 0.0370, s2.acc: 95.6120, s2.loss_bbox: 0.0417, loss: 0.8609
2023-10-21 23:25:21,434 - mmdet - INFO - Saving checkpoint at 5 epochs
2023-10-21 23:25:42,932 - mmdet - INFO - Evaluating bbox...
2023-10-21 23:25:46,806 - mmdet - INFO - 
 Average Precision  (AP) @[ IoU=0.50:0.95 | area=   all | maxDets=100 ] = 0.054
 Average Precision  (AP) @[ IoU=0.50      | area=   all | maxDets=1000 ] = 0.164
 Average Precision  (AP) @[ IoU=0.75      | area=   all | maxDets=1000 ] = 0.020
 Average Precision  (AP) @[ IoU=0.50:0.95 | area= small | maxDets=1000 ] = 0.001
 Average Precision  (AP) @[ IoU=0.50:0.95 | area=medium | maxDets=1000 ] = 0.034
 Average Precision  (AP) @[ IoU=0.50:0.95 | area= large | maxDets=1000 ] = 0.074
 Average Recall     (AR) @[ IoU=0.50:0.95 | area=   all | maxDets=100 ] = 0.153
 Average Recall     (AR) @[ IoU=0.50:0.95 | area=   all | maxDets=300 ] = 0.153
 Average Recall     (AR) @[ IoU=0.50:0.95 | area=   all | maxDets=1000 ] = 0.153
 Average Recall     (AR) @[ IoU=0.50:0.95 | area= small | maxDets=1000 ] = 0.001
 Average Recall     (AR) @[ IoU=0.50:0.95 | area=medium | maxDets=1000 ] = 0.082
 Average Recall     (AR) @[ IoU=0.50:0.95 | area= large | maxDets=1000 ] = 0.194

2023-10-21 23:25:46,838 - mmdet - INFO - Exp name: cascade_rcnn_hrfuser_t_1x_nus_r640_l_r_fusion.py
2023-10-21 23:25:46,838 - mmdet - INFO - Epoch(val) [5][122]	bbox_mAP: 0.0540, bbox_mAP_50: 0.1640, bbox_mAP_75: 0.0200, bbox_mAP_s: 0.0010, bbox_mAP_m: 0.0340, bbox_mAP_l: 0.0740, bbox_mAP_copypaste: 0.054 0.164 0.020 0.001 0.034 0.074
2023-10-21 23:26:37,927 - mmdet - INFO - Epoch [6][50/141]	lr: 3.000e-04, eta: 0:11:14, time: 1.021, data_time: 0.056, memory: 8939, loss_rpn_cls: 0.0755, loss_rpn_bbox: 0.0336, s0.loss_cls: 0.2590, s0.acc: 92.0365, s0.loss_bbox: 0.1851, s1.loss_cls: 0.1023, s1.acc: 93.6088, s1.loss_bbox: 0.1290, s2.loss_cls: 0.0390, s2.acc: 95.1923, s2.loss_bbox: 0.0468, loss: 0.8703
2023-10-21 23:27:25,151 - mmdet - INFO - Epoch [6][100/141]	lr: 3.000e-04, eta: 0:10:50, time: 0.944, data_time: 0.010, memory: 8939, loss_rpn_cls: 0.0745, loss_rpn_bbox: 0.0304, s0.loss_cls: 0.2547, s0.acc: 92.0146, s0.loss_bbox: 0.1864, s1.loss_cls: 0.1024, s1.acc: 93.5273, s1.loss_bbox: 0.1361, s2.loss_cls: 0.0385, s2.acc: 95.1406, s2.loss_bbox: 0.0508, loss: 0.8738
2023-10-21 23:28:04,581 - mmdet - INFO - Saving checkpoint at 6 epochs
2023-10-21 23:28:26,794 - mmdet - INFO - Evaluating bbox...
2023-10-21 23:28:29,522 - mmdet - INFO - 
 Average Precision  (AP) @[ IoU=0.50:0.95 | area=   all | maxDets=100 ] = 0.058
 Average Precision  (AP) @[ IoU=0.50      | area=   all | maxDets=1000 ] = 0.169
 Average Precision  (AP) @[ IoU=0.75      | area=   all | maxDets=1000 ] = 0.027
 Average Precision  (AP) @[ IoU=0.50:0.95 | area= small | maxDets=1000 ] = 0.002
 Average Precision  (AP) @[ IoU=0.50:0.95 | area=medium | maxDets=1000 ] = 0.029
 Average Precision  (AP) @[ IoU=0.50:0.95 | area= large | maxDets=1000 ] = 0.082
 Average Recall     (AR) @[ IoU=0.50:0.95 | area=   all | maxDets=100 ] = 0.148
 Average Recall     (AR) @[ IoU=0.50:0.95 | area=   all | maxDets=300 ] = 0.148
 Average Recall     (AR) @[ IoU=0.50:0.95 | area=   all | maxDets=1000 ] = 0.148
 Average Recall     (AR) @[ IoU=0.50:0.95 | area= small | maxDets=1000 ] = 0.004
 Average Recall     (AR) @[ IoU=0.50:0.95 | area=medium | maxDets=1000 ] = 0.060
 Average Recall     (AR) @[ IoU=0.50:0.95 | area= large | maxDets=1000 ] = 0.193

2023-10-21 23:28:29,549 - mmdet - INFO - Exp name: cascade_rcnn_hrfuser_t_1x_nus_r640_l_r_fusion.py
2023-10-21 23:28:29,549 - mmdet - INFO - Epoch(val) [6][122]	bbox_mAP: 0.0580, bbox_mAP_50: 0.1690, bbox_mAP_75: 0.0270, bbox_mAP_s: 0.0020, bbox_mAP_m: 0.0290, bbox_mAP_l: 0.0820, bbox_mAP_copypaste: 0.058 0.169 0.027 0.002 0.029 0.082
2023-10-21 23:29:19,944 - mmdet - INFO - Epoch [7][50/141]	lr: 3.000e-04, eta: 0:09:29, time: 1.007, data_time: 0.056, memory: 8939, loss_rpn_cls: 0.0705, loss_rpn_bbox: 0.0309, s0.loss_cls: 0.2497, s0.acc: 92.0732, s0.loss_bbox: 0.1859, s1.loss_cls: 0.0995, s1.acc: 93.5604, s1.loss_bbox: 0.1387, s2.loss_cls: 0.0389, s2.acc: 94.9570, s2.loss_bbox: 0.0555, loss: 0.8694
2023-10-21 23:30:07,010 - mmdet - INFO - Epoch [7][100/141]	lr: 3.000e-04, eta: 0:09:02, time: 0.941, data_time: 0.009, memory: 8939, loss_rpn_cls: 0.0688, loss_rpn_bbox: 0.0298, s0.loss_cls: 0.2339, s0.acc: 92.4316, s0.loss_bbox: 0.1783, s1.loss_cls: 0.0944, s1.acc: 93.8010, s1.loss_bbox: 0.1378, s2.loss_cls: 0.0380, s2.acc: 95.0348, s2.loss_bbox: 0.0592, loss: 0.8403
2023-10-21 23:30:46,405 - mmdet - INFO - Saving checkpoint at 7 epochs
2023-10-21 23:31:07,388 - mmdet - INFO - Evaluating bbox...
2023-10-21 23:31:10,145 - mmdet - INFO - 
 Average Precision  (AP) @[ IoU=0.50:0.95 | area=   all | maxDets=100 ] = 0.081
 Average Precision  (AP) @[ IoU=0.50      | area=   all | maxDets=1000 ] = 0.223
 Average Precision  (AP) @[ IoU=0.75      | area=   all | maxDets=1000 ] = 0.026
 Average Precision  (AP) @[ IoU=0.50:0.95 | area= small | maxDets=1000 ] = 0.001
 Average Precision  (AP) @[ IoU=0.50:0.95 | area=medium | maxDets=1000 ] = 0.045
 Average Precision  (AP) @[ IoU=0.50:0.95 | area= large | maxDets=1000 ] = 0.107
 Average Recall     (AR) @[ IoU=0.50:0.95 | area=   all | maxDets=100 ] = 0.172
 Average Recall     (AR) @[ IoU=0.50:0.95 | area=   all | maxDets=300 ] = 0.172
 Average Recall     (AR) @[ IoU=0.50:0.95 | area=   all | maxDets=1000 ] = 0.172
 Average Recall     (AR) @[ IoU=0.50:0.95 | area= small | maxDets=1000 ] = 0.002
 Average Recall     (AR) @[ IoU=0.50:0.95 | area=medium | maxDets=1000 ] = 0.086
 Average Recall     (AR) @[ IoU=0.50:0.95 | area= large | maxDets=1000 ] = 0.210

2023-10-21 23:31:10,171 - mmdet - INFO - Exp name: cascade_rcnn_hrfuser_t_1x_nus_r640_l_r_fusion.py
2023-10-21 23:31:10,171 - mmdet - INFO - Epoch(val) [7][122]	bbox_mAP: 0.0810, bbox_mAP_50: 0.2230, bbox_mAP_75: 0.0260, bbox_mAP_s: 0.0010, bbox_mAP_m: 0.0450, bbox_mAP_l: 0.1070, bbox_mAP_copypaste: 0.081 0.223 0.026 0.001 0.045 0.107
2023-10-21 23:32:00,258 - mmdet - INFO - Epoch [8][50/141]	lr: 3.000e-04, eta: 0:07:46, time: 1.001, data_time: 0.057, memory: 8939, loss_rpn_cls: 0.0639, loss_rpn_bbox: 0.0285, s0.loss_cls: 0.2277, s0.acc: 92.4749, s0.loss_bbox: 0.1791, s1.loss_cls: 0.0954, s1.acc: 93.5239, s1.loss_bbox: 0.1406, s2.loss_cls: 0.0383, s2.acc: 94.7616, s2.loss_bbox: 0.0587, loss: 0.8322
2023-10-21 23:32:48,045 - mmdet - INFO - Epoch [8][100/141]	lr: 3.000e-04, eta: 0:07:17, time: 0.956, data_time: 0.009, memory: 8939, loss_rpn_cls: 0.0647, loss_rpn_bbox: 0.0291, s0.loss_cls: 0.2285, s0.acc: 92.6042, s0.loss_bbox: 0.1765, s1.loss_cls: 0.0943, s1.acc: 93.6776, s1.loss_bbox: 0.1399, s2.loss_cls: 0.0384, s2.acc: 94.8058, s2.loss_bbox: 0.0619, loss: 0.8332
2023-10-21 23:33:26,852 - mmdet - INFO - Saving checkpoint at 8 epochs
2023-10-21 23:33:48,091 - mmdet - INFO - Evaluating bbox...
2023-10-21 23:33:50,983 - mmdet - INFO - 
 Average Precision  (AP) @[ IoU=0.50:0.95 | area=   all | maxDets=100 ] = 0.086
 Average Precision  (AP) @[ IoU=0.50      | area=   all | maxDets=1000 ] = 0.224
 Average Precision  (AP) @[ IoU=0.75      | area=   all | maxDets=1000 ] = 0.046
 Average Precision  (AP) @[ IoU=0.50:0.95 | area= small | maxDets=1000 ] = 0.001
 Average Precision  (AP) @[ IoU=0.50:0.95 | area=medium | maxDets=1000 ] = 0.045
 Average Precision  (AP) @[ IoU=0.50:0.95 | area= large | maxDets=1000 ] = 0.118
 Average Recall     (AR) @[ IoU=0.50:0.95 | area=   all | maxDets=100 ] = 0.214
 Average Recall     (AR) @[ IoU=0.50:0.95 | area=   all | maxDets=300 ] = 0.214
 Average Recall     (AR) @[ IoU=0.50:0.95 | area=   all | maxDets=1000 ] = 0.214
 Average Recall     (AR) @[ IoU=0.50:0.95 | area= small | maxDets=1000 ] = 0.002
 Average Recall     (AR) @[ IoU=0.50:0.95 | area=medium | maxDets=1000 ] = 0.097
 Average Recall     (AR) @[ IoU=0.50:0.95 | area= large | maxDets=1000 ] = 0.262

2023-10-21 23:33:51,013 - mmdet - INFO - Exp name: cascade_rcnn_hrfuser_t_1x_nus_r640_l_r_fusion.py
2023-10-21 23:33:51,014 - mmdet - INFO - Epoch(val) [8][122]	bbox_mAP: 0.0860, bbox_mAP_50: 0.2240, bbox_mAP_75: 0.0460, bbox_mAP_s: 0.0010, bbox_mAP_m: 0.0450, bbox_mAP_l: 0.1180, bbox_mAP_copypaste: 0.086 0.224 0.046 0.001 0.045 0.118
2023-10-21 23:34:40,260 - mmdet - INFO - Epoch [9][50/141]	lr: 3.000e-05, eta: 0:06:04, time: 0.984, data_time: 0.056, memory: 8939, loss_rpn_cls: 0.0545, loss_rpn_bbox: 0.0256, s0.loss_cls: 0.2077, s0.acc: 93.2275, s0.loss_bbox: 0.1611, s1.loss_cls: 0.0868, s1.acc: 94.0600, s1.loss_bbox: 0.1342, s2.loss_cls: 0.0369, s2.acc: 94.8634, s2.loss_bbox: 0.0616, loss: 0.7687
2023-10-21 23:35:28,176 - mmdet - INFO - Epoch [9][100/141]	lr: 3.000e-05, eta: 0:05:33, time: 0.959, data_time: 0.010, memory: 8939, loss_rpn_cls: 0.0498, loss_rpn_bbox: 0.0239, s0.loss_cls: 0.1935, s0.acc: 93.4665, s0.loss_bbox: 0.1583, s1.loss_cls: 0.0791, s1.acc: 94.5078, s1.loss_bbox: 0.1314, s2.loss_cls: 0.0333, s2.acc: 95.3108, s2.loss_bbox: 0.0606, loss: 0.7299
2023-10-21 23:36:06,108 - mmdet - INFO - Saving checkpoint at 9 epochs
2023-10-21 23:36:27,663 - mmdet - INFO - Evaluating bbox...
2023-10-21 23:36:30,074 - mmdet - INFO - 
 Average Precision  (AP) @[ IoU=0.50:0.95 | area=   all | maxDets=100 ] = 0.100
 Average Precision  (AP) @[ IoU=0.50      | area=   all | maxDets=1000 ] = 0.241
 Average Precision  (AP) @[ IoU=0.75      | area=   all | maxDets=1000 ] = 0.057
 Average Precision  (AP) @[ IoU=0.50:0.95 | area= small | maxDets=1000 ] = 0.002
 Average Precision  (AP) @[ IoU=0.50:0.95 | area=medium | maxDets=1000 ] = 0.055
 Average Precision  (AP) @[ IoU=0.50:0.95 | area= large | maxDets=1000 ] = 0.140
 Average Recall     (AR) @[ IoU=0.50:0.95 | area=   all | maxDets=100 ] = 0.216
 Average Recall     (AR) @[ IoU=0.50:0.95 | area=   all | maxDets=300 ] = 0.216
 Average Recall     (AR) @[ IoU=0.50:0.95 | area=   all | maxDets=1000 ] = 0.216
 Average Recall     (AR) @[ IoU=0.50:0.95 | area= small | maxDets=1000 ] = 0.002
 Average Recall     (AR) @[ IoU=0.50:0.95 | area=medium | maxDets=1000 ] = 0.100
 Average Recall     (AR) @[ IoU=0.50:0.95 | area= large | maxDets=1000 ] = 0.268

2023-10-21 23:36:30,113 - mmdet - INFO - Exp name: cascade_rcnn_hrfuser_t_1x_nus_r640_l_r_fusion.py
2023-10-21 23:36:30,113 - mmdet - INFO - Epoch(val) [9][122]	bbox_mAP: 0.1000, bbox_mAP_50: 0.2410, bbox_mAP_75: 0.0570, bbox_mAP_s: 0.0020, bbox_mAP_m: 0.0550, bbox_mAP_l: 0.1400, bbox_mAP_copypaste: 0.100 0.241 0.057 0.002 0.055 0.140
2023-10-21 23:37:19,959 - mmdet - INFO - Epoch [10][50/141]	lr: 3.000e-05, eta: 0:04:23, time: 0.996, data_time: 0.056, memory: 8939, loss_rpn_cls: 0.0501, loss_rpn_bbox: 0.0237, s0.loss_cls: 0.1907, s0.acc: 93.5566, s0.loss_bbox: 0.1559, s1.loss_cls: 0.0772, s1.acc: 94.6436, s1.loss_bbox: 0.1314, s2.loss_cls: 0.0333, s2.acc: 95.2208, s2.loss_bbox: 0.0621, loss: 0.7243
2023-10-21 23:38:07,256 - mmdet - INFO - Epoch [10][100/141]	lr: 3.000e-05, eta: 0:03:51, time: 0.946, data_time: 0.010, memory: 8939, loss_rpn_cls: 0.0490, loss_rpn_bbox: 0.0232, s0.loss_cls: 0.1932, s0.acc: 93.4375, s0.loss_bbox: 0.1590, s1.loss_cls: 0.0788, s1.acc: 94.5664, s1.loss_bbox: 0.1322, s2.loss_cls: 0.0337, s2.acc: 95.1959, s2.loss_bbox: 0.0623, loss: 0.7314
2023-10-21 23:38:45,768 - mmdet - INFO - Saving checkpoint at 10 epochs
2023-10-21 23:39:07,672 - mmdet - INFO - Evaluating bbox...
2023-10-21 23:39:10,185 - mmdet - INFO - 
 Average Precision  (AP) @[ IoU=0.50:0.95 | area=   all | maxDets=100 ] = 0.106
 Average Precision  (AP) @[ IoU=0.50      | area=   all | maxDets=1000 ] = 0.249
 Average Precision  (AP) @[ IoU=0.75      | area=   all | maxDets=1000 ] = 0.068
 Average Precision  (AP) @[ IoU=0.50:0.95 | area= small | maxDets=1000 ] = 0.002
 Average Precision  (AP) @[ IoU=0.50:0.95 | area=medium | maxDets=1000 ] = 0.054
 Average Precision  (AP) @[ IoU=0.50:0.95 | area= large | maxDets=1000 ] = 0.152
 Average Recall     (AR) @[ IoU=0.50:0.95 | area=   all | maxDets=100 ] = 0.226
 Average Recall     (AR) @[ IoU=0.50:0.95 | area=   all | maxDets=300 ] = 0.226
 Average Recall     (AR) @[ IoU=0.50:0.95 | area=   all | maxDets=1000 ] = 0.226
 Average Recall     (AR) @[ IoU=0.50:0.95 | area= small | maxDets=1000 ] = 0.002
 Average Recall     (AR) @[ IoU=0.50:0.95 | area=medium | maxDets=1000 ] = 0.105
 Average Recall     (AR) @[ IoU=0.50:0.95 | area= large | maxDets=1000 ] = 0.279

2023-10-21 23:39:10,215 - mmdet - INFO - Exp name: cascade_rcnn_hrfuser_t_1x_nus_r640_l_r_fusion.py
2023-10-21 23:39:10,215 - mmdet - INFO - Epoch(val) [10][122]	bbox_mAP: 0.1060, bbox_mAP_50: 0.2490, bbox_mAP_75: 0.0680, bbox_mAP_s: 0.0020, bbox_mAP_m: 0.0540, bbox_mAP_l: 0.1520, bbox_mAP_copypaste: 0.106 0.249 0.068 0.002 0.054 0.152
2023-10-21 23:40:00,949 - mmdet - INFO - Epoch [11][50/141]	lr: 3.000e-05, eta: 0:02:43, time: 1.014, data_time: 0.057, memory: 8939, loss_rpn_cls: 0.0498, loss_rpn_bbox: 0.0236, s0.loss_cls: 0.1896, s0.acc: 93.5599, s0.loss_bbox: 0.1562, s1.loss_cls: 0.0763, s1.acc: 94.7212, s1.loss_bbox: 0.1272, s2.loss_cls: 0.0324, s2.acc: 95.4531, s2.loss_bbox: 0.0596, loss: 0.7148
2023-10-21 23:40:48,370 - mmdet - INFO - Epoch [11][100/141]	lr: 3.000e-05, eta: 0:02:09, time: 0.948, data_time: 0.010, memory: 8939, loss_rpn_cls: 0.0454, loss_rpn_bbox: 0.0213, s0.loss_cls: 0.1820, s0.acc: 93.6497, s0.loss_bbox: 0.1564, s1.loss_cls: 0.0743, s1.acc: 94.7094, s1.loss_bbox: 0.1336, s2.loss_cls: 0.0325, s2.acc: 95.2306, s2.loss_bbox: 0.0643, loss: 0.7098
2023-10-21 23:41:27,936 - mmdet - INFO - Saving checkpoint at 11 epochs
2023-10-21 23:41:49,616 - mmdet - INFO - Evaluating bbox...
2023-10-21 23:41:52,066 - mmdet - INFO - 
 Average Precision  (AP) @[ IoU=0.50:0.95 | area=   all | maxDets=100 ] = 0.107
 Average Precision  (AP) @[ IoU=0.50      | area=   all | maxDets=1000 ] = 0.251
 Average Precision  (AP) @[ IoU=0.75      | area=   all | maxDets=1000 ] = 0.066
 Average Precision  (AP) @[ IoU=0.50:0.95 | area= small | maxDets=1000 ] = 0.002
 Average Precision  (AP) @[ IoU=0.50:0.95 | area=medium | maxDets=1000 ] = 0.052
 Average Precision  (AP) @[ IoU=0.50:0.95 | area= large | maxDets=1000 ] = 0.160
 Average Recall     (AR) @[ IoU=0.50:0.95 | area=   all | maxDets=100 ] = 0.214
 Average Recall     (AR) @[ IoU=0.50:0.95 | area=   all | maxDets=300 ] = 0.214
 Average Recall     (AR) @[ IoU=0.50:0.95 | area=   all | maxDets=1000 ] = 0.214
 Average Recall     (AR) @[ IoU=0.50:0.95 | area= small | maxDets=1000 ] = 0.002
 Average Recall     (AR) @[ IoU=0.50:0.95 | area=medium | maxDets=1000 ] = 0.097
 Average Recall     (AR) @[ IoU=0.50:0.95 | area= large | maxDets=1000 ] = 0.266

2023-10-21 23:41:52,103 - mmdet - INFO - Exp name: cascade_rcnn_hrfuser_t_1x_nus_r640_l_r_fusion.py
2023-10-21 23:41:52,103 - mmdet - INFO - Epoch(val) [11][122]	bbox_mAP: 0.1070, bbox_mAP_50: 0.2510, bbox_mAP_75: 0.0660, bbox_mAP_s: 0.0020, bbox_mAP_m: 0.0520, bbox_mAP_l: 0.1600, bbox_mAP_copypaste: 0.107 0.251 0.066 0.002 0.052 0.160
2023-10-21 23:42:42,681 - mmdet - INFO - Epoch [12][50/141]	lr: 3.000e-06, eta: 0:01:04, time: 1.011, data_time: 0.057, memory: 8939, loss_rpn_cls: 0.0470, loss_rpn_bbox: 0.0215, s0.loss_cls: 0.1761, s0.acc: 93.9463, s0.loss_bbox: 0.1449, s1.loss_cls: 0.0717, s1.acc: 94.9582, s1.loss_bbox: 0.1212, s2.loss_cls: 0.0305, s2.acc: 95.6830, s2.loss_bbox: 0.0600, loss: 0.6727
2023-10-21 23:43:30,907 - mmdet - INFO - Epoch [12][100/141]	lr: 3.000e-06, eta: 0:00:29, time: 0.964, data_time: 0.010, memory: 8939, loss_rpn_cls: 0.0442, loss_rpn_bbox: 0.0208, s0.loss_cls: 0.1758, s0.acc: 93.8538, s0.loss_bbox: 0.1527, s1.loss_cls: 0.0727, s1.acc: 94.7748, s1.loss_bbox: 0.1304, s2.loss_cls: 0.0313, s2.acc: 95.4042, s2.loss_bbox: 0.0630, loss: 0.6910
2023-10-21 23:44:09,785 - mmdet - INFO - Saving checkpoint at 12 epochs
2023-10-21 23:44:31,260 - mmdet - INFO - Evaluating bbox...
2023-10-21 23:44:33,317 - mmdet - INFO - 
 Average Precision  (AP) @[ IoU=0.50:0.95 | area=   all | maxDets=100 ] = 0.116
 Average Precision  (AP) @[ IoU=0.50      | area=   all | maxDets=1000 ] = 0.262
 Average Precision  (AP) @[ IoU=0.75      | area=   all | maxDets=1000 ] = 0.074
 Average Precision  (AP) @[ IoU=0.50:0.95 | area= small | maxDets=1000 ] = 0.002
 Average Precision  (AP) @[ IoU=0.50:0.95 | area=medium | maxDets=1000 ] = 0.058
 Average Precision  (AP) @[ IoU=0.50:0.95 | area= large | maxDets=1000 ] = 0.166
 Average Recall     (AR) @[ IoU=0.50:0.95 | area=   all | maxDets=100 ] = 0.227
 Average Recall     (AR) @[ IoU=0.50:0.95 | area=   all | maxDets=300 ] = 0.227
 Average Recall     (AR) @[ IoU=0.50:0.95 | area=   all | maxDets=1000 ] = 0.227
 Average Recall     (AR) @[ IoU=0.50:0.95 | area= small | maxDets=1000 ] = 0.002
 Average Recall     (AR) @[ IoU=0.50:0.95 | area=medium | maxDets=1000 ] = 0.107
 Average Recall     (AR) @[ IoU=0.50:0.95 | area= large | maxDets=1000 ] = 0.281

2023-10-21 23:44:33,341 - mmdet - INFO - Exp name: cascade_rcnn_hrfuser_t_1x_nus_r640_l_r_fusion.py
2023-10-21 23:44:33,341 - mmdet - INFO - Epoch(val) [12][122]	bbox_mAP: 0.1160, bbox_mAP_50: 0.2620, bbox_mAP_75: 0.0740, bbox_mAP_s: 0.0020, bbox_mAP_m: 0.0580, bbox_mAP_l: 0.1660, bbox_mAP_copypaste: 0.116 0.262 0.074 0.002 0.058 0.166
